#
# There is insufficient memory for the Java Runtime Environment to continue.
# Native memory allocation (malloc) failed to allocate 52896 bytes for Chunk::new
# Possible reasons:
#   The system is out of physical RAM or swap space
#   The process is running with CompressedOops enabled, and the Java Heap may be blocking the growth of the native heap
# Possible solutions:
#   Reduce memory load on the system
#   Increase physical memory or swap space
#   Check if swap backing store is full
#   Decrease Java heap size (-Xmx/-Xms)
#   Decrease number of Java threads
#   Decrease Java thread stack sizes (-Xss)
#   Set larger code cache with -XX:ReservedCodeCacheSize=
#   JVM is running with Unscaled Compressed Oops mode in which the Java heap is
#     placed in the first 4GB address space. The Java Heap base address is the
#     maximum limit for the native heap growth. Please use -XX:HeapBaseMinAddress
#     to set the Java Heap base and to place the Java Heap above 4GB virtual address.
# This output file may be truncated or incomplete.
#
#  Out of Memory Error (./open/src/hotspot/share/memory/arena.cpp:195), pid=6324, tid=5556
#
# JRE version: Java(TM) SE Runtime Environment (15.0.2+7) (build 15.0.2+7-27)
# Java VM: Java HotSpot(TM) 64-Bit Server VM (15.0.2+7-27, mixed mode, sharing, tiered, compressed oops, g1 gc, windows-amd64)
# No core dump will be written. Minidumps are not enabled by default on client versions of Windows
#

---------------  S U M M A R Y ------------

Command Line: --add-opens=java.base/java.util=ALL-UNNAMED --add-opens=java.base/java.lang=ALL-UNNAMED --add-opens=java.base/java.lang.invoke=ALL-UNNAMED --add-opens=java.prefs/java.util.prefs=ALL-UNNAMED -XX:MaxMetaspaceSize=256m -XX:+HeapDumpOnOutOfMemoryError -Xms256m -Xmx512m -Dfile.encoding=windows-1252 -Duser.country=US -Duser.language=en -Duser.variant org.gradle.launcher.daemon.bootstrap.GradleDaemon 6.8

Host: Intel(R) Xeon(R) Platinum 8171M CPU @ 2.60GHz, 2 cores, 7G,  Windows 10 , 64 bit Build 19041 (10.0.19041.804)
Time: Mon May 31 13:35:18 2021 Coordinated Universal Time elapsed time: 13.941273 seconds (0d 0h 0m 13s)

---------------  T H R E A D  ---------------

Current thread (0x0000021d8f189790):  JavaThread "C2 CompilerThread0" daemon [_thread_in_native, id=5556, stack(0x000000f30f400000,0x000000f30f500000)]


Current CompileTask:
C2:  13941 5734       4       java.util.WeakHashMap$HashIterator::hasNext (95 bytes)

Stack: [0x000000f30f400000,0x000000f30f500000]
Native frames: (J=compiled Java code, j=interpreted, Vv=VM code, C=native code)
V  [jvm.dll+0x62ae9a]
V  [jvm.dll+0x7817a9]
V  [jvm.dll+0x782f03]
V  [jvm.dll+0x783563]
V  [jvm.dll+0x216325]
V  [jvm.dll+0x97f3a]
V  [jvm.dll+0x9861c]
V  [jvm.dll+0x279f9f]
V  [jvm.dll+0x540794]
V  [jvm.dll+0x1f2cd4]
V  [jvm.dll+0x1ec348]
V  [jvm.dll+0x1e9867]
V  [jvm.dll+0x178567]
V  [jvm.dll+0x1f9225]
V  [jvm.dll+0x1f72cc]
V  [jvm.dll+0x74495d]
V  [jvm.dll+0x73d75a]
V  [jvm.dll+0x629c56]
C  [ucrtbase.dll+0x21bb2]
C  [KERNEL32.DLL+0x17034]
C  [ntdll.dll+0x52651]


---------------  P R O C E S S  ---------------

Threads class SMR info:
_java_thread_list=0x0000021d93e79b00, length=62, elements={
0x0000021df2b9ff50, 0x0000021d8f166480, 0x0000021d8f16f750, 0x0000021d8f184650,
0x0000021d8f188030, 0x0000021d8f1889f0, 0x0000021d8f189790, 0x0000021d8f1d7440,
0x0000021d8fa10060, 0x0000021d8fab6810, 0x0000021d8facb6a0, 0x0000021d90d5b060,
0x0000021d909d4900, 0x0000021d91239050, 0x0000021d9050c430, 0x0000021d9050c900,
0x0000021d90e70940, 0x0000021d911ad030, 0x0000021d911ad500, 0x0000021d915a2030,
0x0000021d9160a830, 0x0000021d91609020, 0x0000021d91609e90, 0x0000021d9160ad00,
0x0000021d916094f0, 0x0000021d91607ce0, 0x0000021d916099c0, 0x0000021d9160b6a0,
0x0000021d916081b0, 0x0000021d9160b1d0, 0x0000021d91608680, 0x0000021d923eea20,
0x0000021d923eb060, 0x0000021d923eb530, 0x0000021d923ebed0, 0x0000021d923ee080,
0x0000021d923ed6e0, 0x0000021d923eba00, 0x0000021d923eeef0, 0x0000021d923f10a0,
0x0000021d923f1f10, 0x0000021d923edbb0, 0x0000021d923f1570, 0x0000021d923ec3a0,
0x0000021d923f0230, 0x0000021d923ef3c0, 0x0000021d923ef890, 0x0000021d923f1a40,
0x0000021d923ec870, 0x0000021d923ed210, 0x0000021d923efd60, 0x0000021d923f0700,
0x0000021d923ecd40, 0x0000021d923f0bd0, 0x0000021d923f23e0, 0x0000021d905db070,
0x0000021d905dcd50, 0x0000021d905e10b0, 0x0000021d905def00, 0x0000021d905d9d30,
0x0000021d905de090, 0x0000021d905e0be0
}

Java Threads: ( => current thread )
  0x0000021df2b9ff50 JavaThread "main" [_thread_blocked, id=2792, stack(0x000000f30e800000,0x000000f30e900000)]
  0x0000021d8f166480 JavaThread "Reference Handler" daemon [_thread_blocked, id=5952, stack(0x000000f30ef00000,0x000000f30f000000)]
  0x0000021d8f16f750 JavaThread "Finalizer" daemon [_thread_blocked, id=9524, stack(0x000000f30f000000,0x000000f30f100000)]
  0x0000021d8f184650 JavaThread "Signal Dispatcher" daemon [_thread_blocked, id=10960, stack(0x000000f30f100000,0x000000f30f200000)]
  0x0000021d8f188030 JavaThread "Attach Listener" daemon [_thread_blocked, id=6664, stack(0x000000f30f200000,0x000000f30f300000)]
  0x0000021d8f1889f0 JavaThread "Service Thread" daemon [_thread_blocked, id=9296, stack(0x000000f30f300000,0x000000f30f400000)]
=>0x0000021d8f189790 JavaThread "C2 CompilerThread0" daemon [_thread_in_native, id=5556, stack(0x000000f30f400000,0x000000f30f500000)]
  0x0000021d8f1d7440 JavaThread "C1 CompilerThread0" daemon [_thread_blocked, id=10504, stack(0x000000f30f500000,0x000000f30f600000)]
  0x0000021d8fa10060 JavaThread "Sweeper thread" daemon [_thread_blocked, id=620, stack(0x000000f30f600000,0x000000f30f700000)]
  0x0000021d8fab6810 JavaThread "Common-Cleaner" daemon [_thread_blocked, id=3212, stack(0x000000f30f700000,0x000000f30f800000)]
  0x0000021d8facb6a0 JavaThread "Notification Thread" daemon [_thread_blocked, id=9064, stack(0x000000f30f800000,0x000000f30f900000)]
  0x0000021d90d5b060 JavaThread "Daemon health stats" [_thread_blocked, id=112, stack(0x000000f30fc00000,0x000000f30fd00000)]
  0x0000021d909d4900 JavaThread "Incoming local TCP Connector on port 62263" [_thread_in_native, id=9100, stack(0x000000f30ff00000,0x000000f310000000)]
  0x0000021d91239050 JavaThread "Daemon periodic checks" [_thread_blocked, id=6824, stack(0x000000f310000000,0x000000f310100000)]
  0x0000021d9050c430 JavaThread "Daemon" [_thread_blocked, id=10024, stack(0x000000f310100000,0x000000f310200000)]
  0x0000021d9050c900 JavaThread "Handler for socket connection from /127.0.0.1:62263 to /127.0.0.1:62264" [_thread_in_native, id=9992, stack(0x000000f310200000,0x000000f310300000)]
  0x0000021d90e70940 JavaThread "Cancel handler" [_thread_blocked, id=5196, stack(0x000000f310300000,0x000000f310400000)]
  0x0000021d911ad030 JavaThread "Daemon worker" [_thread_blocked, id=6812, stack(0x000000f310400000,0x000000f310500000)]
  0x0000021d911ad500 JavaThread "Asynchronous log dispatcher for DefaultDaemonConnection: socket connection from /127.0.0.1:62263 to /127.0.0.1:62264" [_thread_blocked, id=1396, stack(0x000000f310500000,0x000000f310600000)]
  0x0000021d915a2030 JavaThread "Stdin handler" [_thread_blocked, id=11216, stack(0x000000f310600000,0x000000f310700000)]
  0x0000021d9160a830 JavaThread "Daemon client event forwarder" [_thread_blocked, id=2212, stack(0x000000f310700000,0x000000f310800000)]
  0x0000021d91609020 JavaThread "Cache worker for file hash cache (C:\Users\mystic\.gradle\caches\6.8\fileHashes)" [_thread_blocked, id=7840, stack(0x000000f310800000,0x000000f310900000)]
  0x0000021d91609e90 JavaThread "File lock request listener" [_thread_in_native, id=6336, stack(0x000000f310900000,0x000000f310a00000)]
  0x0000021d9160ad00 JavaThread "Cache worker for journal cache (C:\Users\mystic\.gradle\caches\journal-1)" [_thread_blocked, id=4152, stack(0x000000f310a00000,0x000000f310b00000)]
  0x0000021d916094f0 JavaThread "Cache worker for file hash cache (C:\Users\mystic\IdeaProjects\secondtrydrum\.gradle\6.8\fileHashes)" [_thread_blocked, id=9092, stack(0x000000f310b00000,0x000000f310c00000)]
  0x0000021d91607ce0 JavaThread "Cache worker for checksums cache (C:\Users\mystic\IdeaProjects\secondtrydrum\.gradle\checksums)" [_thread_blocked, id=6392, stack(0x000000f310c00000,0x000000f310d00000)]
  0x0000021d916099c0 JavaThread "Cache worker for cache directory md-supplier (C:\Users\mystic\.gradle\caches\6.8\md-supplier)" [_thread_blocked, id=7864, stack(0x000000f310d00000,0x000000f310e00000)]
  0x0000021d9160b6a0 JavaThread "Cache worker for cache directory md-rule (C:\Users\mystic\.gradle\caches\6.8\md-rule)" [_thread_blocked, id=9744, stack(0x000000f310e00000,0x000000f310f00000)]
  0x0000021d916081b0 JavaThread "Cache worker for execution history cache (C:\Users\mystic\.gradle\caches\6.8\executionHistory)" [_thread_blocked, id=6976, stack(0x000000f310f00000,0x000000f311000000)]
  0x0000021d9160b1d0 JavaThread "jar transforms" [_thread_blocked, id=2164, stack(0x000000f311000000,0x000000f311100000)]
  0x0000021d91608680 JavaThread "Cache worker for file content cache (C:\Users\mystic\.gradle\caches\6.8\fileContent)" [_thread_blocked, id=2264, stack(0x000000f311100000,0x000000f311200000)]
  0x0000021d923eea20 JavaThread "Cache worker for Build Output Cleanup Cache (C:\Users\mystic\IdeaProjects\secondtrydrum\.gradle\buildOutputCleanup)" [_thread_blocked, id=5720, stack(0x000000f311200000,0x000000f311300000)]
  0x0000021d923eb060 JavaThread "Build operations" [_thread_blocked, id=7072, stack(0x000000f311300000,0x000000f311400000)]
  0x0000021d923eb530 JavaThread "Build operations Thread 2" [_thread_blocked, id=9300, stack(0x000000f311400000,0x000000f311500000)]
  0x0000021d923ebed0 JavaThread "jar transforms Thread 2" [_thread_blocked, id=6968, stack(0x000000f311500000,0x000000f311600000)]
  0x0000021d923ee080 JavaThread "jar transforms Thread 3" [_thread_blocked, id=10220, stack(0x000000f311600000,0x000000f311700000)]
  0x0000021d923ed6e0 JavaThread "jar transforms Thread 4" [_thread_blocked, id=6496, stack(0x000000f311700000,0x000000f311800000)]
  0x0000021d923eba00 JavaThread "jar transforms Thread 5" [_thread_blocked, id=3020, stack(0x000000f311800000,0x000000f311900000)]
  0x0000021d923eeef0 JavaThread "jar transforms Thread 6" [_thread_blocked, id=9036, stack(0x000000f311900000,0x000000f311a00000)]
  0x0000021d923f10a0 JavaThread "jar transforms Thread 7" [_thread_blocked, id=7544, stack(0x000000f311a00000,0x000000f311b00000)]
  0x0000021d923f1f10 JavaThread "jar transforms Thread 8" [_thread_blocked, id=3228, stack(0x000000f311b00000,0x000000f311c00000)]
  0x0000021d923edbb0 JavaThread "jar transforms Thread 9" [_thread_blocked, id=5396, stack(0x000000f311c00000,0x000000f311d00000)]
  0x0000021d923f1570 JavaThread "jar transforms Thread 10" [_thread_blocked, id=10644, stack(0x000000f311d00000,0x000000f311e00000)]
  0x0000021d923ec3a0 JavaThread "jar transforms Thread 11" [_thread_blocked, id=1956, stack(0x000000f311e00000,0x000000f311f00000)]
  0x0000021d923f0230 JavaThread "jar transforms Thread 12" [_thread_blocked, id=8524, stack(0x000000f311f00000,0x000000f312000000)]
  0x0000021d923ef3c0 JavaThread "jar transforms Thread 13" [_thread_blocked, id=5008, stack(0x000000f312000000,0x000000f312100000)]
  0x0000021d923ef890 JavaThread "jar transforms Thread 14" [_thread_blocked, id=5948, stack(0x000000f312100000,0x000000f312200000)]
  0x0000021d923f1a40 JavaThread "jar transforms Thread 15" [_thread_blocked, id=7152, stack(0x000000f312200000,0x000000f312300000)]
  0x0000021d923ec870 JavaThread "jar transforms Thread 16" [_thread_blocked, id=4040, stack(0x000000f312300000,0x000000f312400000)]
  0x0000021d923ed210 JavaThread "jar transforms Thread 17" [_thread_blocked, id=11104, stack(0x000000f312400000,0x000000f312500000)]
  0x0000021d923efd60 JavaThread "jar transforms Thread 18" [_thread_blocked, id=920, stack(0x000000f312500000,0x000000f312600000)]
  0x0000021d923f0700 JavaThread "jar transforms Thread 19" [_thread_blocked, id=2380, stack(0x000000f312600000,0x000000f312700000)]
  0x0000021d923ecd40 JavaThread "jar transforms Thread 20" [_thread_blocked, id=9088, stack(0x000000f312700000,0x000000f312800000)]
  0x0000021d923f0bd0 JavaThread "jar transforms Thread 21" [_thread_blocked, id=7208, stack(0x000000f312800000,0x000000f312900000)]
  0x0000021d923f23e0 JavaThread "jar transforms Thread 22" [_thread_blocked, id=6660, stack(0x000000f312900000,0x000000f312a00000)]
  0x0000021d905db070 JavaThread "jar transforms Thread 23" [_thread_blocked, id=6900, stack(0x000000f312a00000,0x000000f312b00000)]
  0x0000021d905dcd50 JavaThread "jar transforms Thread 24" [_thread_blocked, id=9940, stack(0x000000f312b00000,0x000000f312c00000)]
  0x0000021d905e10b0 JavaThread "jar transforms Thread 25" [_thread_blocked, id=7476, stack(0x000000f312c00000,0x000000f312d00000)]
  0x0000021d905def00 JavaThread "jar transforms Thread 26" [_thread_blocked, id=5620, stack(0x000000f312d00000,0x000000f312e00000)]
  0x0000021d905d9d30 JavaThread "Memory manager" [_thread_blocked, id=10608, stack(0x000000f312e00000,0x000000f312f00000)]
  0x0000021d905de090 JavaThread "Execution worker for ':'" [_thread_in_native, id=8276, stack(0x000000f312f00000,0x000000f313000000)]
  0x0000021d905e0be0 JavaThread "Cache worker for execution history cache (C:\Users\mystic\IdeaProjects\secondtrydrum\.gradle\6.8\executionHistory)" [_thread_blocked, id=5776, stack(0x000000f313000000,0x000000f313100000)]

Other Threads:
  0x0000021d8f165560 VMThread "VM Thread" [stack: 0x000000f30ee00000,0x000000f30ef00000] [id=7004]
  0x0000021d8facdb80 WatcherThread [stack: 0x000000f30f900000,0x000000f30fa00000] [id=10360]
  0x0000021df2bc5900 GCTaskThread "GC Thread#0" [stack: 0x000000f30e900000,0x000000f30ea00000] [id=3768]
  0x0000021d8fea4280 GCTaskThread "GC Thread#1" [stack: 0x000000f30fa00000,0x000000f30fb00000] [id=2548]
  0x0000021df2bcda10 ConcurrentGCThread "G1 Main Marker" [stack: 0x000000f30ea00000,0x000000f30eb00000] [id=7180]
  0x0000021df2bcf520 ConcurrentGCThread "G1 Conc#0" [stack: 0x000000f30eb00000,0x000000f30ec00000] [id=10232]
  0x0000021df2c7cc60 ConcurrentGCThread "G1 Refine#0" [stack: 0x000000f30ec00000,0x000000f30ed00000] [id=4100]
  0x0000021d8fba6210 ConcurrentGCThread "G1 Refine#1" [stack: 0x000000f30fb00000,0x000000f30fc00000] [id=2608]
  0x0000021df2c7e620 ConcurrentGCThread "G1 Young RemSet Sampling" [stack: 0x000000f30ed00000,0x000000f30ee00000] [id=5708]

Threads with active compile tasks:
C2 CompilerThread0    13974 5734       4       java.util.WeakHashMap$HashIterator::hasNext (95 bytes)

VM state: not at safepoint (normal execution)

VM Mutex/Monitor currently owned by a thread: None

OutOfMemory and StackOverflow Exception counts:
OutOfMemoryError java_heap_errors=1
LinkageErrors=100

Heap address: 0x00000000e0000000, size: 512 MB, Compressed Oops mode: 32-bit
CDS archive(s) mapped at: [0x0000000800000000-0x0000000800b50000-0x0000000800b50000), size 11862016, SharedBaseAddress: 0x0000000800000000, ArchiveRelocationMode: 0.
Compressed class space mapped at: 0x0000000800b50000-0x0000000810350000, size: 260046848
Narrow klass base: 0x0000000800000000, Narrow klass shift: 3, Narrow klass range: 0x100000000

GC Precious Log:
 CPUs: 2 total, 2 available
 Memory: 8191M
 Large Page Support: Disabled
 NUMA Support: Disabled
 Compressed Oops: Enabled (32-bit)
 Heap Region Size: 1M
 Heap Min Capacity: 256M
 Heap Initial Capacity: 256M
 Heap Max Capacity: 512M
 Pre-touch: Disabled
 Parallel Workers: 2
 Concurrent Workers: 1
 Concurrent Refinement Workers: 2
 Periodic GC: Disabled

Heap:
 garbage-first heap   total 262144K, used 91648K [0x00000000e0000000, 0x0000000100000000)
  region size 1024K, 15 young (15360K), 8 survivors (8192K)
 Metaspace       used 51911K, capacity 52619K, committed 52944K, reserved 301056K
  class space    used 6894K, capacity 7171K, committed 7296K, reserved 253952K

Heap Regions: E=young(eden), S=young(survivor), O=old, HS=humongous(starts), HC=humongous(continues), CS=collection set, F=free, OA=open archive, CA=closed archive, TAMS=top-at-mark-start (previous, next)
|   0|0x00000000e0000000, 0x00000000e0100000, 0x00000000e0100000|100%| O|  |TAMS 0x00000000e0100000, 0x00000000e0000000| Untracked 
|   1|0x00000000e0100000, 0x00000000e0200000, 0x00000000e0200000|100%| O|  |TAMS 0x00000000e0200000, 0x00000000e0100000| Untracked 
|   2|0x00000000e0200000, 0x00000000e0300000, 0x00000000e0300000|100%| O|  |TAMS 0x00000000e0261400, 0x00000000e0200000| Untracked 
|   3|0x00000000e0300000, 0x00000000e0400000, 0x00000000e0400000|100%|HS|  |TAMS 0x00000000e0400000, 0x00000000e0300000| Complete 
|   4|0x00000000e0400000, 0x00000000e0500000, 0x00000000e0500000|100%|HC|  |TAMS 0x00000000e0500000, 0x00000000e0400000| Complete 
|   5|0x00000000e0500000, 0x00000000e0600000, 0x00000000e0600000|100%|HC|  |TAMS 0x00000000e0600000, 0x00000000e0500000| Complete 
|   6|0x00000000e0600000, 0x00000000e0700000, 0x00000000e0700000|100%| O|  |TAMS 0x00000000e0700000, 0x00000000e0600000| Untracked 
|   7|0x00000000e0700000, 0x00000000e0800000, 0x00000000e0800000|100%| O|  |TAMS 0x00000000e0800000, 0x00000000e0700000| Untracked 
|   8|0x00000000e0800000, 0x00000000e0900000, 0x00000000e0900000|100%| O|  |TAMS 0x00000000e0900000, 0x00000000e0800000| Untracked 
|   9|0x00000000e0900000, 0x00000000e0a00000, 0x00000000e0a00000|100%| O|  |TAMS 0x00000000e0a00000, 0x00000000e0900000| Untracked 
|  10|0x00000000e0a00000, 0x00000000e0b00000, 0x00000000e0b00000|100%|HS|  |TAMS 0x00000000e0a00000, 0x00000000e0a00000| Complete 
|  11|0x00000000e0b00000, 0x00000000e0c00000, 0x00000000e0c00000|100%|HC|  |TAMS 0x00000000e0b00000, 0x00000000e0b00000| Complete 
|  12|0x00000000e0c00000, 0x00000000e0d00000, 0x00000000e0d00000|100%|HC|  |TAMS 0x00000000e0c00000, 0x00000000e0c00000| Complete 
|  13|0x00000000e0d00000, 0x00000000e0e00000, 0x00000000e0e00000|100%| O|  |TAMS 0x00000000e0d00000, 0x00000000e0d00000| Untracked 
|  14|0x00000000e0e00000, 0x00000000e0f00000, 0x00000000e0f00000|100%| O|  |TAMS 0x00000000e0e00000, 0x00000000e0e00000| Untracked 
|  15|0x00000000e0f00000, 0x00000000e1000000, 0x00000000e1000000|100%| O|  |TAMS 0x00000000e0f00000, 0x00000000e0f00000| Untracked 
|  16|0x00000000e1000000, 0x00000000e1100000, 0x00000000e1100000|100%| O|  |TAMS 0x00000000e1000000, 0x00000000e1000000| Untracked 
|  17|0x00000000e1100000, 0x00000000e1200000, 0x00000000e1200000|100%| O|  |TAMS 0x00000000e1100000, 0x00000000e1100000| Untracked 
|  18|0x00000000e1200000, 0x00000000e1300000, 0x00000000e1300000|100%| O|  |TAMS 0x00000000e1200000, 0x00000000e1200000| Untracked 
|  19|0x00000000e1300000, 0x00000000e1400000, 0x00000000e1400000|100%| O|  |TAMS 0x00000000e1300000, 0x00000000e1300000| Untracked 
|  20|0x00000000e1400000, 0x00000000e1500000, 0x00000000e1500000|100%| O|  |TAMS 0x00000000e1400000, 0x00000000e1400000| Untracked 
|  21|0x00000000e1500000, 0x00000000e1600000, 0x00000000e1600000|100%| O|  |TAMS 0x00000000e1500000, 0x00000000e1500000| Untracked 
|  22|0x00000000e1600000, 0x00000000e1700000, 0x00000000e1700000|100%| O|  |TAMS 0x00000000e1600000, 0x00000000e1600000| Untracked 
|  23|0x00000000e1700000, 0x00000000e1800000, 0x00000000e1800000|100%| O|  |TAMS 0x00000000e1700000, 0x00000000e1700000| Untracked 
|  24|0x00000000e1800000, 0x00000000e1900000, 0x00000000e1900000|100%| O|  |TAMS 0x00000000e1800000, 0x00000000e1800000| Untracked 
|  25|0x00000000e1900000, 0x00000000e1a00000, 0x00000000e1a00000|100%| O|  |TAMS 0x00000000e1900000, 0x00000000e1900000| Untracked 
|  26|0x00000000e1a00000, 0x00000000e1b00000, 0x00000000e1b00000|100%| O|  |TAMS 0x00000000e1a00000, 0x00000000e1a00000| Untracked 
|  27|0x00000000e1b00000, 0x00000000e1c00000, 0x00000000e1c00000|100%| O|  |TAMS 0x00000000e1b00000, 0x00000000e1b00000| Untracked 
|  28|0x00000000e1c00000, 0x00000000e1d00000, 0x00000000e1d00000|100%| O|  |TAMS 0x00000000e1c00000, 0x00000000e1c00000| Untracked 
|  29|0x00000000e1d00000, 0x00000000e1e00000, 0x00000000e1e00000|100%|HS|  |TAMS 0x00000000e1d00000, 0x00000000e1d00000| Complete 
|  30|0x00000000e1e00000, 0x00000000e1f00000, 0x00000000e1f00000|100%|HC|  |TAMS 0x00000000e1e00000, 0x00000000e1e00000| Complete 
|  31|0x00000000e1f00000, 0x00000000e2000000, 0x00000000e2000000|100%|HC|  |TAMS 0x00000000e1f00000, 0x00000000e1f00000| Complete 
|  32|0x00000000e2000000, 0x00000000e2100000, 0x00000000e2100000|100%| O|  |TAMS 0x00000000e2000000, 0x00000000e2000000| Untracked 
|  33|0x00000000e2100000, 0x00000000e2200000, 0x00000000e2200000|100%| O|  |TAMS 0x00000000e2100000, 0x00000000e2100000| Untracked 
|  34|0x00000000e2200000, 0x00000000e2300000, 0x00000000e2300000|100%| O|  |TAMS 0x00000000e2200000, 0x00000000e2200000| Untracked 
|  35|0x00000000e2300000, 0x00000000e2400000, 0x00000000e2400000|100%| O|  |TAMS 0x00000000e2300000, 0x00000000e2300000| Untracked 
|  36|0x00000000e2400000, 0x00000000e2500000, 0x00000000e2500000|100%| O|  |TAMS 0x00000000e2400000, 0x00000000e2400000| Untracked 
|  37|0x00000000e2500000, 0x00000000e2600000, 0x00000000e2600000|100%| O|  |TAMS 0x00000000e2500000, 0x00000000e2500000| Untracked 
|  38|0x00000000e2600000, 0x00000000e2700000, 0x00000000e2700000|100%| O|  |TAMS 0x00000000e2600000, 0x00000000e2600000| Untracked 
|  39|0x00000000e2700000, 0x00000000e2800000, 0x00000000e2800000|100%| O|  |TAMS 0x00000000e2700000, 0x00000000e2700000| Untracked 
|  40|0x00000000e2800000, 0x00000000e2900000, 0x00000000e2900000|100%| O|  |TAMS 0x00000000e2800000, 0x00000000e2800000| Untracked 
|  41|0x00000000e2900000, 0x00000000e2a00000, 0x00000000e2a00000|100%| O|  |TAMS 0x00000000e2900000, 0x00000000e2900000| Untracked 
|  42|0x00000000e2a00000, 0x00000000e2b00000, 0x00000000e2b00000|100%| O|  |TAMS 0x00000000e2a00000, 0x00000000e2a00000| Untracked 
|  43|0x00000000e2b00000, 0x00000000e2c00000, 0x00000000e2c00000|100%| O|  |TAMS 0x00000000e2b00000, 0x00000000e2b00000| Untracked 
|  44|0x00000000e2c00000, 0x00000000e2d00000, 0x00000000e2d00000|100%| O|  |TAMS 0x00000000e2c00000, 0x00000000e2c00000| Untracked 
|  45|0x00000000e2d00000, 0x00000000e2e00000, 0x00000000e2e00000|100%| O|  |TAMS 0x00000000e2d00000, 0x00000000e2d00000| Untracked 
|  46|0x00000000e2e00000, 0x00000000e2f00000, 0x00000000e2f00000|100%| O|  |TAMS 0x00000000e2e00000, 0x00000000e2e00000| Untracked 
|  47|0x00000000e2f00000, 0x00000000e3000000, 0x00000000e3000000|100%| O|  |TAMS 0x00000000e2f00000, 0x00000000e2f00000| Untracked 
|  48|0x00000000e3000000, 0x00000000e3100000, 0x00000000e3100000|100%| O|  |TAMS 0x00000000e3000000, 0x00000000e3000000| Untracked 
|  49|0x00000000e3100000, 0x00000000e3200000, 0x00000000e3200000|100%| O|  |TAMS 0x00000000e3100000, 0x00000000e3100000| Untracked 
|  50|0x00000000e3200000, 0x00000000e3300000, 0x00000000e3300000|100%| O|  |TAMS 0x00000000e3200000, 0x00000000e3200000| Untracked 
|  51|0x00000000e3300000, 0x00000000e3400000, 0x00000000e3400000|100%| O|  |TAMS 0x00000000e3300000, 0x00000000e3300000| Untracked 
|  52|0x00000000e3400000, 0x00000000e3500000, 0x00000000e3500000|100%| O|  |TAMS 0x00000000e3400000, 0x00000000e3400000| Untracked 
|  53|0x00000000e3500000, 0x00000000e3600000, 0x00000000e3600000|100%| O|  |TAMS 0x00000000e3500000, 0x00000000e3500000| Untracked 
|  54|0x00000000e3600000, 0x00000000e3700000, 0x00000000e3700000|100%| O|  |TAMS 0x00000000e3600000, 0x00000000e3600000| Untracked 
|  55|0x00000000e3700000, 0x00000000e3800000, 0x00000000e3800000|100%| O|  |TAMS 0x00000000e3700000, 0x00000000e3700000| Untracked 
|  56|0x00000000e3800000, 0x00000000e3900000, 0x00000000e3900000|100%| O|  |TAMS 0x00000000e3800000, 0x00000000e3800000| Untracked 
|  57|0x00000000e3900000, 0x00000000e3a00000, 0x00000000e3a00000|100%| O|  |TAMS 0x00000000e3900000, 0x00000000e3900000| Untracked 
|  58|0x00000000e3a00000, 0x00000000e3b00000, 0x00000000e3b00000|100%| O|  |TAMS 0x00000000e3a00000, 0x00000000e3a00000| Untracked 
|  59|0x00000000e3b00000, 0x00000000e3c00000, 0x00000000e3c00000|100%| O|  |TAMS 0x00000000e3b00000, 0x00000000e3b00000| Untracked 
|  60|0x00000000e3c00000, 0x00000000e3d00000, 0x00000000e3d00000|100%| O|  |TAMS 0x00000000e3c00000, 0x00000000e3c00000| Untracked 
|  61|0x00000000e3d00000, 0x00000000e3e00000, 0x00000000e3e00000|100%| O|  |TAMS 0x00000000e3d00000, 0x00000000e3d00000| Untracked 
|  62|0x00000000e3e00000, 0x00000000e3f00000, 0x00000000e3f00000|100%| O|  |TAMS 0x00000000e3e00000, 0x00000000e3e00000| Untracked 
|  63|0x00000000e3f00000, 0x00000000e4000000, 0x00000000e4000000|100%| O|  |TAMS 0x00000000e3f00000, 0x00000000e3f00000| Untracked 
|  64|0x00000000e4000000, 0x00000000e4100000, 0x00000000e4100000|100%| O|  |TAMS 0x00000000e4000000, 0x00000000e4000000| Untracked 
|  65|0x00000000e4100000, 0x00000000e4200000, 0x00000000e4200000|100%| O|  |TAMS 0x00000000e4100000, 0x00000000e4100000| Untracked 
|  66|0x00000000e4200000, 0x00000000e4300000, 0x00000000e4300000|100%| O|  |TAMS 0x00000000e4200000, 0x00000000e4200000| Untracked 
|  67|0x00000000e4300000, 0x00000000e4400000, 0x00000000e4400000|100%| O|  |TAMS 0x00000000e4300000, 0x00000000e4300000| Untracked 
|  68|0x00000000e4400000, 0x00000000e4500000, 0x00000000e4500000|100%| O|  |TAMS 0x00000000e4400000, 0x00000000e4400000| Untracked 
|  69|0x00000000e4500000, 0x00000000e4600000, 0x00000000e4600000|100%| O|  |TAMS 0x00000000e4500000, 0x00000000e4500000| Untracked 
|  70|0x00000000e4600000, 0x00000000e4700000, 0x00000000e4700000|100%| O|  |TAMS 0x00000000e4600000, 0x00000000e4600000| Untracked 
|  71|0x00000000e4700000, 0x00000000e4800000, 0x00000000e4800000|100%| O|  |TAMS 0x00000000e4700000, 0x00000000e4700000| Untracked 
|  72|0x00000000e4800000, 0x00000000e4900000, 0x00000000e4900000|100%| O|  |TAMS 0x00000000e4800000, 0x00000000e4800000| Untracked 
|  73|0x00000000e4900000, 0x00000000e4a00000, 0x00000000e4a00000|100%| O|  |TAMS 0x00000000e4900000, 0x00000000e4900000| Untracked 
|  74|0x00000000e4a00000, 0x00000000e4b00000, 0x00000000e4b00000|100%| O|  |TAMS 0x00000000e4a00000, 0x00000000e4a00000| Untracked 
|  75|0x00000000e4b00000, 0x00000000e4b80000, 0x00000000e4c00000| 50%| O|  |TAMS 0x00000000e4b00000, 0x00000000e4b00000| Untracked 
|  76|0x00000000e4c00000, 0x00000000e4c00000, 0x00000000e4d00000|  0%| F|  |TAMS 0x00000000e4c00000, 0x00000000e4c00000| Untracked 
|  77|0x00000000e4d00000, 0x00000000e4d00000, 0x00000000e4e00000|  0%| F|  |TAMS 0x00000000e4d00000, 0x00000000e4d00000| Untracked 
|  78|0x00000000e4e00000, 0x00000000e4e00000, 0x00000000e4f00000|  0%| F|  |TAMS 0x00000000e4e00000, 0x00000000e4e00000| Untracked 
|  79|0x00000000e4f00000, 0x00000000e4f00000, 0x00000000e5000000|  0%| F|  |TAMS 0x00000000e4f00000, 0x00000000e4f00000| Untracked 
|  80|0x00000000e5000000, 0x00000000e5000000, 0x00000000e5100000|  0%| F|  |TAMS 0x00000000e5000000, 0x00000000e5000000| Untracked 
|  81|0x00000000e5100000, 0x00000000e5100000, 0x00000000e5200000|  0%| F|  |TAMS 0x00000000e5100000, 0x00000000e5100000| Untracked 
|  82|0x00000000e5200000, 0x00000000e5200000, 0x00000000e5300000|  0%| F|  |TAMS 0x00000000e5200000, 0x00000000e5200000| Untracked 
|  83|0x00000000e5300000, 0x00000000e5300000, 0x00000000e5400000|  0%| F|  |TAMS 0x00000000e5300000, 0x00000000e5300000| Untracked 
|  84|0x00000000e5400000, 0x00000000e5400000, 0x00000000e5500000|  0%| F|  |TAMS 0x00000000e5400000, 0x00000000e5400000| Untracked 
|  85|0x00000000e5500000, 0x00000000e5500000, 0x00000000e5600000|  0%| F|  |TAMS 0x00000000e5500000, 0x00000000e5500000| Untracked 
|  86|0x00000000e5600000, 0x00000000e5600000, 0x00000000e5700000|  0%| F|  |TAMS 0x00000000e5600000, 0x00000000e5600000| Untracked 
|  87|0x00000000e5700000, 0x00000000e5700000, 0x00000000e5800000|  0%| F|  |TAMS 0x00000000e5700000, 0x00000000e5700000| Untracked 
|  88|0x00000000e5800000, 0x00000000e5800000, 0x00000000e5900000|  0%| F|  |TAMS 0x00000000e5800000, 0x00000000e5800000| Untracked 
|  89|0x00000000e5900000, 0x00000000e5900000, 0x00000000e5a00000|  0%| F|  |TAMS 0x00000000e5900000, 0x00000000e5900000| Untracked 
|  90|0x00000000e5a00000, 0x00000000e5a00000, 0x00000000e5b00000|  0%| F|  |TAMS 0x00000000e5a00000, 0x00000000e5a00000| Untracked 
|  91|0x00000000e5b00000, 0x00000000e5b00000, 0x00000000e5c00000|  0%| F|  |TAMS 0x00000000e5b00000, 0x00000000e5b00000| Untracked 
|  92|0x00000000e5c00000, 0x00000000e5c00000, 0x00000000e5d00000|  0%| F|  |TAMS 0x00000000e5c00000, 0x00000000e5c00000| Untracked 
|  93|0x00000000e5d00000, 0x00000000e5d00000, 0x00000000e5e00000|  0%| F|  |TAMS 0x00000000e5d00000, 0x00000000e5d00000| Untracked 
|  94|0x00000000e5e00000, 0x00000000e5e00000, 0x00000000e5f00000|  0%| F|  |TAMS 0x00000000e5e00000, 0x00000000e5e00000| Untracked 
|  95|0x00000000e5f00000, 0x00000000e5f00000, 0x00000000e6000000|  0%| F|  |TAMS 0x00000000e5f00000, 0x00000000e5f00000| Untracked 
|  96|0x00000000e6000000, 0x00000000e6000000, 0x00000000e6100000|  0%| F|  |TAMS 0x00000000e6000000, 0x00000000e6000000| Untracked 
|  97|0x00000000e6100000, 0x00000000e6100000, 0x00000000e6200000|  0%| F|  |TAMS 0x00000000e6100000, 0x00000000e6100000| Untracked 
|  98|0x00000000e6200000, 0x00000000e6200000, 0x00000000e6300000|  0%| F|  |TAMS 0x00000000e6200000, 0x00000000e6200000| Untracked 
|  99|0x00000000e6300000, 0x00000000e6300000, 0x00000000e6400000|  0%| F|  |TAMS 0x00000000e6300000, 0x00000000e6300000| Untracked 
| 100|0x00000000e6400000, 0x00000000e6400000, 0x00000000e6500000|  0%| F|  |TAMS 0x00000000e6400000, 0x00000000e6400000| Untracked 
| 101|0x00000000e6500000, 0x00000000e6500000, 0x00000000e6600000|  0%| F|  |TAMS 0x00000000e6500000, 0x00000000e6500000| Untracked 
| 102|0x00000000e6600000, 0x00000000e6600000, 0x00000000e6700000|  0%| F|  |TAMS 0x00000000e6600000, 0x00000000e6600000| Untracked 
| 103|0x00000000e6700000, 0x00000000e6700000, 0x00000000e6800000|  0%| F|  |TAMS 0x00000000e6700000, 0x00000000e6700000| Untracked 
| 104|0x00000000e6800000, 0x00000000e6800000, 0x00000000e6900000|  0%| F|  |TAMS 0x00000000e6800000, 0x00000000e6800000| Untracked 
| 105|0x00000000e6900000, 0x00000000e6900000, 0x00000000e6a00000|  0%| F|  |TAMS 0x00000000e6900000, 0x00000000e6900000| Untracked 
| 106|0x00000000e6a00000, 0x00000000e6a00000, 0x00000000e6b00000|  0%| F|  |TAMS 0x00000000e6a00000, 0x00000000e6a00000| Untracked 
| 107|0x00000000e6b00000, 0x00000000e6b00000, 0x00000000e6c00000|  0%| F|  |TAMS 0x00000000e6b00000, 0x00000000e6b00000| Untracked 
| 108|0x00000000e6c00000, 0x00000000e6c00000, 0x00000000e6d00000|  0%| F|  |TAMS 0x00000000e6c00000, 0x00000000e6c00000| Untracked 
| 109|0x00000000e6d00000, 0x00000000e6d00000, 0x00000000e6e00000|  0%| F|  |TAMS 0x00000000e6d00000, 0x00000000e6d00000| Untracked 
| 110|0x00000000e6e00000, 0x00000000e6e00000, 0x00000000e6f00000|  0%| F|  |TAMS 0x00000000e6e00000, 0x00000000e6e00000| Untracked 
| 111|0x00000000e6f00000, 0x00000000e6f00000, 0x00000000e7000000|  0%| F|  |TAMS 0x00000000e6f00000, 0x00000000e6f00000| Untracked 
| 112|0x00000000e7000000, 0x00000000e7000000, 0x00000000e7100000|  0%| F|  |TAMS 0x00000000e7000000, 0x00000000e7000000| Untracked 
| 113|0x00000000e7100000, 0x00000000e7100000, 0x00000000e7200000|  0%| F|  |TAMS 0x00000000e7100000, 0x00000000e7100000| Untracked 
| 114|0x00000000e7200000, 0x00000000e7200000, 0x00000000e7300000|  0%| F|  |TAMS 0x00000000e7200000, 0x00000000e7200000| Untracked 
| 115|0x00000000e7300000, 0x00000000e7300000, 0x00000000e7400000|  0%| F|  |TAMS 0x00000000e7300000, 0x00000000e7300000| Untracked 
| 116|0x00000000e7400000, 0x00000000e7400000, 0x00000000e7500000|  0%| F|  |TAMS 0x00000000e7400000, 0x00000000e7400000| Untracked 
| 117|0x00000000e7500000, 0x00000000e7500000, 0x00000000e7600000|  0%| F|  |TAMS 0x00000000e7500000, 0x00000000e7500000| Untracked 
| 118|0x00000000e7600000, 0x00000000e7600000, 0x00000000e7700000|  0%| F|  |TAMS 0x00000000e7600000, 0x00000000e7600000| Untracked 
| 119|0x00000000e7700000, 0x00000000e7700000, 0x00000000e7800000|  0%| F|  |TAMS 0x00000000e7700000, 0x00000000e7700000| Untracked 
| 120|0x00000000e7800000, 0x00000000e7800000, 0x00000000e7900000|  0%| F|  |TAMS 0x00000000e7800000, 0x00000000e7800000| Untracked 
| 121|0x00000000e7900000, 0x00000000e7900000, 0x00000000e7a00000|  0%| F|  |TAMS 0x00000000e7900000, 0x00000000e7900000| Untracked 
| 122|0x00000000e7a00000, 0x00000000e7a00000, 0x00000000e7b00000|  0%| F|  |TAMS 0x00000000e7a00000, 0x00000000e7a00000| Untracked 
| 123|0x00000000e7b00000, 0x00000000e7b00000, 0x00000000e7c00000|  0%| F|  |TAMS 0x00000000e7b00000, 0x00000000e7b00000| Untracked 
| 124|0x00000000e7c00000, 0x00000000e7c00000, 0x00000000e7d00000|  0%| F|  |TAMS 0x00000000e7c00000, 0x00000000e7c00000| Untracked 
| 125|0x00000000e7d00000, 0x00000000e7d00000, 0x00000000e7e00000|  0%| F|  |TAMS 0x00000000e7d00000, 0x00000000e7d00000| Untracked 
| 126|0x00000000e7e00000, 0x00000000e7e00000, 0x00000000e7f00000|  0%| F|  |TAMS 0x00000000e7e00000, 0x00000000e7e00000| Untracked 
| 127|0x00000000e7f00000, 0x00000000e7f00000, 0x00000000e8000000|  0%| F|  |TAMS 0x00000000e7f00000, 0x00000000e7f00000| Untracked 
| 128|0x00000000e8000000, 0x00000000e8000000, 0x00000000e8100000|  0%| F|  |TAMS 0x00000000e8000000, 0x00000000e8000000| Untracked 
| 129|0x00000000e8100000, 0x00000000e8100000, 0x00000000e8200000|  0%| F|  |TAMS 0x00000000e8100000, 0x00000000e8100000| Untracked 
| 130|0x00000000e8200000, 0x00000000e8200000, 0x00000000e8300000|  0%| F|  |TAMS 0x00000000e8200000, 0x00000000e8200000| Untracked 
| 131|0x00000000e8300000, 0x00000000e8300000, 0x00000000e8400000|  0%| F|  |TAMS 0x00000000e8300000, 0x00000000e8300000| Untracked 
| 132|0x00000000e8400000, 0x00000000e8400000, 0x00000000e8500000|  0%| F|  |TAMS 0x00000000e8400000, 0x00000000e8400000| Untracked 
| 133|0x00000000e8500000, 0x00000000e8500000, 0x00000000e8600000|  0%| F|  |TAMS 0x00000000e8500000, 0x00000000e8500000| Untracked 
| 134|0x00000000e8600000, 0x00000000e8600000, 0x00000000e8700000|  0%| F|  |TAMS 0x00000000e8600000, 0x00000000e8600000| Untracked 
| 135|0x00000000e8700000, 0x00000000e8700000, 0x00000000e8800000|  0%| F|  |TAMS 0x00000000e8700000, 0x00000000e8700000| Untracked 
| 136|0x00000000e8800000, 0x00000000e8800000, 0x00000000e8900000|  0%| F|  |TAMS 0x00000000e8800000, 0x00000000e8800000| Untracked 
| 137|0x00000000e8900000, 0x00000000e8900000, 0x00000000e8a00000|  0%| F|  |TAMS 0x00000000e8900000, 0x00000000e8900000| Untracked 
| 138|0x00000000e8a00000, 0x00000000e8a00000, 0x00000000e8b00000|  0%| F|  |TAMS 0x00000000e8a00000, 0x00000000e8a00000| Untracked 
| 139|0x00000000e8b00000, 0x00000000e8b00000, 0x00000000e8c00000|  0%| F|  |TAMS 0x00000000e8b00000, 0x00000000e8b00000| Untracked 
| 140|0x00000000e8c00000, 0x00000000e8c00000, 0x00000000e8d00000|  0%| F|  |TAMS 0x00000000e8c00000, 0x00000000e8c00000| Untracked 
| 141|0x00000000e8d00000, 0x00000000e8d00000, 0x00000000e8e00000|  0%| F|  |TAMS 0x00000000e8d00000, 0x00000000e8d00000| Untracked 
| 142|0x00000000e8e00000, 0x00000000e8e00000, 0x00000000e8f00000|  0%| F|  |TAMS 0x00000000e8e00000, 0x00000000e8e00000| Untracked 
| 143|0x00000000e8f00000, 0x00000000e8f00000, 0x00000000e9000000|  0%| F|  |TAMS 0x00000000e8f00000, 0x00000000e8f00000| Untracked 
| 144|0x00000000e9000000, 0x00000000e9000000, 0x00000000e9100000|  0%| F|  |TAMS 0x00000000e9000000, 0x00000000e9000000| Untracked 
| 145|0x00000000e9100000, 0x00000000e9100000, 0x00000000e9200000|  0%| F|  |TAMS 0x00000000e9100000, 0x00000000e9100000| Untracked 
| 146|0x00000000e9200000, 0x00000000e9200000, 0x00000000e9300000|  0%| F|  |TAMS 0x00000000e9200000, 0x00000000e9200000| Untracked 
| 147|0x00000000e9300000, 0x00000000e9300000, 0x00000000e9400000|  0%| F|  |TAMS 0x00000000e9300000, 0x00000000e9300000| Untracked 
| 148|0x00000000e9400000, 0x00000000e9400000, 0x00000000e9500000|  0%| F|  |TAMS 0x00000000e9400000, 0x00000000e9400000| Untracked 
| 149|0x00000000e9500000, 0x00000000e9500000, 0x00000000e9600000|  0%| F|  |TAMS 0x00000000e9500000, 0x00000000e9500000| Untracked 
| 150|0x00000000e9600000, 0x00000000e9600000, 0x00000000e9700000|  0%| F|  |TAMS 0x00000000e9600000, 0x00000000e9600000| Untracked 
| 151|0x00000000e9700000, 0x00000000e9700000, 0x00000000e9800000|  0%| F|  |TAMS 0x00000000e9700000, 0x00000000e9700000| Untracked 
| 152|0x00000000e9800000, 0x00000000e9800000, 0x00000000e9900000|  0%| F|  |TAMS 0x00000000e9800000, 0x00000000e9800000| Untracked 
| 153|0x00000000e9900000, 0x00000000e9900000, 0x00000000e9a00000|  0%| F|  |TAMS 0x00000000e9900000, 0x00000000e9900000| Untracked 
| 154|0x00000000e9a00000, 0x00000000e9a00000, 0x00000000e9b00000|  0%| F|  |TAMS 0x00000000e9a00000, 0x00000000e9a00000| Untracked 
| 155|0x00000000e9b00000, 0x00000000e9b00000, 0x00000000e9c00000|  0%| F|  |TAMS 0x00000000e9b00000, 0x00000000e9b00000| Untracked 
| 156|0x00000000e9c00000, 0x00000000e9c00000, 0x00000000e9d00000|  0%| F|  |TAMS 0x00000000e9c00000, 0x00000000e9c00000| Untracked 
| 157|0x00000000e9d00000, 0x00000000e9d00000, 0x00000000e9e00000|  0%| F|  |TAMS 0x00000000e9d00000, 0x00000000e9d00000| Untracked 
| 158|0x00000000e9e00000, 0x00000000e9e00000, 0x00000000e9f00000|  0%| F|  |TAMS 0x00000000e9e00000, 0x00000000e9e00000| Untracked 
| 159|0x00000000e9f00000, 0x00000000e9f00000, 0x00000000ea000000|  0%| F|  |TAMS 0x00000000e9f00000, 0x00000000e9f00000| Untracked 
| 160|0x00000000ea000000, 0x00000000ea000000, 0x00000000ea100000|  0%| F|  |TAMS 0x00000000ea000000, 0x00000000ea000000| Untracked 
| 161|0x00000000ea100000, 0x00000000ea100000, 0x00000000ea200000|  0%| F|  |TAMS 0x00000000ea100000, 0x00000000ea100000| Untracked 
| 162|0x00000000ea200000, 0x00000000ea200000, 0x00000000ea300000|  0%| F|  |TAMS 0x00000000ea200000, 0x00000000ea200000| Untracked 
| 163|0x00000000ea300000, 0x00000000ea300000, 0x00000000ea400000|  0%| F|  |TAMS 0x00000000ea300000, 0x00000000ea300000| Untracked 
| 164|0x00000000ea400000, 0x00000000ea400000, 0x00000000ea500000|  0%| F|  |TAMS 0x00000000ea400000, 0x00000000ea400000| Untracked 
| 165|0x00000000ea500000, 0x00000000ea500000, 0x00000000ea600000|  0%| F|  |TAMS 0x00000000ea500000, 0x00000000ea500000| Untracked 
| 166|0x00000000ea600000, 0x00000000ea600000, 0x00000000ea700000|  0%| F|  |TAMS 0x00000000ea600000, 0x00000000ea600000| Untracked 
| 167|0x00000000ea700000, 0x00000000ea700000, 0x00000000ea800000|  0%| F|  |TAMS 0x00000000ea700000, 0x00000000ea700000| Untracked 
| 168|0x00000000ea800000, 0x00000000ea800000, 0x00000000ea900000|  0%| F|  |TAMS 0x00000000ea800000, 0x00000000ea800000| Untracked 
| 169|0x00000000ea900000, 0x00000000ea900000, 0x00000000eaa00000|  0%| F|  |TAMS 0x00000000ea900000, 0x00000000ea900000| Untracked 
| 170|0x00000000eaa00000, 0x00000000eaa00000, 0x00000000eab00000|  0%| F|  |TAMS 0x00000000eaa00000, 0x00000000eaa00000| Untracked 
| 171|0x00000000eab00000, 0x00000000eab00000, 0x00000000eac00000|  0%| F|  |TAMS 0x00000000eab00000, 0x00000000eab00000| Untracked 
| 172|0x00000000eac00000, 0x00000000eac00000, 0x00000000ead00000|  0%| F|  |TAMS 0x00000000eac00000, 0x00000000eac00000| Untracked 
| 173|0x00000000ead00000, 0x00000000ead00000, 0x00000000eae00000|  0%| F|  |TAMS 0x00000000ead00000, 0x00000000ead00000| Untracked 
| 174|0x00000000eae00000, 0x00000000eae00000, 0x00000000eaf00000|  0%| F|  |TAMS 0x00000000eae00000, 0x00000000eae00000| Untracked 
| 175|0x00000000eaf00000, 0x00000000eaf00000, 0x00000000eb000000|  0%| F|  |TAMS 0x00000000eaf00000, 0x00000000eaf00000| Untracked 
| 176|0x00000000eb000000, 0x00000000eb000000, 0x00000000eb100000|  0%| F|  |TAMS 0x00000000eb000000, 0x00000000eb000000| Untracked 
| 177|0x00000000eb100000, 0x00000000eb100000, 0x00000000eb200000|  0%| F|  |TAMS 0x00000000eb100000, 0x00000000eb100000| Untracked 
| 178|0x00000000eb200000, 0x00000000eb200000, 0x00000000eb300000|  0%| F|  |TAMS 0x00000000eb200000, 0x00000000eb200000| Untracked 
| 179|0x00000000eb300000, 0x00000000eb300000, 0x00000000eb400000|  0%| F|  |TAMS 0x00000000eb300000, 0x00000000eb300000| Untracked 
| 180|0x00000000eb400000, 0x00000000eb400000, 0x00000000eb500000|  0%| F|  |TAMS 0x00000000eb400000, 0x00000000eb400000| Untracked 
| 181|0x00000000eb500000, 0x00000000eb500000, 0x00000000eb600000|  0%| F|  |TAMS 0x00000000eb500000, 0x00000000eb500000| Untracked 
| 182|0x00000000eb600000, 0x00000000eb600000, 0x00000000eb700000|  0%| F|  |TAMS 0x00000000eb600000, 0x00000000eb600000| Untracked 
| 183|0x00000000eb700000, 0x00000000eb700000, 0x00000000eb800000|  0%| F|  |TAMS 0x00000000eb700000, 0x00000000eb700000| Untracked 
| 184|0x00000000eb800000, 0x00000000eb800000, 0x00000000eb900000|  0%| F|  |TAMS 0x00000000eb800000, 0x00000000eb800000| Untracked 
| 185|0x00000000eb900000, 0x00000000eb900000, 0x00000000eba00000|  0%| F|  |TAMS 0x00000000eb900000, 0x00000000eb900000| Untracked 
| 186|0x00000000eba00000, 0x00000000eba00000, 0x00000000ebb00000|  0%| F|  |TAMS 0x00000000eba00000, 0x00000000eba00000| Untracked 
| 187|0x00000000ebb00000, 0x00000000ebb00000, 0x00000000ebc00000|  0%| F|  |TAMS 0x00000000ebb00000, 0x00000000ebb00000| Untracked 
| 188|0x00000000ebc00000, 0x00000000ebc00000, 0x00000000ebd00000|  0%| F|  |TAMS 0x00000000ebc00000, 0x00000000ebc00000| Untracked 
| 189|0x00000000ebd00000, 0x00000000ebd00000, 0x00000000ebe00000|  0%| F|  |TAMS 0x00000000ebd00000, 0x00000000ebd00000| Untracked 
| 190|0x00000000ebe00000, 0x00000000ebe00000, 0x00000000ebf00000|  0%| F|  |TAMS 0x00000000ebe00000, 0x00000000ebe00000| Untracked 
| 191|0x00000000ebf00000, 0x00000000ebf00000, 0x00000000ec000000|  0%| F|  |TAMS 0x00000000ebf00000, 0x00000000ebf00000| Untracked 
| 192|0x00000000ec000000, 0x00000000ec000000, 0x00000000ec100000|  0%| F|  |TAMS 0x00000000ec000000, 0x00000000ec000000| Untracked 
| 193|0x00000000ec100000, 0x00000000ec100000, 0x00000000ec200000|  0%| F|  |TAMS 0x00000000ec100000, 0x00000000ec100000| Untracked 
| 194|0x00000000ec200000, 0x00000000ec200000, 0x00000000ec300000|  0%| F|  |TAMS 0x00000000ec200000, 0x00000000ec200000| Untracked 
| 195|0x00000000ec300000, 0x00000000ec300000, 0x00000000ec400000|  0%| F|  |TAMS 0x00000000ec300000, 0x00000000ec300000| Untracked 
| 196|0x00000000ec400000, 0x00000000ec400000, 0x00000000ec500000|  0%| F|  |TAMS 0x00000000ec400000, 0x00000000ec400000| Untracked 
| 197|0x00000000ec500000, 0x00000000ec500000, 0x00000000ec600000|  0%| F|  |TAMS 0x00000000ec500000, 0x00000000ec500000| Untracked 
| 198|0x00000000ec600000, 0x00000000ec600000, 0x00000000ec700000|  0%| F|  |TAMS 0x00000000ec600000, 0x00000000ec600000| Untracked 
| 199|0x00000000ec700000, 0x00000000ec800000, 0x00000000ec800000|100%| S|CS|TAMS 0x00000000ec700000, 0x00000000ec700000| Complete 
| 200|0x00000000ec800000, 0x00000000ec900000, 0x00000000ec900000|100%| S|CS|TAMS 0x00000000ec800000, 0x00000000ec800000| Complete 
| 201|0x00000000ec900000, 0x00000000eca00000, 0x00000000eca00000|100%| S|CS|TAMS 0x00000000ec900000, 0x00000000ec900000| Complete 
| 202|0x00000000eca00000, 0x00000000ecb00000, 0x00000000ecb00000|100%| S|CS|TAMS 0x00000000eca00000, 0x00000000eca00000| Complete 
| 203|0x00000000ecb00000, 0x00000000ecc00000, 0x00000000ecc00000|100%| S|CS|TAMS 0x00000000ecb00000, 0x00000000ecb00000| Complete 
| 204|0x00000000ecc00000, 0x00000000ecd00000, 0x00000000ecd00000|100%| S|CS|TAMS 0x00000000ecc00000, 0x00000000ecc00000| Complete 
| 205|0x00000000ecd00000, 0x00000000ece00000, 0x00000000ece00000|100%| S|CS|TAMS 0x00000000ecd00000, 0x00000000ecd00000| Complete 
| 206|0x00000000ece00000, 0x00000000ecf00000, 0x00000000ecf00000|100%| S|CS|TAMS 0x00000000ece00000, 0x00000000ece00000| Complete 
| 207|0x00000000ecf00000, 0x00000000ecf00000, 0x00000000ed000000|  0%| F|  |TAMS 0x00000000ecf00000, 0x00000000ecf00000| Untracked 
| 208|0x00000000ed000000, 0x00000000ed000000, 0x00000000ed100000|  0%| F|  |TAMS 0x00000000ed000000, 0x00000000ed000000| Untracked 
| 209|0x00000000ed100000, 0x00000000ed100000, 0x00000000ed200000|  0%| F|  |TAMS 0x00000000ed100000, 0x00000000ed100000| Untracked 
| 210|0x00000000ed200000, 0x00000000ed200000, 0x00000000ed300000|  0%| F|  |TAMS 0x00000000ed200000, 0x00000000ed200000| Untracked 
| 211|0x00000000ed300000, 0x00000000ed300000, 0x00000000ed400000|  0%| F|  |TAMS 0x00000000ed300000, 0x00000000ed300000| Untracked 
| 212|0x00000000ed400000, 0x00000000ed400000, 0x00000000ed500000|  0%| F|  |TAMS 0x00000000ed400000, 0x00000000ed400000| Untracked 
| 213|0x00000000ed500000, 0x00000000ed500000, 0x00000000ed600000|  0%| F|  |TAMS 0x00000000ed500000, 0x00000000ed500000| Untracked 
| 214|0x00000000ed600000, 0x00000000ed600000, 0x00000000ed700000|  0%| F|  |TAMS 0x00000000ed600000, 0x00000000ed600000| Untracked 
| 215|0x00000000ed700000, 0x00000000ed700000, 0x00000000ed800000|  0%| F|  |TAMS 0x00000000ed700000, 0x00000000ed700000| Untracked 
| 216|0x00000000ed800000, 0x00000000ed800000, 0x00000000ed900000|  0%| F|  |TAMS 0x00000000ed800000, 0x00000000ed800000| Untracked 
| 217|0x00000000ed900000, 0x00000000ed900000, 0x00000000eda00000|  0%| F|  |TAMS 0x00000000ed900000, 0x00000000ed900000| Untracked 
| 218|0x00000000eda00000, 0x00000000eda00000, 0x00000000edb00000|  0%| F|  |TAMS 0x00000000eda00000, 0x00000000eda00000| Untracked 
| 219|0x00000000edb00000, 0x00000000edb00000, 0x00000000edc00000|  0%| F|  |TAMS 0x00000000edb00000, 0x00000000edb00000| Untracked 
| 220|0x00000000edc00000, 0x00000000edc00000, 0x00000000edd00000|  0%| F|  |TAMS 0x00000000edc00000, 0x00000000edc00000| Untracked 
| 221|0x00000000edd00000, 0x00000000edd00000, 0x00000000ede00000|  0%| F|  |TAMS 0x00000000edd00000, 0x00000000edd00000| Untracked 
| 222|0x00000000ede00000, 0x00000000ede00000, 0x00000000edf00000|  0%| F|  |TAMS 0x00000000ede00000, 0x00000000ede00000| Untracked 
| 223|0x00000000edf00000, 0x00000000edf00000, 0x00000000ee000000|  0%| F|  |TAMS 0x00000000edf00000, 0x00000000edf00000| Untracked 
| 224|0x00000000ee000000, 0x00000000ee000000, 0x00000000ee100000|  0%| F|  |TAMS 0x00000000ee000000, 0x00000000ee000000| Untracked 
| 225|0x00000000ee100000, 0x00000000ee100000, 0x00000000ee200000|  0%| F|  |TAMS 0x00000000ee100000, 0x00000000ee100000| Untracked 
| 226|0x00000000ee200000, 0x00000000ee200000, 0x00000000ee300000|  0%| F|  |TAMS 0x00000000ee200000, 0x00000000ee200000| Untracked 
| 227|0x00000000ee300000, 0x00000000ee300000, 0x00000000ee400000|  0%| F|  |TAMS 0x00000000ee300000, 0x00000000ee300000| Untracked 
| 228|0x00000000ee400000, 0x00000000ee400000, 0x00000000ee500000|  0%| F|  |TAMS 0x00000000ee400000, 0x00000000ee400000| Untracked 
| 229|0x00000000ee500000, 0x00000000ee500000, 0x00000000ee600000|  0%| F|  |TAMS 0x00000000ee500000, 0x00000000ee500000| Untracked 
| 230|0x00000000ee600000, 0x00000000ee600000, 0x00000000ee700000|  0%| F|  |TAMS 0x00000000ee600000, 0x00000000ee600000| Untracked 
| 231|0x00000000ee700000, 0x00000000ee700000, 0x00000000ee800000|  0%| F|  |TAMS 0x00000000ee700000, 0x00000000ee700000| Untracked 
| 232|0x00000000ee800000, 0x00000000ee800000, 0x00000000ee900000|  0%| F|  |TAMS 0x00000000ee800000, 0x00000000ee800000| Untracked 
| 233|0x00000000ee900000, 0x00000000ee900000, 0x00000000eea00000|  0%| F|  |TAMS 0x00000000ee900000, 0x00000000ee900000| Untracked 
| 234|0x00000000eea00000, 0x00000000eea00000, 0x00000000eeb00000|  0%| F|  |TAMS 0x00000000eea00000, 0x00000000eea00000| Untracked 
| 235|0x00000000eeb00000, 0x00000000eeb00000, 0x00000000eec00000|  0%| F|  |TAMS 0x00000000eeb00000, 0x00000000eeb00000| Untracked 
| 236|0x00000000eec00000, 0x00000000eec00000, 0x00000000eed00000|  0%| F|  |TAMS 0x00000000eec00000, 0x00000000eec00000| Untracked 
| 237|0x00000000eed00000, 0x00000000eed00000, 0x00000000eee00000|  0%| F|  |TAMS 0x00000000eed00000, 0x00000000eed00000| Untracked 
| 238|0x00000000eee00000, 0x00000000eee00000, 0x00000000eef00000|  0%| F|  |TAMS 0x00000000eee00000, 0x00000000eee00000| Untracked 
| 239|0x00000000eef00000, 0x00000000eef00000, 0x00000000ef000000|  0%| F|  |TAMS 0x00000000eef00000, 0x00000000eef00000| Untracked 
| 240|0x00000000ef000000, 0x00000000ef000000, 0x00000000ef100000|  0%| F|  |TAMS 0x00000000ef000000, 0x00000000ef000000| Untracked 
| 241|0x00000000ef100000, 0x00000000ef100000, 0x00000000ef200000|  0%| F|  |TAMS 0x00000000ef100000, 0x00000000ef100000| Untracked 
| 242|0x00000000ef200000, 0x00000000ef200000, 0x00000000ef300000|  0%| F|  |TAMS 0x00000000ef200000, 0x00000000ef200000| Untracked 
| 243|0x00000000ef300000, 0x00000000ef300000, 0x00000000ef400000|  0%| F|  |TAMS 0x00000000ef300000, 0x00000000ef300000| Untracked 
| 244|0x00000000ef400000, 0x00000000ef400000, 0x00000000ef500000|  0%| F|  |TAMS 0x00000000ef400000, 0x00000000ef400000| Untracked 
| 245|0x00000000ef500000, 0x00000000ef500000, 0x00000000ef600000|  0%| F|  |TAMS 0x00000000ef500000, 0x00000000ef500000| Untracked 
| 246|0x00000000ef600000, 0x00000000ef600000, 0x00000000ef700000|  0%| F|  |TAMS 0x00000000ef600000, 0x00000000ef600000| Untracked 
| 247|0x00000000ef700000, 0x00000000ef700000, 0x00000000ef800000|  0%| F|  |TAMS 0x00000000ef700000, 0x00000000ef700000| Untracked 
| 248|0x00000000ef800000, 0x00000000ef800000, 0x00000000ef900000|  0%| F|  |TAMS 0x00000000ef800000, 0x00000000ef800000| Untracked 
| 249|0x00000000ef900000, 0x00000000ef982010, 0x00000000efa00000| 50%| E|  |TAMS 0x00000000ef900000, 0x00000000ef900000| Complete 
| 250|0x00000000efa00000, 0x00000000efb00000, 0x00000000efb00000|100%| E|CS|TAMS 0x00000000efa00000, 0x00000000efa00000| Complete 
| 251|0x00000000efb00000, 0x00000000efc00000, 0x00000000efc00000|100%| E|CS|TAMS 0x00000000efb00000, 0x00000000efb00000| Complete 
| 252|0x00000000efc00000, 0x00000000efd00000, 0x00000000efd00000|100%| E|CS|TAMS 0x00000000efc00000, 0x00000000efc00000| Complete 
| 253|0x00000000efd00000, 0x00000000efe00000, 0x00000000efe00000|100%| E|CS|TAMS 0x00000000efd00000, 0x00000000efd00000| Complete 
| 254|0x00000000efe00000, 0x00000000eff00000, 0x00000000eff00000|100%| E|CS|TAMS 0x00000000efe00000, 0x00000000efe00000| Complete 
| 255|0x00000000eff00000, 0x00000000f0000000, 0x00000000f0000000|100%| E|CS|TAMS 0x00000000eff00000, 0x00000000eff00000| Complete 

Card table byte_map: [0x0000021dfcac0000,0x0000021dfcbc0000] _byte_map_base: 0x0000021dfc3c0000

Marking Bits (Prev, Next): (CMBitMap*) 0x0000021df2bc80a0, (CMBitMap*) 0x0000021df2bc80e0
 Prev Bits: [0x0000021dfccc0000, 0x0000021dfd4c0000)
 Next Bits: [0x0000021dfd4c0000, 0x0000021dfdcc0000)

Polling page: 0x0000021df2a50000

Metaspace:

Usage:
  Non-class:     44.38 MB capacity,    43.96 MB (>99%) used,   357.09 KB ( <1%) free+waste,    73.94 KB ( <1%) overhead. 
      Class:      7.00 MB capacity,     6.73 MB ( 96%) used,   246.68 KB (  3%) free+waste,    30.25 KB ( <1%) overhead. 
       Both:     51.39 MB capacity,    50.69 MB ( 99%) used,   603.77 KB (  1%) free+waste,   104.19 KB ( <1%) overhead. 

Virtual space:
  Non-class space:       46.00 MB reserved,      44.58 MB ( 97%) committed 
      Class space:      248.00 MB reserved,       7.12 MB (  3%) committed 
             Both:      294.00 MB reserved,      51.70 MB ( 18%) committed 

Chunk freelists:
   Non-Class:  8.00 KB
       Class:  29.00 KB
        Both:  37.00 KB

MaxMetaspaceSize: 256.00 MB
CompressedClassSpaceSize: 248.00 MB

CodeHeap 'non-profiled nmethods': size=120064Kb used=2902Kb max_used=2902Kb free=117161Kb
 bounds [0x0000021d87ac0000, 0x0000021d87da0000, 0x0000021d8f000000]
CodeHeap 'profiled nmethods': size=120000Kb used=11518Kb max_used=11518Kb free=108481Kb
 bounds [0x0000021d80590000, 0x0000021d810d0000, 0x0000021d87ac0000]
CodeHeap 'non-nmethods': size=5696Kb used=2350Kb max_used=2416Kb free=3345Kb
 bounds [0x0000021d80000000, 0x0000021d80280000, 0x0000021d80590000]
 total_blobs=6558 nmethods=5722 adapters=748
 compilation: enabled
              stopped_count=0, restarted_count=0
 full_count=0

Compilation events (20 events):
Event: 13.919 Thread 0x0000021d8f189790 nmethod 5724 0x0000021d87d94190 code [0x0000021d87d94320, 0x0000021d87d944d8]
Event: 13.919 Thread 0x0000021d8f189790 5725       4       java.util.stream.ReferencePipeline$2$1::begin (13 bytes)
Event: 13.923 Thread 0x0000021d8f189790 nmethod 5725 0x0000021d87d94610 code [0x0000021d87d947c0, 0x0000021d87d94a58]
Event: 13.923 Thread 0x0000021d8f189790 5726       4       java.util.Spliterators$IteratorSpliterator::forEachRemaining (58 bytes)
Event: 13.927 Thread 0x0000021d8f189790 nmethod 5726 0x0000021d87d94c10 code [0x0000021d87d94da0, 0x0000021d87d94fb8]
Event: 13.927 Thread 0x0000021d8f189790 5727       4       org.gradle.internal.fingerprint.impl.DefaultFileSystemLocationFingerprint::hashForType (73 bytes)
Event: 13.928 Thread 0x0000021d8f189790 nmethod 5727 0x0000021d87d95210 code [0x0000021d87d95380, 0x0000021d87d95418]
Event: 13.931 Thread 0x0000021d8f1d7440 5728   !   3       java.util.zip.ZipFile::close (44 bytes)
Event: 13.931 Thread 0x0000021d8f1d7440 nmethod 5728 0x0000021d810c9b10 code [0x0000021d810c9ce0, 0x0000021d810ca178]
Event: 13.931 Thread 0x0000021d8f1d7440 5729       3       java.util.WeakHashMap$HashIterator::hasNext (95 bytes)
Event: 13.932 Thread 0x0000021d8f1d7440 nmethod 5729 0x0000021d810ca410 code [0x0000021d810ca5e0, 0x0000021d810cab58]
Event: 13.932 Thread 0x0000021d8f1d7440 5732       3       java.util.WeakHashMap$Entry::getKey (8 bytes)
Event: 13.932 Thread 0x0000021d8f1d7440 nmethod 5732 0x0000021d810cad10 code [0x0000021d810caec0, 0x0000021d810cb138]
Event: 13.932 Thread 0x0000021d8f1d7440 5730       3       java.util.WeakHashMap$KeyIterator::next (8 bytes)
Event: 13.932 Thread 0x0000021d8f1d7440 nmethod 5730 0x0000021d810cb210 code [0x0000021d810cb3c0, 0x0000021d810cb768]
Event: 13.932 Thread 0x0000021d8f1d7440 5731       3       java.util.WeakHashMap$HashIterator::nextEntry (81 bytes)
Event: 13.933 Thread 0x0000021d8f1d7440 nmethod 5731 0x0000021d810cb890 code [0x0000021d810cba80, 0x0000021d810cc008]
Event: 13.933 Thread 0x0000021d8f1d7440 5733       3       java.util.WeakHashMap::unmaskNull (13 bytes)
Event: 13.933 Thread 0x0000021d8f1d7440 nmethod 5733 0x0000021d810cc190 code [0x0000021d810cc320, 0x0000021d810cc458]
Event: 13.934 Thread 0x0000021d8f189790 5734       4       java.util.WeakHashMap$HashIterator::hasNext (95 bytes)

GC Heap History (18 events):
Event: 0.682 GC heap before
{Heap before GC invocations=0 (full 0):
 garbage-first heap   total 262144K, used 17408K [0x00000000e0000000, 0x0000000100000000)
  region size 1024K, 12 young (12288K), 0 survivors (0K)
 Metaspace       used 1252K, capacity 4921K, committed 5120K, reserved 262144K
  class space    used 106K, capacity 467K, committed 512K, reserved 253952K
}
Event: 0.689 GC heap after
{Heap after GC invocations=1 (full 0):
 garbage-first heap   total 262144K, used 8192K [0x00000000e0000000, 0x0000000100000000)
  region size 1024K, 2 young (2048K), 2 survivors (2048K)
 Metaspace       used 1252K, capacity 4921K, committed 5120K, reserved 262144K
  class space    used 106K, capacity 467K, committed 512K, reserved 253952K
}
Event: 1.214 GC heap before
{Heap before GC invocations=1 (full 0):
 garbage-first heap   total 262144K, used 18432K [0x00000000e0000000, 0x0000000100000000)
  region size 1024K, 12 young (12288K), 2 survivors (2048K)
 Metaspace       used 3799K, capacity 6469K, committed 6656K, reserved 262144K
  class space    used 468K, capacity 727K, committed 768K, reserved 253952K
}
Event: 1.220 GC heap after
{Heap after GC invocations=2 (full 0):
 garbage-first heap   total 262144K, used 9044K [0x00000000e0000000, 0x0000000100000000)
  region size 1024K, 1 young (1024K), 1 survivors (1024K)
 Metaspace       used 3799K, capacity 6469K, committed 6656K, reserved 262144K
  class space    used 468K, capacity 727K, committed 768K, reserved 253952K
}
Event: 1.401 GC heap before
{Heap before GC invocations=2 (full 0):
 garbage-first heap   total 262144K, used 20308K [0x00000000e0000000, 0x0000000100000000)
  region size 1024K, 13 young (13312K), 1 survivors (1024K)
 Metaspace       used 3965K, capacity 6533K, committed 6656K, reserved 262144K
  class space    used 477K, capacity 727K, committed 768K, reserved 253952K
}
Event: 1.404 GC heap after
{Heap after GC invocations=3 (full 0):
 garbage-first heap   total 262144K, used 9319K [0x00000000e0000000, 0x0000000100000000)
  region size 1024K, 2 young (2048K), 2 survivors (2048K)
 Metaspace       used 3965K, capacity 6533K, committed 6656K, reserved 262144K
  class space    used 477K, capacity 727K, committed 768K, reserved 253952K
}
Event: 1.905 GC heap before
{Heap before GC invocations=3 (full 0):
 garbage-first heap   total 262144K, used 32871K [0x00000000e0000000, 0x0000000100000000)
  region size 1024K, 26 young (26624K), 2 survivors (2048K)
 Metaspace       used 4522K, capacity 7005K, committed 7040K, reserved 262144K
  class space    used 585K, capacity 863K, committed 896K, reserved 253952K
}
Event: 1.914 GC heap after
{Heap after GC invocations=4 (full 0):
 garbage-first heap   total 262144K, used 13701K [0x00000000e0000000, 0x0000000100000000)
  region size 1024K, 4 young (4096K), 4 survivors (4096K)
 Metaspace       used 4522K, capacity 7005K, committed 7040K, reserved 262144K
  class space    used 585K, capacity 863K, committed 896K, reserved 253952K
}
Event: 4.810 GC heap before
{Heap before GC invocations=4 (full 0):
 garbage-first heap   total 262144K, used 96645K [0x00000000e0000000, 0x0000000100000000)
  region size 1024K, 86 young (88064K), 4 survivors (4096K)
 Metaspace       used 20740K, capacity 21165K, committed 21296K, reserved 272384K
  class space    used 3004K, capacity 3174K, committed 3200K, reserved 253952K
}
Event: 4.840 GC heap after
{Heap after GC invocations=5 (full 0):
 garbage-first heap   total 262144K, used 19408K [0x00000000e0000000, 0x0000000100000000)
  region size 1024K, 10 young (10240K), 10 survivors (10240K)
 Metaspace       used 20740K, capacity 21165K, committed 21296K, reserved 272384K
  class space    used 3004K, capacity 3174K, committed 3200K, reserved 253952K
}
Event: 7.575 GC heap before
{Heap before GC invocations=6 (full 0):
 garbage-first heap   total 262144K, used 100304K [0x00000000e0000000, 0x0000000100000000)
  region size 1024K, 87 young (89088K), 10 survivors (10240K)
 Metaspace       used 35227K, capacity 35845K, committed 35920K, reserved 286720K
  class space    used 4684K, capacity 4858K, committed 4864K, reserved 253952K
}
Event: 7.634 GC heap after
{Heap after GC invocations=7 (full 0):
 garbage-first heap   total 262144K, used 26157K [0x00000000e0000000, 0x0000000100000000)
  region size 1024K, 7 young (7168K), 7 survivors (7168K)
 Metaspace       used 35227K, capacity 35845K, committed 35920K, reserved 286720K
  class space    used 4684K, capacity 4858K, committed 4864K, reserved 253952K
}
Event: 11.066 GC heap before
{Heap before GC invocations=8 (full 0):
 garbage-first heap   total 262144K, used 114221K [0x00000000e0000000, 0x0000000100000000)
  region size 1024K, 91 young (93184K), 7 survivors (7168K)
 Metaspace       used 45033K, capacity 45685K, committed 45776K, reserved 294912K
  class space    used 5997K, capacity 6216K, committed 6272K, reserved 253952K
}
Event: 11.124 GC heap after
{Heap after GC invocations=9 (full 0):
 garbage-first heap   total 262144K, used 37356K [0x00000000e0000000, 0x0000000100000000)
  region size 1024K, 8 young (8192K), 8 survivors (8192K)
 Metaspace       used 45033K, capacity 45685K, committed 45776K, reserved 294912K
  class space    used 5997K, capacity 6216K, committed 6272K, reserved 253952K
}
Event: 13.286 GC heap before
{Heap before GC invocations=9 (full 0):
 garbage-first heap   total 262144K, used 147948K [0x00000000e0000000, 0x0000000100000000)
  region size 1024K, 114 young (116736K), 8 survivors (8192K)
 Metaspace       used 51866K, capacity 52523K, committed 52560K, reserved 301056K
  class space    used 6888K, capacity 7139K, committed 7168K, reserved 253952K
}
Event: 13.359 GC heap after
{Heap after GC invocations=10 (full 0):
 garbage-first heap   total 262144K, used 66560K [0x00000000e0000000, 0x0000000100000000)
  region size 1024K, 15 young (15360K), 15 survivors (15360K)
 Metaspace       used 51866K, capacity 52523K, committed 52560K, reserved 301056K
  class space    used 6888K, capacity 7139K, committed 7168K, reserved 253952K
}
Event: 13.827 GC heap before
{Heap before GC invocations=10 (full 0):
 garbage-first heap   total 262144K, used 116736K [0x00000000e0000000, 0x0000000100000000)
  region size 1024K, 64 young (65536K), 15 survivors (15360K)
 Metaspace       used 51893K, capacity 52619K, committed 52944K, reserved 301056K
  class space    used 6890K, capacity 7171K, committed 7296K, reserved 253952K
}
Event: 13.873 GC heap after
{Heap after GC invocations=11 (full 0):
 garbage-first heap   total 262144K, used 85504K [0x00000000e0000000, 0x0000000100000000)
  region size 1024K, 8 young (8192K), 8 survivors (8192K)
 Metaspace       used 51893K, capacity 52619K, committed 52944K, reserved 301056K
  class space    used 6890K, capacity 7171K, committed 7296K, reserved 253952K
}

Deoptimization events (20 events):
Event: 13.480 Thread 0x0000021d905de090 DEOPT PACKING pc=0x0000021d810c6256 sp=0x000000f312ffb8c0
Event: 13.480 Thread 0x0000021d905de090 DEOPT UNPACKING pc=0x0000021d8004e23f sp=0x000000f312ffad88 mode 0
Event: 13.480 Thread 0x0000021d905de090 DEOPT PACKING pc=0x0000021d80bb6699 sp=0x000000f312ffb890
Event: 13.480 Thread 0x0000021d905de090 DEOPT UNPACKING pc=0x0000021d8004e23f sp=0x000000f312ffad80 mode 0
Event: 13.481 Thread 0x0000021d905de090 DEOPT PACKING pc=0x0000021d810c6256 sp=0x000000f312ffb8c0
Event: 13.481 Thread 0x0000021d905de090 DEOPT UNPACKING pc=0x0000021d8004e23f sp=0x000000f312ffad88 mode 0
Event: 13.481 Thread 0x0000021d905de090 DEOPT PACKING pc=0x0000021d80bb6699 sp=0x000000f312ffb890
Event: 13.481 Thread 0x0000021d905de090 DEOPT UNPACKING pc=0x0000021d8004e23f sp=0x000000f312ffad80 mode 0
Event: 13.482 Thread 0x0000021d905de090 DEOPT PACKING pc=0x0000021d810c6256 sp=0x000000f312ffb8c0
Event: 13.482 Thread 0x0000021d905de090 DEOPT UNPACKING pc=0x0000021d8004e23f sp=0x000000f312ffad88 mode 0
Event: 13.482 Thread 0x0000021d905de090 DEOPT PACKING pc=0x0000021d80bb6699 sp=0x000000f312ffb890
Event: 13.482 Thread 0x0000021d905de090 DEOPT UNPACKING pc=0x0000021d8004e23f sp=0x000000f312ffad80 mode 0
Event: 13.482 Thread 0x0000021d905de090 DEOPT PACKING pc=0x0000021d810c6256 sp=0x000000f312ffb8c0
Event: 13.482 Thread 0x0000021d905de090 DEOPT UNPACKING pc=0x0000021d8004e23f sp=0x000000f312ffad88 mode 0
Event: 13.488 Thread 0x0000021d905de090 Uncommon trap: trap_request=0xffffff45 fr.pc=0x0000021d87d716f4 relative=0x0000000000000514
Event: 13.488 Thread 0x0000021d905de090 Uncommon trap: reason=unstable_if action=reinterpret pc=0x0000021d87d716f4 method=sun.security.provider.DigestBase.engineUpdate([BII)V @ 1 c2
Event: 13.488 Thread 0x0000021d905de090 DEOPT PACKING pc=0x0000021d87d716f4 sp=0x000000f312ffb4f0
Event: 13.488 Thread 0x0000021d905de090 DEOPT UNPACKING pc=0x0000021d8004e42f sp=0x000000f312ffb4c8 mode 2
Event: 13.521 Thread 0x0000021d905de090 DEOPT PACKING pc=0x0000021d807e7d6f sp=0x000000f312ffb260
Event: 13.521 Thread 0x0000021d905de090 DEOPT UNPACKING pc=0x0000021d8004e23f sp=0x000000f312ffa7c8 mode 0

Classes unloaded (0 events):
No events

Classes redefined (0 events):
No events

Internal exceptions (20 events):
Event: 10.517 Thread 0x0000021d911ad030 Exception <a 'java/lang/ClassNotFoundException'{0x00000000ebea3a48}: org/gradle/api/internal/DefaultDomainObjectCollectionCustomizer> (0x00000000ebea3a48) 
thrown [./open/src/hotspot/share/classfile/systemDictionary.cpp, line 295]
Event: 10.524 Thread 0x0000021d911ad030 Exception <a 'java/lang/ClassNotFoundException'{0x00000000ebed4068}: org/gradle/api/internal/DefaultNamedDomainObjectCollectionCustomizer> (0x00000000ebed4068) 
thrown [./open/src/hotspot/share/classfile/systemDictionary.cpp, line 295]
Event: 10.528 Thread 0x0000021d911ad030 Exception <a 'java/lang/ClassNotFoundException'{0x00000000ebd0c300}: org/gradle/api/internal/DefaultNamedDomainObjectListCustomizer> (0x00000000ebd0c300) 
thrown [./open/src/hotspot/share/classfile/systemDictionary.cpp, line 295]
Event: 10.531 Thread 0x0000021d911ad030 Exception <a 'java/lang/ClassNotFoundException'{0x00000000ebd37f28}: org/gradle/api/internal/artifacts/DefaultArtifactRepositoryContainerCustomizer> (0x00000000ebd37f28) 
thrown [./open/src/hotspot/share/classfile/systemDictionary.cpp, line 295]
Event: 10.532 Thread 0x0000021d911ad030 Exception <a 'java/lang/ClassNotFoundException'{0x00000000ebd5bf60}: org/gradle/api/internal/artifacts/dsl/DefaultRepositoryHandlerCustomizer> (0x00000000ebd5bf60) 
thrown [./open/src/hotspot/share/classfile/systemDictionary.cpp, line 295]
Event: 10.539 Thread 0x0000021d911ad030 Exception <a 'java/lang/ClassNotFoundException'{0x00000000ebd8c898}: org/gradle/api/internal/artifacts/dsl/DefaultRepositoryHandler_DecoratedCustomizer> (0x00000000ebd8c898) 
thrown [./open/src/hotspot/share/classfile/systemDictionary.cpp, line 295]
Event: 10.554 Thread 0x0000021d911ad030 Exception <a 'java/lang/ClassNotFoundException'{0x00000000ebc0ca60}: org/gradle/api/internal/artifacts/dsl/dependencies/DefaultDependencyHandler_DecoratedBeanInfo> (0x00000000ebc0ca60) 
thrown [./open/src/hotspot/share/classfile/systemDictionary.cpp, line 295]
Event: 10.554 Thread 0x0000021d911ad030 Exception <a 'java/lang/ClassNotFoundException'{0x00000000ebc1e590}: org/gradle/api/internal/artifacts/dsl/dependencies/DefaultDependencyHandlerBeanInfo> (0x00000000ebc1e590) 
thrown [./open/src/hotspot/share/classfile/systemDictionary.cpp, line 295]
Event: 10.555 Thread 0x0000021d911ad030 Exception <a 'java/lang/ClassNotFoundException'{0x00000000ebc30080}: org/gradle/api/internal/artifacts/dsl/dependencies/DefaultDependencyHandlerCustomizer> (0x00000000ebc30080) 
thrown [./open/src/hotspot/share/classfile/systemDictionary.cpp, line 295]
Event: 10.558 Thread 0x0000021d911ad030 Exception <a 'java/lang/ClassNotFoundException'{0x00000000ebc670f8}: org/gradle/api/internal/artifacts/dsl/dependencies/DefaultDependencyHandler_DecoratedCustomizer> (0x00000000ebc670f8) 
thrown [./open/src/hotspot/share/classfile/systemDictionary.cpp, line 295]
Event: 10.882 Thread 0x0000021d911ad030 Exception <a 'java/lang/NoSuchMethodError'{0x00000000ea9c5a90}: 'java.lang.Object java.lang.invoke.DirectMethodHandle$Holder.newInvokeSpecial(java.lang.Object, java.lang.Object, int)'> (0x00000000ea9c5a90) 
thrown [./open/src/hotspot/share/interpreter/linkResolver.cpp, line 782]
Event: 11.388 Thread 0x0000021d911ad030 Exception <a 'java/lang/NoSuchMethodError'{0x00000000efb7c9a8}: 'int java.lang.invoke.DirectMethodHandle$Holder.invokeVirtual(java.lang.Object, java.lang.Object)'> (0x00000000efb7c9a8) 
thrown [./open/src/hotspot/share/interpreter/linkResolver.cpp, line 782]
Event: 11.416 Thread 0x0000021d905de090 Exception <a 'java/lang/NoSuchMethodError'{0x00000000efa15198}: 'java.lang.Object java.lang.invoke.DirectMethodHandle$Holder.newInvokeSpecial(java.lang.Object, java.lang.Object, java.lang.Object, java.lang.Object, java.lang.Object, java.lang.Object, java.lang.Object)'> (0x00000000efa15198) 
thrown [./open/src/hotspot/share/interpreter/linkResolver.cpp, line 782]
Event: 11.417 Thread 0x0000021d905de090 Exception <a 'java/lang/NoSuchMethodError'{0x00000000efa19848}: 'java.lang.Object java.lang.invoke.Invokers$Holder.linkToTargetMethod(java.lang.Object, java.lang.Object, java.lang.Object, java.lang.Object, java.lang.Object, java.lang.Object, java.lang.Object)'> (0x00000000efa19848) 
thrown [./open/src/hotspot/share/interpreter/linkResolver.cpp, line 782]
Event: 11.464 Thread 0x0000021d9160a830 Exception <a 'java/lang/NoSuchMethodError'{0x00000000efd0d170}: static Lorg/gradle/internal/build/event/types/DefaultTaskStartedProgressEvent;.<clinit>()V> (0x00000000efd0d170) 
thrown [./open/src/hotspot/share/prims/jni.cpp, line 1204]
Event: 11.464 Thread 0x0000021d9160a830 Exception <a 'java/lang/NoSuchMethodError'{0x00000000efd0e790}: static Lorg/gradle/internal/build/event/types/AbstractProgressEvent;.<clinit>()V> (0x00000000efd0e790) 
thrown [./open/src/hotspot/share/prims/jni.cpp, line 1204]
Event: 11.465 Thread 0x0000021d9160a830 Exception <a 'java/lang/NoSuchMethodError'{0x00000000ef95e1d0}: static Lorg/gradle/internal/build/event/types/DefaultTaskDescriptor;.<clinit>()V> (0x00000000ef95e1d0) 
thrown [./open/src/hotspot/share/prims/jni.cpp, line 1204]
Event: 11.468 Thread 0x0000021d9160a830 Exception <a 'java/lang/NoSuchMethodError'{0x00000000ef96e798}: static Lorg/gradle/internal/operations/OperationIdentifier;.<clinit>()V> (0x00000000ef96e798) 
thrown [./open/src/hotspot/share/prims/jni.cpp, line 1204]
Event: 11.469 Thread 0x0000021d9160a830 Exception <a 'java/lang/NoSuchMethodError'{0x00000000ef9764b8}: static Lorg/gradle/internal/build/event/types/DefaultBinaryPluginIdentifier;.<clinit>()V> (0x00000000ef9764b8) 
thrown [./open/src/hotspot/share/prims/jni.cpp, line 1204]
Event: 13.930 Thread 0x0000021d905de090 Exception <a 'java/lang/OutOfMemoryError'{0x00000000ef9467d0}> (0x00000000ef9467d0) 
thrown [./open/src/hotspot/share/prims/jni.cpp, line 599]

Events (20 events):
Event: 12.745 loading class java/util/stream/SortedOps$OfRef
Event: 12.745 loading class java/util/stream/SortedOps$OfRef done
Event: 12.746 Executing VM operation: HandshakeAllThreads
Event: 12.746 Executing VM operation: HandshakeAllThreads done
Event: 12.747 loading class java/util/stream/SortedOps$RefSortingSink
Event: 12.747 loading class java/util/stream/SortedOps$AbstractRefSortingSink
Event: 12.747 loading class java/util/stream/SortedOps$AbstractRefSortingSink done
Event: 12.747 loading class java/util/stream/SortedOps$RefSortingSink done
Event: 12.966 loading class jdk/internal/access/foreign/MemorySegmentProxy
Event: 12.966 loading class jdk/internal/access/foreign/MemorySegmentProxy done
Event: 13.286 Executing VM operation: G1CollectForAllocation
Event: 13.367 Executing VM operation: G1CollectForAllocation done
Event: 13.827 Executing VM operation: G1CollectForAllocation
Event: 13.874 Executing VM operation: G1CollectForAllocation done
Event: 13.930 loading class java/util/zip/DataFormatException
Event: 13.931 loading class java/util/zip/DataFormatException done
Event: 13.931 loading class java/util/WeakHashMap$KeyIterator
Event: 13.931 loading class java/util/WeakHashMap$HashIterator
Event: 13.931 loading class java/util/WeakHashMap$HashIterator done
Event: 13.931 loading class java/util/WeakHashMap$KeyIterator done


Dynamic libraries:
0x00007ff7a7dc0000 - 0x00007ff7a7dcf000 	C:\Program Files\Java\jdk-15.0.2\bin\java.exe
0x00007ffb40eb0000 - 0x00007ffb410a5000 	C:\windows\SYSTEM32\ntdll.dll
0x00007ffb3f220000 - 0x00007ffb3f2dd000 	C:\windows\System32\KERNEL32.DLL
0x00007ffb3e8e0000 - 0x00007ffb3eba9000 	C:\windows\System32\KERNELBASE.dll
0x00007ffb3ee10000 - 0x00007ffb3ef10000 	C:\windows\System32\ucrtbase.dll
0x00007ffb20080000 - 0x00007ffb20098000 	C:\Program Files\Java\jdk-15.0.2\bin\jli.dll
0x00007ffb1bfd0000 - 0x00007ffb1bfe9000 	C:\Program Files\Java\jdk-15.0.2\bin\VCRUNTIME140.dll
0x00007ffb3f170000 - 0x00007ffb3f21c000 	C:\windows\System32\ADVAPI32.dll
0x00007ffb403a0000 - 0x00007ffb4043e000 	C:\windows\System32\msvcrt.dll
0x00007ffb3fd60000 - 0x00007ffb3fdfc000 	C:\windows\System32\sechost.dll
0x00007ffb3f490000 - 0x00007ffb3f5bb000 	C:\windows\System32\RPCRT4.dll
0x00007ffb3f2e0000 - 0x00007ffb3f480000 	C:\windows\System32\USER32.dll
0x00007ffb3ec80000 - 0x00007ffb3eca2000 	C:\windows\System32\win32u.dll
0x00007ffb3efc0000 - 0x00007ffb3efea000 	C:\windows\System32\GDI32.dll
0x00007ffb3e7d0000 - 0x00007ffb3e8db000 	C:\windows\System32\gdi32full.dll
0x00007ffb24e70000 - 0x00007ffb2510a000 	C:\windows\WinSxS\amd64_microsoft.windows.common-controls_6595b64144ccf1df_6.0.19041.844_none_ca00b6081b84eb1d\COMCTL32.dll
0x00007ffb3e620000 - 0x00007ffb3e6bd000 	C:\windows\System32\msvcp_win.dll
0x00007ffb36420000 - 0x00007ffb3642a000 	C:\windows\SYSTEM32\VERSION.dll
0x00007ffb40e30000 - 0x00007ffb40e60000 	C:\windows\System32\IMM32.DLL
0x00007ffb20070000 - 0x00007ffb2007c000 	C:\Program Files\Java\jdk-15.0.2\bin\vcruntime140_1.dll
0x00007ffb1a330000 - 0x00007ffb1a3c1000 	C:\Program Files\Java\jdk-15.0.2\bin\msvcp140.dll
0x00007ffb001c0000 - 0x00007ffb00d1e000 	C:\Program Files\Java\jdk-15.0.2\bin\server\jvm.dll
0x00007ffb3f480000 - 0x00007ffb3f488000 	C:\windows\System32\PSAPI.DLL
0x00007ffb126e0000 - 0x00007ffb126e9000 	C:\windows\SYSTEM32\WSOCK32.dll
0x00007ffb40d60000 - 0x00007ffb40dcb000 	C:\windows\System32\WS2_32.dll
0x00007ffb1a600000 - 0x00007ffb1a627000 	C:\windows\SYSTEM32\WINMM.dll
0x00007ffb3c530000 - 0x00007ffb3c542000 	C:\windows\SYSTEM32\kernel.appcore.dll
0x00007ffb1bfc0000 - 0x00007ffb1bfca000 	C:\Program Files\Java\jdk-15.0.2\bin\jimage.dll
0x00007ffb356a0000 - 0x00007ffb35884000 	C:\windows\SYSTEM32\DBGHELP.DLL
0x00007ffb35670000 - 0x00007ffb3569c000 	C:\windows\SYSTEM32\dbgcore.DLL
0x00007ffb3ec00000 - 0x00007ffb3ec80000 	C:\windows\System32\bcryptPrimitives.dll
0x00007ffb1bef0000 - 0x00007ffb1bf15000 	C:\Program Files\Java\jdk-15.0.2\bin\java.dll
0x00007ffb405b0000 - 0x00007ffb40cf2000 	C:\windows\System32\SHELL32.dll
0x00007ffb3c730000 - 0x00007ffb3cec0000 	C:\windows\SYSTEM32\windows.storage.dll
0x00007ffb3f840000 - 0x00007ffb3fb95000 	C:\windows\System32\combase.dll
0x00007ffb3dec0000 - 0x00007ffb3deec000 	C:\windows\SYSTEM32\Wldp.dll
0x00007ffb3ef10000 - 0x00007ffb3efbe000 	C:\windows\System32\SHCORE.dll
0x00007ffb40d00000 - 0x00007ffb40d55000 	C:\windows\System32\shlwapi.dll
0x00007ffb3e530000 - 0x00007ffb3e54f000 	C:\windows\SYSTEM32\profapi.dll
0x00007ffb1bd60000 - 0x00007ffb1bd79000 	C:\Program Files\Java\jdk-15.0.2\bin\net.dll
0x00007ffb36760000 - 0x00007ffb3686c000 	C:\windows\SYSTEM32\WINHTTP.dll
0x00007ffb3dcb0000 - 0x00007ffb3dd1a000 	C:\windows\system32\mswsock.dll
0x00007ffb1bcf0000 - 0x00007ffb1bd02000 	C:\Program Files\Java\jdk-15.0.2\bin\nio.dll
0x00007ffb1bcd0000 - 0x00007ffb1bce8000 	C:\Program Files\Java\jdk-15.0.2\bin\zip.dll
0x00007ffb1bde0000 - 0x00007ffb1bdf0000 	C:\Program Files\Java\jdk-15.0.2\bin\verify.dll
0x00007ffb26980000 - 0x00007ffb269a7000 	C:\Users\mystic\.gradle\native\fdc75f09e3144964f2cf3f50f0aa648679c211496f362492102eb8c894070792\windows-amd64\native-platform.dll
0x00007ffafb300000 - 0x00007ffafb496000 	C:\Users\mystic\.gradle\native\12488b8bf47d2d4c9fbf2f6322a914ad602e24e48041cd04a747c6da556b65c4\windows-amd64\native-platform-file-events.dll
0x00007ffb1bdb0000 - 0x00007ffb1bdb9000 	C:\Program Files\Java\jdk-15.0.2\bin\management.dll
0x00007ffb1bd50000 - 0x00007ffb1bd5b000 	C:\Program Files\Java\jdk-15.0.2\bin\management_ext.dll
0x00007ffb3e1f0000 - 0x00007ffb3e208000 	C:\windows\SYSTEM32\CRYPTSP.dll
0x00007ffb3d670000 - 0x00007ffb3d6a4000 	C:\windows\system32\rsaenh.dll
0x00007ffb3e5f0000 - 0x00007ffb3e617000 	C:\windows\System32\bcrypt.dll
0x00007ffb3e4b0000 - 0x00007ffb3e4de000 	C:\windows\SYSTEM32\USERENV.dll
0x00007ffb3de30000 - 0x00007ffb3de3c000 	C:\windows\SYSTEM32\CRYPTBASE.dll
0x00007ffb3d9c0000 - 0x00007ffb3d9fb000 	C:\windows\SYSTEM32\IPHLPAPI.DLL
0x00007ffb40e60000 - 0x00007ffb40e68000 	C:\windows\System32\NSI.dll
0x00007ffb368e0000 - 0x00007ffb368f7000 	C:\windows\SYSTEM32\dhcpcsvc6.DLL
0x00007ffb36740000 - 0x00007ffb3675d000 	C:\windows\SYSTEM32\dhcpcsvc.DLL
0x00007ffb3da00000 - 0x00007ffb3dacb000 	C:\windows\SYSTEM32\DNSAPI.dll
0x00007ffb36cb0000 - 0x00007ffb36cbb000 	C:\windows\SYSTEM32\WINNSI.DLL

dbghelp: loaded successfully - version: 4.0.5 - missing functions: none
symbol engine: initialized successfully - sym options: 0x614 - pdb path: .;C:\Program Files\Java\jdk-15.0.2\bin;C:\windows\SYSTEM32;C:\windows\WinSxS\amd64_microsoft.windows.common-controls_6595b64144ccf1df_6.0.19041.844_none_ca00b6081b84eb1d;C:\Program Files\Java\jdk-15.0.2\bin\server;C:\Users\mystic\.gradle\native\fdc75f09e3144964f2cf3f50f0aa648679c211496f362492102eb8c894070792\windows-amd64;C:\Users\mystic\.gradle\native\12488b8bf47d2d4c9fbf2f6322a914ad602e24e48041cd04a747c6da556b65c4\windows-amd64

VM Arguments:
jvm_args: --add-opens=java.base/java.util=ALL-UNNAMED --add-opens=java.base/java.lang=ALL-UNNAMED --add-opens=java.base/java.lang.invoke=ALL-UNNAMED --add-opens=java.prefs/java.util.prefs=ALL-UNNAMED -XX:MaxMetaspaceSize=256m -XX:+HeapDumpOnOutOfMemoryError -Xms256m -Xmx512m -Dfile.encoding=windows-1252 -Duser.country=US -Duser.language=en -Duser.variant 
java_command: org.gradle.launcher.daemon.bootstrap.GradleDaemon 6.8
java_class_path (initial): C:\Users\mystic\.gradle\wrapper\dists\gradle-6.8-bin\1jblhjyydfkclfzx1agp92nyl\gradle-6.8\lib\gradle-launcher-6.8.jar
Launcher Type: SUN_STANDARD

[Global flags]
     intx CICompilerCount                          = 2                                         {product} {ergonomic}
   size_t CompressedClassSpaceSize                 = 260046848                                 {product} {ergonomic}
     uint ConcGCThreads                            = 1                                         {product} {ergonomic}
     uint G1ConcRefinementThreads                  = 2                                         {product} {ergonomic}
   size_t G1HeapRegionSize                         = 1048576                                   {product} {ergonomic}
    uintx GCDrainStackTargetSize                   = 64                                        {product} {ergonomic}
     bool HeapDumpOnOutOfMemoryError               = true                                   {manageable} {command line}
   size_t InitialHeapSize                          = 268435456                                 {product} {command line}
   size_t MarkStackSize                            = 4194304                                   {product} {ergonomic}
   size_t MaxHeapSize                              = 536870912                                 {product} {command line}
   size_t MaxMetaspaceSize                         = 268435456                                 {product} {command line}
   size_t MaxNewSize                               = 321912832                                 {product} {ergonomic}
   size_t MinHeapDeltaBytes                        = 1048576                                   {product} {ergonomic}
   size_t MinHeapSize                              = 268435456                                 {product} {command line}
    uintx NonNMethodCodeHeapSize                   = 5826188                                {pd product} {ergonomic}
    uintx NonProfiledCodeHeapSize                  = 122916026                              {pd product} {ergonomic}
    uintx ProfiledCodeHeapSize                     = 122916026                              {pd product} {ergonomic}
    uintx ReservedCodeCacheSize                    = 251658240                              {pd product} {ergonomic}
     bool SegmentedCodeCache                       = true                                      {product} {ergonomic}
   size_t SoftMaxHeapSize                          = 536870912                              {manageable} {ergonomic}
     bool UseCompressedClassPointers               = true                                 {lp64_product} {ergonomic}
     bool UseCompressedOops                        = true                                 {lp64_product} {ergonomic}
     bool UseG1GC                                  = true                                      {product} {ergonomic}
     bool UseLargePagesIndividualAllocation        = false                                  {pd product} {ergonomic}

Logging:
Log output configuration:
 #0: stdout all=warning uptime,level,tags
 #1: stderr all=off uptime,level,tags

Environment Variables:
PATH=C:\Program Files (x86)\Microsoft SDKs\Azure\CLI2\wbin;C:\Program Files\Common Files\Oracle\Java\javapath;C:\Python39\Scripts\;C:\Python39\;C:\windows\system32;C:\windows;C:\windows\System32\Wbem;C:\windows\System32\WindowsPowerShell\v1.0\;C:\windows\System32\OpenSSH\;C:\Program Files\Microsoft SQL Server\130\Tools\Binn\;C:\Program Files\Microsoft SQL Server\Client SDK\ODBC\170\Tools\Binn\;C:\Program Files\nodejs\;C:\ProgramData\chocolatey\bin;C:\Program Files\Java\jdk-15.0.2\bin;C:\Program Files\Git\cmd;C:\Program Files\dotnet\;C:\Program Files\Docker\Docker\resources\bin;C:\ProgramData\DockerDesktop\version-bin;C:\Users\mystic\AppData\Local\Microsoft\WindowsApps;C:\Users\mystic\AppData\Roaming\npm;C:\Users\mystic\AppData\Local\Programs\Microsoft VS Code\bin;C:\Users\mystic\.dotnet\tools;C:\Program Files\JetBrains\IntelliJ IDEA Community Edition 2021.1.1\bin;
USERNAME=mystic
OS=Windows_NT
PROCESSOR_IDENTIFIER=Intel64 Family 6 Model 85 Stepping 4, GenuineIntel



---------------  S Y S T E M  ---------------

OS:
 Windows 10 , 64 bit Build 19041 (10.0.19041.804)
OS uptime: 0 days 6:29 hours
HyperV virtualization detected

CPU: total 2 (initial active 2) (1 cores per cpu, 2 threads per core) family 6 model 85 stepping 4 microcode 0xffffffff, cmov, cx8, fxsr, mmx, sse, sse2, sse3, ssse3, sse4.1, sse4.2, popcnt, vzeroupper, avx, avx2, aes, clmul, erms, rtm, 3dnowpref, lzcnt, ht, tsc, bmi1, bmi2, adx, fma, clflush, clflushopt

Memory: 4k page, system-wide physical 8191M (1342M free)
TotalPageFile size 10239M (AvailPageFile size 56M)
current process WorkingSet (physical memory assigned to process): 499M, peak: 523M
current process commit charge ("private bytes"): 694M, peak: 748M

vm_info: Java HotSpot(TM) 64-Bit Server VM (15.0.2+7-27) for windows-amd64 JRE (15.0.2+7-27), built on Dec  7 2020 20:07:01 by "mach5one" with unknown MS VC++:1925

END.
