#
# There is insufficient memory for the Java Runtime Environment to continue.
# Native memory allocation (malloc) failed to allocate 593456 bytes for Chunk::new
# Possible reasons:
#   The system is out of physical RAM or swap space
#   The process is running with CompressedOops enabled, and the Java Heap may be blocking the growth of the native heap
# Possible solutions:
#   Reduce memory load on the system
#   Increase physical memory or swap space
#   Check if swap backing store is full
#   Decrease Java heap size (-Xmx/-Xms)
#   Decrease number of Java threads
#   Decrease Java thread stack sizes (-Xss)
#   Set larger code cache with -XX:ReservedCodeCacheSize=
#   JVM is running with Unscaled Compressed Oops mode in which the Java heap is
#     placed in the first 4GB address space. The Java Heap base address is the
#     maximum limit for the native heap growth. Please use -XX:HeapBaseMinAddress
#     to set the Java Heap base and to place the Java Heap above 4GB virtual address.
# This output file may be truncated or incomplete.
#
#  Out of Memory Error (./open/src/hotspot/share/memory/arena.cpp:195), pid=7984, tid=10332
#
# JRE version: Java(TM) SE Runtime Environment (15.0.2+7) (build 15.0.2+7-27)
# Java VM: Java HotSpot(TM) 64-Bit Server VM (15.0.2+7-27, mixed mode, sharing, tiered, compressed oops, g1 gc, windows-amd64)
# No core dump will be written. Minidumps are not enabled by default on client versions of Windows
#

---------------  S U M M A R Y ------------

Command Line: --add-opens=java.base/java.util=ALL-UNNAMED --add-opens=java.base/java.lang=ALL-UNNAMED --add-opens=java.base/java.lang.invoke=ALL-UNNAMED --add-opens=java.prefs/java.util.prefs=ALL-UNNAMED -XX:MaxMetaspaceSize=256m -XX:+HeapDumpOnOutOfMemoryError -Xms256m -Xmx512m -Dfile.encoding=windows-1252 -Duser.country=US -Duser.language=en -Duser.variant org.gradle.launcher.daemon.bootstrap.GradleDaemon 6.8

Host: Intel(R) Xeon(R) Platinum 8171M CPU @ 2.60GHz, 2 cores, 7G,  Windows 10 , 64 bit Build 19041 (10.0.19041.804)
Time: Mon May 31 13:34:46 2021 Coordinated Universal Time elapsed time: 2135.303555 seconds (0d 0h 35m 35s)

---------------  T H R E A D  ---------------

Current thread (0x000001c7ebf5aba0):  JavaThread "C2 CompilerThread0" daemon [_thread_in_native, id=10332, stack(0x0000001f92900000,0x0000001f92a00000)]


Current CompileTask:
C2:2135303 13422   !   4       java.util.zip.ZipFile$CleanableResource::run (251 bytes)

Stack: [0x0000001f92900000,0x0000001f92a00000]
Native frames: (J=compiled Java code, j=interpreted, Vv=VM code, C=native code)
V  [jvm.dll+0x62ae9a]
V  [jvm.dll+0x7817a9]
V  [jvm.dll+0x782f03]
V  [jvm.dll+0x783563]
V  [jvm.dll+0x216325]
V  [jvm.dll+0x97f3a]
V  [jvm.dll+0x9861c]
V  [jvm.dll+0x32e2a8]
V  [jvm.dll+0x2f768a]
V  [jvm.dll+0x2f6a4a]
V  [jvm.dll+0x1ea705]
V  [jvm.dll+0x1e996e]
V  [jvm.dll+0x178567]
V  [jvm.dll+0x1f9225]
V  [jvm.dll+0x1f72cc]
V  [jvm.dll+0x74495d]
V  [jvm.dll+0x73d75a]
V  [jvm.dll+0x629c56]
C  [ucrtbase.dll+0x21bb2]
C  [KERNEL32.DLL+0x17034]
C  [ntdll.dll+0x52651]


---------------  P R O C E S S  ---------------

Threads class SMR info:
_java_thread_list=0x000001c78508a5e0, length=62, elements={
0x000001c7d196f220, 0x000001c7ebf35a60, 0x000001c7ebf36540, 0x000001c7ebf53c50,
0x000001c7ebf57530, 0x000001c7ebf57ef0, 0x000001c7ebf5aba0, 0x000001c7ebfc8ff0,
0x000001c7ebfc9500, 0x000001c7ec9284d0, 0x000001c7ec9919b0, 0x000001c7eddf9430,
0x000001c7ee31c420, 0x000001c7edfdf2c0, 0x000001c7ed4c82b0, 0x000001c7ed4c7910,
0x000001c7ed4c65d0, 0x000001c7ed4c9120, 0x000001c7ed4c6100, 0x000001c7ee86f2c0,
0x000001c7ee59f910, 0x000001c7ee59ef70, 0x000001c7ee5a0c50, 0x000001c7ee5a5480,
0x000001c7ee5a02b0, 0x000001c7ee5a37a0, 0x000001c7ee5a1ac0, 0x000001c7ee5a2e00,
0x000001c7ee5a1f90, 0x000001c7ee5a5950, 0x000001c7ee5a5e20, 0x000001c7ee5a4610,
0x000001c7ee5a4ae0, 0x000001c7ee5a32d0, 0x000001c7ee5a15f0, 0x000001c7ee5a0780,
0x000001c7ee5a2460, 0x000001c7ee5a3c70, 0x000001c7ee5a67c0, 0x000001c7ee5a4140,
0x000001c7ee5a62f0, 0x000001c7ee870fa0, 0x000001c7ee873af0, 0x000001c7ee871940,
0x000001c7ee86e920, 0x000001c7ee86e450, 0x000001c7ee875ca0, 0x000001c7ee86edf0,
0x000001c7ee872c80, 0x000001c7ee873fc0, 0x000001c7ee874490, 0x000001c7ee870130,
0x000001c7ee870ad0, 0x000001c7ee874960, 0x000001c7ee875300, 0x000001c7ee871470,
0x000001c7ee8722e0, 0x000001c7ee873150, 0x000001c7ee871e10, 0x000001c7ee874e30,
0x000001c7ee8b7230, 0x000001c7ee8b2530
}

Java Threads: ( => current thread )
  0x000001c7d196f220 JavaThread "main" [_thread_blocked, id=2576, stack(0x0000001f91c00000,0x0000001f91d00000)]
  0x000001c7ebf35a60 JavaThread "Reference Handler" daemon [_thread_blocked, id=9028, stack(0x0000001f92400000,0x0000001f92500000)]
  0x000001c7ebf36540 JavaThread "Finalizer" daemon [_thread_blocked, id=6940, stack(0x0000001f92500000,0x0000001f92600000)]
  0x000001c7ebf53c50 JavaThread "Signal Dispatcher" daemon [_thread_blocked, id=7060, stack(0x0000001f92600000,0x0000001f92700000)]
  0x000001c7ebf57530 JavaThread "Attach Listener" daemon [_thread_blocked, id=5636, stack(0x0000001f92700000,0x0000001f92800000)]
  0x000001c7ebf57ef0 JavaThread "Service Thread" daemon [_thread_blocked, id=9628, stack(0x0000001f92800000,0x0000001f92900000)]
=>0x000001c7ebf5aba0 JavaThread "C2 CompilerThread0" daemon [_thread_in_native, id=10332, stack(0x0000001f92900000,0x0000001f92a00000)]
  0x000001c7ebfc8ff0 JavaThread "C1 CompilerThread0" daemon [_thread_blocked, id=4732, stack(0x0000001f92a00000,0x0000001f92b00000)]
  0x000001c7ebfc9500 JavaThread "Sweeper thread" daemon [_thread_blocked, id=9616, stack(0x0000001f92b00000,0x0000001f92c00000)]
  0x000001c7ec9284d0 JavaThread "Common-Cleaner" daemon [_thread_blocked, id=10112, stack(0x0000001f92c00000,0x0000001f92d00000)]
  0x000001c7ec9919b0 JavaThread "Notification Thread" daemon [_thread_blocked, id=3404, stack(0x0000001f92d00000,0x0000001f92e00000)]
  0x000001c7eddf9430 JavaThread "Daemon health stats" [_thread_blocked, id=11108, stack(0x0000001f93100000,0x0000001f93200000)]
  0x000001c7ee31c420 JavaThread "Incoming local TCP Connector on port 61699" [_thread_in_native, id=6208, stack(0x0000001f93400000,0x0000001f93500000)]
  0x000001c7edfdf2c0 JavaThread "Daemon periodic checks" [_thread_blocked, id=10572, stack(0x0000001f93500000,0x0000001f93600000)]
  0x000001c7ed4c82b0 JavaThread "Cache worker for file hash cache (C:\Users\mystic\.gradle\caches\6.8\fileHashes)" [_thread_blocked, id=1884, stack(0x0000001f93d00000,0x0000001f93e00000)]
  0x000001c7ed4c7910 JavaThread "File lock request listener" [_thread_in_native, id=9516, stack(0x0000001f93e00000,0x0000001f93f00000)]
  0x000001c7ed4c65d0 JavaThread "Cache worker for journal cache (C:\Users\mystic\.gradle\caches\journal-1)" [_thread_blocked, id=11008, stack(0x0000001f93f00000,0x0000001f94000000)]
  0x000001c7ed4c9120 JavaThread "Cache worker for execution history cache (C:\Users\mystic\.gradle\caches\6.8\executionHistory)" [_thread_blocked, id=6448, stack(0x0000001f94400000,0x0000001f94500000)]
  0x000001c7ed4c6100 JavaThread "Cache worker for file content cache (C:\Users\mystic\.gradle\caches\6.8\fileContent)" [_thread_blocked, id=7880, stack(0x0000001f94600000,0x0000001f94700000)]
  0x000001c7ee86f2c0 JavaThread "Memory manager" [_thread_blocked, id=10084, stack(0x0000001f96100000,0x0000001f96200000)]
  0x000001c7ee59f910 JavaThread "Daemon Thread 4" [_thread_blocked, id=4064, stack(0x0000001f91b00000,0x0000001f91c00000)]
  0x000001c7ee59ef70 JavaThread "Handler for socket connection from /127.0.0.1:61699 to /127.0.0.1:62253" [_thread_in_native, id=924, stack(0x0000001f91d00000,0x0000001f91e00000)]
  0x000001c7ee5a0c50 JavaThread "Cancel handler" [_thread_blocked, id=10596, stack(0x0000001f93200000,0x0000001f93300000)]
  0x000001c7ee5a5480 JavaThread "Daemon worker Thread 4" [_thread_in_native, id=5332, stack(0x0000001f93300000,0x0000001f93400000)]
  0x000001c7ee5a02b0 JavaThread "Asynchronous log dispatcher for DefaultDaemonConnection: socket connection from /127.0.0.1:61699 to /127.0.0.1:62253" [_thread_blocked, id=7740, stack(0x0000001f93600000,0x0000001f93700000)]
  0x000001c7ee5a37a0 JavaThread "Stdin handler" [_thread_blocked, id=5932, stack(0x0000001f93700000,0x0000001f93800000)]
  0x000001c7ee5a1ac0 JavaThread "Daemon client event forwarder" [_thread_blocked, id=1020, stack(0x0000001f93800000,0x0000001f93900000)]
  0x000001c7ee5a2e00 JavaThread "Cache worker for file hash cache (C:\Users\mystic\IdeaProjects\secondtrydrum\.gradle\6.8\fileHashes)" [_thread_blocked, id=10884, stack(0x0000001f93900000,0x0000001f93a00000)]
  0x000001c7ee5a1f90 JavaThread "Cache worker for checksums cache (C:\Users\mystic\IdeaProjects\secondtrydrum\.gradle\checksums)" [_thread_blocked, id=9912, stack(0x0000001f93a00000,0x0000001f93b00000)]
  0x000001c7ee5a5950 JavaThread "Cache worker for cache directory md-supplier (C:\Users\mystic\.gradle\caches\6.8\md-supplier)" [_thread_blocked, id=8216, stack(0x0000001f93b00000,0x0000001f93c00000)]
  0x000001c7ee5a5e20 JavaThread "Cache worker for cache directory md-rule (C:\Users\mystic\.gradle\caches\6.8\md-rule)" [_thread_blocked, id=7340, stack(0x0000001f93c00000,0x0000001f93d00000)]
  0x000001c7ee5a4610 JavaThread "jar transforms Thread 90" [_thread_blocked, id=5612, stack(0x0000001f94000000,0x0000001f94100000)]
  0x000001c7ee5a4ae0 JavaThread "Cache worker for Build Output Cleanup Cache (C:\Users\mystic\IdeaProjects\secondtrydrum\.gradle\buildOutputCleanup)" [_thread_blocked, id=5616, stack(0x0000001f94100000,0x0000001f94200000)]
  0x000001c7ee5a32d0 JavaThread "Build operations" [_thread_blocked, id=3312, stack(0x0000001f94200000,0x0000001f94300000)]
  0x000001c7ee5a15f0 JavaThread "Build operations Thread 2" [_thread_blocked, id=7972, stack(0x0000001f94300000,0x0000001f94400000)]
  0x000001c7ee5a0780 JavaThread "jar transforms Thread 91" [_thread_blocked, id=8080, stack(0x0000001f94500000,0x0000001f94600000)]
  0x000001c7ee5a2460 JavaThread "jar transforms Thread 92" [_thread_blocked, id=5828, stack(0x0000001f94700000,0x0000001f94800000)]
  0x000001c7ee5a3c70 JavaThread "jar transforms Thread 93" [_thread_blocked, id=2136, stack(0x0000001f94800000,0x0000001f94900000)]
  0x000001c7ee5a67c0 JavaThread "jar transforms Thread 94" [_thread_blocked, id=8436, stack(0x0000001f94900000,0x0000001f94a00000)]
  0x000001c7ee5a4140 JavaThread "jar transforms Thread 95" [_thread_blocked, id=7440, stack(0x0000001f94a00000,0x0000001f94b00000)]
  0x000001c7ee5a62f0 JavaThread "jar transforms Thread 96" [_thread_blocked, id=8744, stack(0x0000001f94b00000,0x0000001f94c00000)]
  0x000001c7ee870fa0 JavaThread "jar transforms Thread 97" [_thread_blocked, id=6040, stack(0x0000001f94c00000,0x0000001f94d00000)]
  0x000001c7ee873af0 JavaThread "jar transforms Thread 98" [_thread_blocked, id=3672, stack(0x0000001f94d00000,0x0000001f94e00000)]
  0x000001c7ee871940 JavaThread "jar transforms Thread 99" [_thread_blocked, id=4748, stack(0x0000001f94e00000,0x0000001f94f00000)]
  0x000001c7ee86e920 JavaThread "jar transforms Thread 100" [_thread_blocked, id=6328, stack(0x0000001f94f00000,0x0000001f95000000)]
  0x000001c7ee86e450 JavaThread "jar transforms Thread 101" [_thread_blocked, id=8356, stack(0x0000001f95000000,0x0000001f95100000)]
  0x000001c7ee875ca0 JavaThread "jar transforms Thread 102" [_thread_blocked, id=3324, stack(0x0000001f95100000,0x0000001f95200000)]
  0x000001c7ee86edf0 JavaThread "jar transforms Thread 103" [_thread_blocked, id=3164, stack(0x0000001f95200000,0x0000001f95300000)]
  0x000001c7ee872c80 JavaThread "jar transforms Thread 104" [_thread_blocked, id=8408, stack(0x0000001f95300000,0x0000001f95400000)]
  0x000001c7ee873fc0 JavaThread "jar transforms Thread 105" [_thread_blocked, id=2732, stack(0x0000001f95400000,0x0000001f95500000)]
  0x000001c7ee874490 JavaThread "jar transforms Thread 106" [_thread_blocked, id=7016, stack(0x0000001f95500000,0x0000001f95600000)]
  0x000001c7ee870130 JavaThread "jar transforms Thread 107" [_thread_blocked, id=5752, stack(0x0000001f95600000,0x0000001f95700000)]
  0x000001c7ee870ad0 JavaThread "jar transforms Thread 108" [_thread_blocked, id=5820, stack(0x0000001f95700000,0x0000001f95800000)]
  0x000001c7ee874960 JavaThread "jar transforms Thread 109" [_thread_blocked, id=2868, stack(0x0000001f95800000,0x0000001f95900000)]
  0x000001c7ee875300 JavaThread "jar transforms Thread 110" [_thread_blocked, id=9408, stack(0x0000001f95900000,0x0000001f95a00000)]
  0x000001c7ee871470 JavaThread "jar transforms Thread 111" [_thread_blocked, id=980, stack(0x0000001f95a00000,0x0000001f95b00000)]
  0x000001c7ee8722e0 JavaThread "jar transforms Thread 112" [_thread_blocked, id=10576, stack(0x0000001f95b00000,0x0000001f95c00000)]
  0x000001c7ee873150 JavaThread "jar transforms Thread 113" [_thread_blocked, id=1048, stack(0x0000001f95c00000,0x0000001f95d00000)]
  0x000001c7ee871e10 JavaThread "jar transforms Thread 114" [_thread_blocked, id=5168, stack(0x0000001f95d00000,0x0000001f95e00000)]
  0x000001c7ee874e30 JavaThread "jar transforms Thread 115" [_thread_blocked, id=8528, stack(0x0000001f95e00000,0x0000001f95f00000)]
  0x000001c7ee8b7230 JavaThread "Execution worker for ':'" [_thread_blocked, id=6512, stack(0x0000001f96000000,0x0000001f96100000)]
  0x000001c7ee8b2530 JavaThread "Cache worker for execution history cache (C:\Users\mystic\IdeaProjects\secondtrydrum\.gradle\6.8\executionHistory)" [_thread_blocked, id=9140, stack(0x0000001f96200000,0x0000001f96300000)]

Other Threads:
  0x000001c7ebf34b40 VMThread "VM Thread" [stack: 0x0000001f92300000,0x0000001f92400000] [id=10616]
  0x000001c7ec991e80 WatcherThread [stack: 0x0000001f92e00000,0x0000001f92f00000] [id=5288]
  0x000001c7d1994ae0 GCTaskThread "GC Thread#0" [stack: 0x0000001f91e00000,0x0000001f91f00000] [id=7360]
  0x000001c7ece230c0 GCTaskThread "GC Thread#1" [stack: 0x0000001f92f00000,0x0000001f93000000] [id=6024]
  0x000001c7d199cbf0 ConcurrentGCThread "G1 Main Marker" [stack: 0x0000001f91f00000,0x0000001f92000000] [id=7956]
  0x000001c7d199d6f0 ConcurrentGCThread "G1 Conc#0" [stack: 0x0000001f92000000,0x0000001f92100000] [id=6052]
  0x000001c7ebde40a0 ConcurrentGCThread "G1 Refine#0" [stack: 0x0000001f92100000,0x0000001f92200000] [id=10940]
  0x000001c7ecd71e80 ConcurrentGCThread "G1 Refine#1" [stack: 0x0000001f93000000,0x0000001f93100000] [id=1608]
  0x000001c7ebde4bb0 ConcurrentGCThread "G1 Young RemSet Sampling" [stack: 0x0000001f92200000,0x0000001f92300000] [id=4736]

Threads with active compile tasks:
C2 CompilerThread0  2135407 13422   !   4       java.util.zip.ZipFile$CleanableResource::run (251 bytes)

VM state: not at safepoint (normal execution)

VM Mutex/Monitor currently owned by a thread: None

OutOfMemory and StackOverflow Exception counts:
OutOfMemoryError java_heap_errors=2
LinkageErrors=175

Heap address: 0x00000000e0000000, size: 512 MB, Compressed Oops mode: 32-bit
CDS archive(s) mapped at: [0x0000000800000000-0x0000000800b50000-0x0000000800b50000), size 11862016, SharedBaseAddress: 0x0000000800000000, ArchiveRelocationMode: 0.
Compressed class space mapped at: 0x0000000800b50000-0x0000000810350000, size: 260046848
Narrow klass base: 0x0000000800000000, Narrow klass shift: 3, Narrow klass range: 0x100000000

GC Precious Log:
 CPUs: 2 total, 2 available
 Memory: 8191M
 Large Page Support: Disabled
 NUMA Support: Disabled
 Compressed Oops: Enabled (32-bit)
 Heap Region Size: 1M
 Heap Min Capacity: 256M
 Heap Initial Capacity: 256M
 Heap Max Capacity: 512M
 Pre-touch: Disabled
 Parallel Workers: 2
 Concurrent Workers: 1
 Concurrent Refinement Workers: 2
 Periodic GC: Disabled

Heap:
 garbage-first heap   total 262144K, used 155648K [0x00000000e0000000, 0x0000000100000000)
  region size 1024K, 34 young (34816K), 11 survivors (11264K)
 Metaspace       used 77747K, capacity 79204K, committed 86096K, reserved 329728K
  class space    used 9513K, capacity 9941K, committed 11008K, reserved 253952K

Heap Regions: E=young(eden), S=young(survivor), O=old, HS=humongous(starts), HC=humongous(continues), CS=collection set, F=free, OA=open archive, CA=closed archive, TAMS=top-at-mark-start (previous, next)
|   0|0x00000000e0000000, 0x00000000e0100000, 0x00000000e0100000|100%| O|  |TAMS 0x00000000e0100000, 0x00000000e0000000| Untracked 
|   1|0x00000000e0100000, 0x00000000e0200000, 0x00000000e0200000|100%| O|  |TAMS 0x00000000e0200000, 0x00000000e0100000| Untracked 
|   2|0x00000000e0200000, 0x00000000e0300000, 0x00000000e0300000|100%| O|  |TAMS 0x00000000e0300000, 0x00000000e0200000| Complete 
|   3|0x00000000e0300000, 0x00000000e0400000, 0x00000000e0400000|100%|HS|  |TAMS 0x00000000e0400000, 0x00000000e0300000| Complete 
|   4|0x00000000e0400000, 0x00000000e0500000, 0x00000000e0500000|100%|HC|  |TAMS 0x00000000e0500000, 0x00000000e0400000| Complete 
|   5|0x00000000e0500000, 0x00000000e0600000, 0x00000000e0600000|100%|HC|  |TAMS 0x00000000e0600000, 0x00000000e0500000| Complete 
|   6|0x00000000e0600000, 0x00000000e0700000, 0x00000000e0700000|100%| O|  |TAMS 0x00000000e0700000, 0x00000000e0600000| Complete 
|   7|0x00000000e0700000, 0x00000000e0800000, 0x00000000e0800000|100%| O|  |TAMS 0x00000000e0800000, 0x00000000e0700000| Untracked 
|   8|0x00000000e0800000, 0x00000000e0900000, 0x00000000e0900000|100%| O|  |TAMS 0x00000000e0900000, 0x00000000e0800000| Untracked 
|   9|0x00000000e0900000, 0x00000000e0a00000, 0x00000000e0a00000|100%| O|  |TAMS 0x00000000e0a00000, 0x00000000e0900000| Complete 
|  10|0x00000000e0a00000, 0x00000000e0b00000, 0x00000000e0b00000|100%| O|  |TAMS 0x00000000e0b00000, 0x00000000e0a00000| Complete 
|  11|0x00000000e0b00000, 0x00000000e0c00000, 0x00000000e0c00000|100%| O|  |TAMS 0x00000000e0c00000, 0x00000000e0b00000| Complete 
|  12|0x00000000e0c00000, 0x00000000e0d00000, 0x00000000e0d00000|100%| O|  |TAMS 0x00000000e0d00000, 0x00000000e0c00000| Untracked 
|  13|0x00000000e0d00000, 0x00000000e0e00000, 0x00000000e0e00000|100%| O|  |TAMS 0x00000000e0e00000, 0x00000000e0d00000| Untracked 
|  14|0x00000000e0e00000, 0x00000000e0f00000, 0x00000000e0f00000|100%| O|  |TAMS 0x00000000e0f00000, 0x00000000e0e00000| Untracked 
|  15|0x00000000e0f00000, 0x00000000e1000000, 0x00000000e1000000|100%| O|  |TAMS 0x00000000e1000000, 0x00000000e0f00000| Untracked 
|  16|0x00000000e1000000, 0x00000000e1100000, 0x00000000e1100000|100%| O|  |TAMS 0x00000000e1100000, 0x00000000e1000000| Complete 
|  17|0x00000000e1100000, 0x00000000e1200000, 0x00000000e1200000|100%| O|  |TAMS 0x00000000e1200000, 0x00000000e1100000| Complete 
|  18|0x00000000e1200000, 0x00000000e1300000, 0x00000000e1300000|100%| O|  |TAMS 0x00000000e1300000, 0x00000000e1200000| Complete 
|  19|0x00000000e1300000, 0x00000000e1400000, 0x00000000e1400000|100%| O|  |TAMS 0x00000000e1400000, 0x00000000e1300000| Untracked 
|  20|0x00000000e1400000, 0x00000000e1500000, 0x00000000e1500000|100%| O|  |TAMS 0x00000000e1500000, 0x00000000e1400000| Complete 
|  21|0x00000000e1500000, 0x00000000e1600000, 0x00000000e1600000|100%| O|  |TAMS 0x00000000e1600000, 0x00000000e1500000| Complete 
|  22|0x00000000e1600000, 0x00000000e1700000, 0x00000000e1700000|100%| O|  |TAMS 0x00000000e1700000, 0x00000000e1600000| Untracked 
|  23|0x00000000e1700000, 0x00000000e1800000, 0x00000000e1800000|100%|HS|  |TAMS 0x00000000e1800000, 0x00000000e1700000| Complete 
|  24|0x00000000e1800000, 0x00000000e1900000, 0x00000000e1900000|100%|HC|  |TAMS 0x00000000e1900000, 0x00000000e1800000| Complete 
|  25|0x00000000e1900000, 0x00000000e1a00000, 0x00000000e1a00000|100%|HC|  |TAMS 0x00000000e1a00000, 0x00000000e1900000| Complete 
|  26|0x00000000e1a00000, 0x00000000e1b00000, 0x00000000e1b00000|100%| O|  |TAMS 0x00000000e1b00000, 0x00000000e1a00000| Untracked 
|  27|0x00000000e1b00000, 0x00000000e1c00000, 0x00000000e1c00000|100%| O|  |TAMS 0x00000000e1c00000, 0x00000000e1b00000| Untracked 
|  28|0x00000000e1c00000, 0x00000000e1d00000, 0x00000000e1d00000|100%| O|  |TAMS 0x00000000e1d00000, 0x00000000e1c00000| Untracked 
|  29|0x00000000e1d00000, 0x00000000e1e00000, 0x00000000e1e00000|100%| O|  |TAMS 0x00000000e1e00000, 0x00000000e1d00000| Complete 
|  30|0x00000000e1e00000, 0x00000000e1f00000, 0x00000000e1f00000|100%| O|  |TAMS 0x00000000e1f00000, 0x00000000e1e00000| Untracked 
|  31|0x00000000e1f00000, 0x00000000e2000000, 0x00000000e2000000|100%| O|  |TAMS 0x00000000e2000000, 0x00000000e1f00000| Complete 
|  32|0x00000000e2000000, 0x00000000e2100000, 0x00000000e2100000|100%|HS|  |TAMS 0x00000000e2100000, 0x00000000e2000000| Complete 
|  33|0x00000000e2100000, 0x00000000e2200000, 0x00000000e2200000|100%|HC|  |TAMS 0x00000000e2200000, 0x00000000e2100000| Complete 
|  34|0x00000000e2200000, 0x00000000e2300000, 0x00000000e2300000|100%|HC|  |TAMS 0x00000000e2300000, 0x00000000e2200000| Complete 
|  35|0x00000000e2300000, 0x00000000e2400000, 0x00000000e2400000|100%|HC|  |TAMS 0x00000000e2400000, 0x00000000e2300000| Complete 
|  36|0x00000000e2400000, 0x00000000e2500000, 0x00000000e2500000|100%| O|  |TAMS 0x00000000e2500000, 0x00000000e2400000| Complete 
|  37|0x00000000e2500000, 0x00000000e2600000, 0x00000000e2600000|100%| O|  |TAMS 0x00000000e2600000, 0x00000000e2500000| Complete 
|  38|0x00000000e2600000, 0x00000000e2700000, 0x00000000e2700000|100%| O|  |TAMS 0x00000000e2700000, 0x00000000e2600000| Complete 
|  39|0x00000000e2700000, 0x00000000e2800000, 0x00000000e2800000|100%| O|  |TAMS 0x00000000e2800000, 0x00000000e2700000| Complete 
|  40|0x00000000e2800000, 0x00000000e2900000, 0x00000000e2900000|100%| O|  |TAMS 0x00000000e2900000, 0x00000000e2800000| Complete 
|  41|0x00000000e2900000, 0x00000000e2a00000, 0x00000000e2a00000|100%| O|  |TAMS 0x00000000e2a00000, 0x00000000e2900000| Complete 
|  42|0x00000000e2a00000, 0x00000000e2b00000, 0x00000000e2b00000|100%| O|  |TAMS 0x00000000e2b00000, 0x00000000e2a00000| Untracked 
|  43|0x00000000e2b00000, 0x00000000e2c00000, 0x00000000e2c00000|100%| O|  |TAMS 0x00000000e2c00000, 0x00000000e2b00000| Complete 
|  44|0x00000000e2c00000, 0x00000000e2c00000, 0x00000000e2d00000|  0%| F|  |TAMS 0x00000000e2c00000, 0x00000000e2c00000| Untracked 
|  45|0x00000000e2d00000, 0x00000000e2e00000, 0x00000000e2e00000|100%| O|  |TAMS 0x00000000e2e00000, 0x00000000e2d00000| Complete 
|  46|0x00000000e2e00000, 0x00000000e2f00000, 0x00000000e2f00000|100%|HS|  |TAMS 0x00000000e2f00000, 0x00000000e2e00000| Complete 
|  47|0x00000000e2f00000, 0x00000000e3000000, 0x00000000e3000000|100%|HC|  |TAMS 0x00000000e3000000, 0x00000000e2f00000| Complete 
|  48|0x00000000e3000000, 0x00000000e3100000, 0x00000000e3100000|100%|HC|  |TAMS 0x00000000e3100000, 0x00000000e3000000| Complete 
|  49|0x00000000e3100000, 0x00000000e3200000, 0x00000000e3200000|100%|HC|  |TAMS 0x00000000e3200000, 0x00000000e3100000| Complete 
|  50|0x00000000e3200000, 0x00000000e3300000, 0x00000000e3300000|100%|HC|  |TAMS 0x00000000e3300000, 0x00000000e3200000| Complete 
|  51|0x00000000e3300000, 0x00000000e3400000, 0x00000000e3400000|100%|HS|  |TAMS 0x00000000e3400000, 0x00000000e3300000| Complete 
|  52|0x00000000e3400000, 0x00000000e3500000, 0x00000000e3500000|100%|HC|  |TAMS 0x00000000e3500000, 0x00000000e3400000| Complete 
|  53|0x00000000e3500000, 0x00000000e3600000, 0x00000000e3600000|100%|HC|  |TAMS 0x00000000e3600000, 0x00000000e3500000| Complete 
|  54|0x00000000e3600000, 0x00000000e3700000, 0x00000000e3700000|100%|HC|  |TAMS 0x00000000e3700000, 0x00000000e3600000| Complete 
|  55|0x00000000e3700000, 0x00000000e3800000, 0x00000000e3800000|100%|HC|  |TAMS 0x00000000e3800000, 0x00000000e3700000| Complete 
|  56|0x00000000e3800000, 0x00000000e3900000, 0x00000000e3900000|100%| O|  |TAMS 0x00000000e3900000, 0x00000000e3800000| Untracked 
|  57|0x00000000e3900000, 0x00000000e3a00000, 0x00000000e3a00000|100%| O|  |TAMS 0x00000000e3a00000, 0x00000000e3900000| Complete 
|  58|0x00000000e3a00000, 0x00000000e3b00000, 0x00000000e3b00000|100%| O|  |TAMS 0x00000000e3b00000, 0x00000000e3a00000| Untracked 
|  59|0x00000000e3b00000, 0x00000000e3c00000, 0x00000000e3c00000|100%| O|  |TAMS 0x00000000e3c00000, 0x00000000e3b00000| Complete 
|  60|0x00000000e3c00000, 0x00000000e3d00000, 0x00000000e3d00000|100%| O|  |TAMS 0x00000000e3d00000, 0x00000000e3c00000| Complete 
|  61|0x00000000e3d00000, 0x00000000e3e00000, 0x00000000e3e00000|100%| O|  |TAMS 0x00000000e3e00000, 0x00000000e3d00000| Complete 
|  62|0x00000000e3e00000, 0x00000000e3f00000, 0x00000000e3f00000|100%| O|  |TAMS 0x00000000e3f00000, 0x00000000e3e00000| Complete 
|  63|0x00000000e3f00000, 0x00000000e4000000, 0x00000000e4000000|100%| O|  |TAMS 0x00000000e4000000, 0x00000000e3f00000| Complete 
|  64|0x00000000e4000000, 0x00000000e4100000, 0x00000000e4100000|100%| O|  |TAMS 0x00000000e4100000, 0x00000000e4000000| Complete 
|  65|0x00000000e4100000, 0x00000000e4200000, 0x00000000e4200000|100%| O|  |TAMS 0x00000000e4200000, 0x00000000e4100000| Untracked 
|  66|0x00000000e4200000, 0x00000000e4300000, 0x00000000e4300000|100%| O|  |TAMS 0x00000000e4300000, 0x00000000e4200000| Untracked 
|  67|0x00000000e4300000, 0x00000000e4400000, 0x00000000e4400000|100%| O|  |TAMS 0x00000000e4400000, 0x00000000e4300000| Complete 
|  68|0x00000000e4400000, 0x00000000e4500000, 0x00000000e4500000|100%| O|  |TAMS 0x00000000e4500000, 0x00000000e4400000| Untracked 
|  69|0x00000000e4500000, 0x00000000e4600000, 0x00000000e4600000|100%| O|  |TAMS 0x00000000e4600000, 0x00000000e4500000| Complete 
|  70|0x00000000e4600000, 0x00000000e4700000, 0x00000000e4700000|100%|HS|  |TAMS 0x00000000e4700000, 0x00000000e4600000| Complete 
|  71|0x00000000e4700000, 0x00000000e4800000, 0x00000000e4800000|100%|HC|  |TAMS 0x00000000e4800000, 0x00000000e4700000| Complete 
|  72|0x00000000e4800000, 0x00000000e4900000, 0x00000000e4900000|100%|HC|  |TAMS 0x00000000e4900000, 0x00000000e4800000| Complete 
|  73|0x00000000e4900000, 0x00000000e4a00000, 0x00000000e4a00000|100%| O|  |TAMS 0x00000000e4a00000, 0x00000000e4900000| Complete 
|  74|0x00000000e4a00000, 0x00000000e4b00000, 0x00000000e4b00000|100%| O|  |TAMS 0x00000000e4b00000, 0x00000000e4a00000| Complete 
|  75|0x00000000e4b00000, 0x00000000e4c00000, 0x00000000e4c00000|100%| O|  |TAMS 0x00000000e4c00000, 0x00000000e4b00000| Complete 
|  76|0x00000000e4c00000, 0x00000000e4c00000, 0x00000000e4d00000|  0%| F|  |TAMS 0x00000000e4c00000, 0x00000000e4c00000| Untracked 
|  77|0x00000000e4d00000, 0x00000000e4d00000, 0x00000000e4e00000|  0%| F|  |TAMS 0x00000000e4d00000, 0x00000000e4d00000| Untracked 
|  78|0x00000000e4e00000, 0x00000000e4e00000, 0x00000000e4f00000|  0%| F|  |TAMS 0x00000000e4e00000, 0x00000000e4e00000| Untracked 
|  79|0x00000000e4f00000, 0x00000000e5000000, 0x00000000e5000000|100%| O|  |TAMS 0x00000000e5000000, 0x00000000e4f00000| Complete 
|  80|0x00000000e5000000, 0x00000000e5000000, 0x00000000e5100000|  0%| F|  |TAMS 0x00000000e5000000, 0x00000000e5000000| Untracked 
|  81|0x00000000e5100000, 0x00000000e5200000, 0x00000000e5200000|100%|HS|  |TAMS 0x00000000e5200000, 0x00000000e5100000| Complete 
|  82|0x00000000e5200000, 0x00000000e5300000, 0x00000000e5300000|100%|HC|  |TAMS 0x00000000e5300000, 0x00000000e5200000| Complete 
|  83|0x00000000e5300000, 0x00000000e5400000, 0x00000000e5400000|100%|HC|  |TAMS 0x00000000e5400000, 0x00000000e5300000| Complete 
|  84|0x00000000e5400000, 0x00000000e5500000, 0x00000000e5500000|100%|HC|  |TAMS 0x00000000e5500000, 0x00000000e5400000| Complete 
|  85|0x00000000e5500000, 0x00000000e5600000, 0x00000000e5600000|100%| O|  |TAMS 0x00000000e5600000, 0x00000000e5500000| Complete 
|  86|0x00000000e5600000, 0x00000000e5700000, 0x00000000e5700000|100%| O|  |TAMS 0x00000000e5700000, 0x00000000e5600000| Complete 
|  87|0x00000000e5700000, 0x00000000e5800000, 0x00000000e5800000|100%| O|  |TAMS 0x00000000e57dd600, 0x00000000e5700000| Complete 
|  88|0x00000000e5800000, 0x00000000e5900000, 0x00000000e5900000|100%| O|  |TAMS 0x00000000e5800000, 0x00000000e5800000| Untracked 
|  89|0x00000000e5900000, 0x00000000e5a00000, 0x00000000e5a00000|100%| O|  |TAMS 0x00000000e5900000, 0x00000000e5900000| Untracked 
|  90|0x00000000e5a00000, 0x00000000e5b00000, 0x00000000e5b00000|100%| O|  |TAMS 0x00000000e5a00000, 0x00000000e5a00000| Untracked 
|  91|0x00000000e5b00000, 0x00000000e5c00000, 0x00000000e5c00000|100%| O|  |TAMS 0x00000000e5b00000, 0x00000000e5b00000| Untracked 
|  92|0x00000000e5c00000, 0x00000000e5d00000, 0x00000000e5d00000|100%| O|  |TAMS 0x00000000e5c00000, 0x00000000e5c00000| Untracked 
|  93|0x00000000e5d00000, 0x00000000e5e00000, 0x00000000e5e00000|100%| O|  |TAMS 0x00000000e5d00000, 0x00000000e5d00000| Untracked 
|  94|0x00000000e5e00000, 0x00000000e5f00000, 0x00000000e5f00000|100%|HS|  |TAMS 0x00000000e5f00000, 0x00000000e5e00000| Complete 
|  95|0x00000000e5f00000, 0x00000000e6000000, 0x00000000e6000000|100%|HC|  |TAMS 0x00000000e6000000, 0x00000000e5f00000| Complete 
|  96|0x00000000e6000000, 0x00000000e6100000, 0x00000000e6100000|100%|HC|  |TAMS 0x00000000e6100000, 0x00000000e6000000| Complete 
|  97|0x00000000e6100000, 0x00000000e6200000, 0x00000000e6200000|100%|HC|  |TAMS 0x00000000e6200000, 0x00000000e6100000| Complete 
|  98|0x00000000e6200000, 0x00000000e6300000, 0x00000000e6300000|100%|HC|  |TAMS 0x00000000e6300000, 0x00000000e6200000| Complete 
|  99|0x00000000e6300000, 0x00000000e6400000, 0x00000000e6400000|100%|HS|  |TAMS 0x00000000e6400000, 0x00000000e6300000| Complete 
| 100|0x00000000e6400000, 0x00000000e6500000, 0x00000000e6500000|100%|HC|  |TAMS 0x00000000e6500000, 0x00000000e6400000| Complete 
| 101|0x00000000e6500000, 0x00000000e6600000, 0x00000000e6600000|100%|HC|  |TAMS 0x00000000e6600000, 0x00000000e6500000| Complete 
| 102|0x00000000e6600000, 0x00000000e6700000, 0x00000000e6700000|100%|HC|  |TAMS 0x00000000e6700000, 0x00000000e6600000| Complete 
| 103|0x00000000e6700000, 0x00000000e6800000, 0x00000000e6800000|100%| O|  |TAMS 0x00000000e6700000, 0x00000000e6700000| Untracked 
| 104|0x00000000e6800000, 0x00000000e6900000, 0x00000000e6900000|100%| O|  |TAMS 0x00000000e6800000, 0x00000000e6800000| Untracked 
| 105|0x00000000e6900000, 0x00000000e6a00000, 0x00000000e6a00000|100%| O|  |TAMS 0x00000000e6900000, 0x00000000e6900000| Untracked 
| 106|0x00000000e6a00000, 0x00000000e6a00000, 0x00000000e6b00000|  0%| F|  |TAMS 0x00000000e6a00000, 0x00000000e6a00000| Untracked 
| 107|0x00000000e6b00000, 0x00000000e6c00000, 0x00000000e6c00000|100%| O|  |TAMS 0x00000000e6b00000, 0x00000000e6b00000| Untracked 
| 108|0x00000000e6c00000, 0x00000000e6c00000, 0x00000000e6d00000|  0%| F|  |TAMS 0x00000000e6c00000, 0x00000000e6c00000| Untracked 
| 109|0x00000000e6d00000, 0x00000000e6d00000, 0x00000000e6e00000|  0%| F|  |TAMS 0x00000000e6d00000, 0x00000000e6d00000| Untracked 
| 110|0x00000000e6e00000, 0x00000000e6e00000, 0x00000000e6f00000|  0%| F|  |TAMS 0x00000000e6e00000, 0x00000000e6e00000| Untracked 
| 111|0x00000000e6f00000, 0x00000000e6f00000, 0x00000000e7000000|  0%| F|  |TAMS 0x00000000e6f00000, 0x00000000e6f00000| Untracked 
| 112|0x00000000e7000000, 0x00000000e7100000, 0x00000000e7100000|100%| O|  |TAMS 0x00000000e7000000, 0x00000000e7000000| Untracked 
| 113|0x00000000e7100000, 0x00000000e7200000, 0x00000000e7200000|100%| O|  |TAMS 0x00000000e7100000, 0x00000000e7100000| Untracked 
| 114|0x00000000e7200000, 0x00000000e7300000, 0x00000000e7300000|100%| O|  |TAMS 0x00000000e7300000, 0x00000000e7200000| Untracked 
| 115|0x00000000e7300000, 0x00000000e7400000, 0x00000000e7400000|100%| O|  |TAMS 0x00000000e7400000, 0x00000000e7300000| Untracked 
| 116|0x00000000e7400000, 0x00000000e7500000, 0x00000000e7500000|100%| O|  |TAMS 0x00000000e7500000, 0x00000000e7400000| Complete 
| 117|0x00000000e7500000, 0x00000000e7600000, 0x00000000e7600000|100%| O|  |TAMS 0x00000000e7600000, 0x00000000e7500000| Complete 
| 118|0x00000000e7600000, 0x00000000e7700000, 0x00000000e7700000|100%| O|  |TAMS 0x00000000e7700000, 0x00000000e7600000| Complete 
| 119|0x00000000e7700000, 0x00000000e7800000, 0x00000000e7800000|100%| O|  |TAMS 0x00000000e7800000, 0x00000000e7700000| Complete 
| 120|0x00000000e7800000, 0x00000000e7900000, 0x00000000e7900000|100%| O|  |TAMS 0x00000000e7900000, 0x00000000e7800000| Complete 
| 121|0x00000000e7900000, 0x00000000e7a00000, 0x00000000e7a00000|100%| O|  |TAMS 0x00000000e7900000, 0x00000000e7900000| Untracked 
| 122|0x00000000e7a00000, 0x00000000e7b00000, 0x00000000e7b00000|100%| O|  |TAMS 0x00000000e7a00000, 0x00000000e7a00000| Untracked 
| 123|0x00000000e7b00000, 0x00000000e7c00000, 0x00000000e7c00000|100%| O|  |TAMS 0x00000000e7b00000, 0x00000000e7b00000| Untracked 
| 124|0x00000000e7c00000, 0x00000000e7d00000, 0x00000000e7d00000|100%| O|  |TAMS 0x00000000e7d00000, 0x00000000e7c00000| Untracked 
| 125|0x00000000e7d00000, 0x00000000e7e00000, 0x00000000e7e00000|100%| O|  |TAMS 0x00000000e7d00000, 0x00000000e7d00000| Untracked 
| 126|0x00000000e7e00000, 0x00000000e7e00000, 0x00000000e7f00000|  0%| F|  |TAMS 0x00000000e7e00000, 0x00000000e7e00000| Untracked 
| 127|0x00000000e7f00000, 0x00000000e7f00000, 0x00000000e8000000|  0%| F|  |TAMS 0x00000000e7f00000, 0x00000000e7f00000| Untracked 
| 128|0x00000000e8000000, 0x00000000e8000000, 0x00000000e8100000|  0%| F|  |TAMS 0x00000000e8000000, 0x00000000e8000000| Untracked 
| 129|0x00000000e8100000, 0x00000000e8100000, 0x00000000e8200000|  0%| F|  |TAMS 0x00000000e8100000, 0x00000000e8100000| Untracked 
| 130|0x00000000e8200000, 0x00000000e8200000, 0x00000000e8300000|  0%| F|  |TAMS 0x00000000e8200000, 0x00000000e8200000| Untracked 
| 131|0x00000000e8300000, 0x00000000e8300000, 0x00000000e8400000|  0%| F|  |TAMS 0x00000000e8300000, 0x00000000e8300000| Untracked 
| 132|0x00000000e8400000, 0x00000000e8400000, 0x00000000e8500000|  0%| F|  |TAMS 0x00000000e8400000, 0x00000000e8400000| Untracked 
| 133|0x00000000e8500000, 0x00000000e8500000, 0x00000000e8600000|  0%| F|  |TAMS 0x00000000e8500000, 0x00000000e8500000| Untracked 
| 134|0x00000000e8600000, 0x00000000e8600000, 0x00000000e8700000|  0%| F|  |TAMS 0x00000000e8600000, 0x00000000e8600000| Untracked 
| 135|0x00000000e8700000, 0x00000000e8700000, 0x00000000e8800000|  0%| F|  |TAMS 0x00000000e8700000, 0x00000000e8700000| Untracked 
| 136|0x00000000e8800000, 0x00000000e8800000, 0x00000000e8900000|  0%| F|  |TAMS 0x00000000e8800000, 0x00000000e8800000| Untracked 
| 137|0x00000000e8900000, 0x00000000e8900000, 0x00000000e8a00000|  0%| F|  |TAMS 0x00000000e8900000, 0x00000000e8900000| Untracked 
| 138|0x00000000e8a00000, 0x00000000e8b00000, 0x00000000e8b00000|100%| O|  |TAMS 0x00000000e8a00000, 0x00000000e8a00000| Untracked 
| 139|0x00000000e8b00000, 0x00000000e8c00000, 0x00000000e8c00000|100%| O|  |TAMS 0x00000000e8b00000, 0x00000000e8b00000| Untracked 
| 140|0x00000000e8c00000, 0x00000000e8d00000, 0x00000000e8d00000|100%| O|  |TAMS 0x00000000e8c00000, 0x00000000e8c00000| Untracked 
| 141|0x00000000e8d00000, 0x00000000e8d00000, 0x00000000e8e00000|  0%| F|  |TAMS 0x00000000e8d00000, 0x00000000e8d00000| Untracked 
| 142|0x00000000e8e00000, 0x00000000e8e00000, 0x00000000e8f00000|  0%| F|  |TAMS 0x00000000e8e00000, 0x00000000e8e00000| Untracked 
| 143|0x00000000e8f00000, 0x00000000e8f00000, 0x00000000e9000000|  0%| F|  |TAMS 0x00000000e8f00000, 0x00000000e8f00000| Untracked 
| 144|0x00000000e9000000, 0x00000000e9000000, 0x00000000e9100000|  0%| F|  |TAMS 0x00000000e9000000, 0x00000000e9000000| Untracked 
| 145|0x00000000e9100000, 0x00000000e9100000, 0x00000000e9200000|  0%| F|  |TAMS 0x00000000e9100000, 0x00000000e9100000| Untracked 
| 146|0x00000000e9200000, 0x00000000e9200000, 0x00000000e9300000|  0%| F|  |TAMS 0x00000000e9200000, 0x00000000e9200000| Untracked 
| 147|0x00000000e9300000, 0x00000000e9300000, 0x00000000e9400000|  0%| F|  |TAMS 0x00000000e9300000, 0x00000000e9300000| Untracked 
| 148|0x00000000e9400000, 0x00000000e9400000, 0x00000000e9500000|  0%| F|  |TAMS 0x00000000e9400000, 0x00000000e9400000| Untracked 
| 149|0x00000000e9500000, 0x00000000e9500000, 0x00000000e9600000|  0%| F|  |TAMS 0x00000000e9500000, 0x00000000e9500000| Untracked 
| 150|0x00000000e9600000, 0x00000000e9600000, 0x00000000e9700000|  0%| F|  |TAMS 0x00000000e9600000, 0x00000000e9600000| Untracked 
| 151|0x00000000e9700000, 0x00000000e9700000, 0x00000000e9800000|  0%| F|  |TAMS 0x00000000e9700000, 0x00000000e9700000| Untracked 
| 152|0x00000000e9800000, 0x00000000e9800000, 0x00000000e9900000|  0%| F|  |TAMS 0x00000000e9800000, 0x00000000e9800000| Untracked 
| 153|0x00000000e9900000, 0x00000000e9900000, 0x00000000e9a00000|  0%| F|  |TAMS 0x00000000e9900000, 0x00000000e9900000| Untracked 
| 154|0x00000000e9a00000, 0x00000000e9a00000, 0x00000000e9b00000|  0%| F|  |TAMS 0x00000000e9a00000, 0x00000000e9a00000| Untracked 
| 155|0x00000000e9b00000, 0x00000000e9b00000, 0x00000000e9c00000|  0%| F|  |TAMS 0x00000000e9b00000, 0x00000000e9b00000| Untracked 
| 156|0x00000000e9c00000, 0x00000000e9c00000, 0x00000000e9d00000|  0%| F|  |TAMS 0x00000000e9c00000, 0x00000000e9c00000| Untracked 
| 157|0x00000000e9d00000, 0x00000000e9d00000, 0x00000000e9e00000|  0%| F|  |TAMS 0x00000000e9d00000, 0x00000000e9d00000| Untracked 
| 158|0x00000000e9e00000, 0x00000000e9e00000, 0x00000000e9f00000|  0%| F|  |TAMS 0x00000000e9e00000, 0x00000000e9e00000| Untracked 
| 159|0x00000000e9f00000, 0x00000000e9f00000, 0x00000000ea000000|  0%| F|  |TAMS 0x00000000e9f00000, 0x00000000e9f00000| Untracked 
| 160|0x00000000ea000000, 0x00000000ea000000, 0x00000000ea100000|  0%| F|  |TAMS 0x00000000ea000000, 0x00000000ea000000| Untracked 
| 161|0x00000000ea100000, 0x00000000ea100000, 0x00000000ea200000|  0%| F|  |TAMS 0x00000000ea100000, 0x00000000ea100000| Untracked 
| 162|0x00000000ea200000, 0x00000000ea200000, 0x00000000ea300000|  0%| F|  |TAMS 0x00000000ea200000, 0x00000000ea200000| Untracked 
| 163|0x00000000ea300000, 0x00000000ea300000, 0x00000000ea400000|  0%| F|  |TAMS 0x00000000ea300000, 0x00000000ea300000| Untracked 
| 164|0x00000000ea400000, 0x00000000ea400000, 0x00000000ea500000|  0%| F|  |TAMS 0x00000000ea400000, 0x00000000ea400000| Untracked 
| 165|0x00000000ea500000, 0x00000000ea500000, 0x00000000ea600000|  0%| F|  |TAMS 0x00000000ea500000, 0x00000000ea500000| Untracked 
| 166|0x00000000ea600000, 0x00000000ea600000, 0x00000000ea700000|  0%| F|  |TAMS 0x00000000ea600000, 0x00000000ea600000| Untracked 
| 167|0x00000000ea700000, 0x00000000ea700000, 0x00000000ea800000|  0%| F|  |TAMS 0x00000000ea700000, 0x00000000ea700000| Untracked 
| 168|0x00000000ea800000, 0x00000000ea800000, 0x00000000ea900000|  0%| F|  |TAMS 0x00000000ea800000, 0x00000000ea800000| Untracked 
| 169|0x00000000ea900000, 0x00000000ea900000, 0x00000000eaa00000|  0%| F|  |TAMS 0x00000000ea900000, 0x00000000ea900000| Untracked 
| 170|0x00000000eaa00000, 0x00000000eaa00000, 0x00000000eab00000|  0%| F|  |TAMS 0x00000000eaa00000, 0x00000000eaa00000| Untracked 
| 171|0x00000000eab00000, 0x00000000eab00000, 0x00000000eac00000|  0%| F|  |TAMS 0x00000000eab00000, 0x00000000eab00000| Untracked 
| 172|0x00000000eac00000, 0x00000000eac00000, 0x00000000ead00000|  0%| F|  |TAMS 0x00000000eac00000, 0x00000000eac00000| Untracked 
| 173|0x00000000ead00000, 0x00000000ead00000, 0x00000000eae00000|  0%| F|  |TAMS 0x00000000ead00000, 0x00000000ead00000| Untracked 
| 174|0x00000000eae00000, 0x00000000eaf00000, 0x00000000eaf00000|100%| S|CS|TAMS 0x00000000eae00000, 0x00000000eae00000| Complete 
| 175|0x00000000eaf00000, 0x00000000eb000000, 0x00000000eb000000|100%| S|CS|TAMS 0x00000000eaf00000, 0x00000000eaf00000| Complete 
| 176|0x00000000eb000000, 0x00000000eb100000, 0x00000000eb100000|100%| S|CS|TAMS 0x00000000eb000000, 0x00000000eb000000| Complete 
| 177|0x00000000eb100000, 0x00000000eb200000, 0x00000000eb200000|100%| S|CS|TAMS 0x00000000eb100000, 0x00000000eb100000| Complete 
| 178|0x00000000eb200000, 0x00000000eb300000, 0x00000000eb300000|100%| S|CS|TAMS 0x00000000eb200000, 0x00000000eb200000| Complete 
| 179|0x00000000eb300000, 0x00000000eb400000, 0x00000000eb400000|100%| S|CS|TAMS 0x00000000eb300000, 0x00000000eb300000| Complete 
| 180|0x00000000eb400000, 0x00000000eb500000, 0x00000000eb500000|100%| S|CS|TAMS 0x00000000eb400000, 0x00000000eb400000| Complete 
| 181|0x00000000eb500000, 0x00000000eb600000, 0x00000000eb600000|100%| S|CS|TAMS 0x00000000eb500000, 0x00000000eb500000| Complete 
| 182|0x00000000eb600000, 0x00000000eb700000, 0x00000000eb700000|100%| S|CS|TAMS 0x00000000eb600000, 0x00000000eb600000| Complete 
| 183|0x00000000eb700000, 0x00000000eb800000, 0x00000000eb800000|100%| S|CS|TAMS 0x00000000eb700000, 0x00000000eb700000| Complete 
| 184|0x00000000eb800000, 0x00000000eb900000, 0x00000000eb900000|100%| S|CS|TAMS 0x00000000eb800000, 0x00000000eb800000| Complete 
| 185|0x00000000eb900000, 0x00000000eb900000, 0x00000000eba00000|  0%| F|  |TAMS 0x00000000eb900000, 0x00000000eb900000| Untracked 
| 186|0x00000000eba00000, 0x00000000eba00000, 0x00000000ebb00000|  0%| F|  |TAMS 0x00000000eba00000, 0x00000000eba00000| Untracked 
| 187|0x00000000ebb00000, 0x00000000ebb00000, 0x00000000ebc00000|  0%| F|  |TAMS 0x00000000ebb00000, 0x00000000ebb00000| Untracked 
| 188|0x00000000ebc00000, 0x00000000ebc00000, 0x00000000ebd00000|  0%| F|  |TAMS 0x00000000ebc00000, 0x00000000ebc00000| Untracked 
| 189|0x00000000ebd00000, 0x00000000ebd00000, 0x00000000ebe00000|  0%| F|  |TAMS 0x00000000ebd00000, 0x00000000ebd00000| Untracked 
| 190|0x00000000ebe00000, 0x00000000ebe00000, 0x00000000ebf00000|  0%| F|  |TAMS 0x00000000ebe00000, 0x00000000ebe00000| Untracked 
| 191|0x00000000ebf00000, 0x00000000ebf00000, 0x00000000ec000000|  0%| F|  |TAMS 0x00000000ebf00000, 0x00000000ebf00000| Untracked 
| 192|0x00000000ec000000, 0x00000000ec000000, 0x00000000ec100000|  0%| F|  |TAMS 0x00000000ec000000, 0x00000000ec000000| Untracked 
| 193|0x00000000ec100000, 0x00000000ec100000, 0x00000000ec200000|  0%| F|  |TAMS 0x00000000ec100000, 0x00000000ec100000| Untracked 
| 194|0x00000000ec200000, 0x00000000ec200000, 0x00000000ec300000|  0%| F|  |TAMS 0x00000000ec200000, 0x00000000ec200000| Untracked 
| 195|0x00000000ec300000, 0x00000000ec300000, 0x00000000ec400000|  0%| F|  |TAMS 0x00000000ec300000, 0x00000000ec300000| Untracked 
| 196|0x00000000ec400000, 0x00000000ec400000, 0x00000000ec500000|  0%| F|  |TAMS 0x00000000ec400000, 0x00000000ec400000| Untracked 
| 197|0x00000000ec500000, 0x00000000ec500000, 0x00000000ec600000|  0%| F|  |TAMS 0x00000000ec500000, 0x00000000ec500000| Untracked 
| 198|0x00000000ec600000, 0x00000000ec600000, 0x00000000ec700000|  0%| F|  |TAMS 0x00000000ec600000, 0x00000000ec600000| Untracked 
| 199|0x00000000ec700000, 0x00000000ec700000, 0x00000000ec800000|  0%| F|  |TAMS 0x00000000ec700000, 0x00000000ec700000| Untracked 
| 200|0x00000000ec800000, 0x00000000ec800000, 0x00000000ec900000|  0%| F|  |TAMS 0x00000000ec800000, 0x00000000ec800000| Untracked 
| 201|0x00000000ec900000, 0x00000000ec900000, 0x00000000eca00000|  0%| F|  |TAMS 0x00000000ec900000, 0x00000000ec900000| Untracked 
| 202|0x00000000eca00000, 0x00000000eca00000, 0x00000000ecb00000|  0%| F|  |TAMS 0x00000000eca00000, 0x00000000eca00000| Untracked 
| 203|0x00000000ecb00000, 0x00000000ecb00000, 0x00000000ecc00000|  0%| F|  |TAMS 0x00000000ecb00000, 0x00000000ecb00000| Untracked 
| 204|0x00000000ecc00000, 0x00000000ecc00000, 0x00000000ecd00000|  0%| F|  |TAMS 0x00000000ecc00000, 0x00000000ecc00000| Untracked 
| 205|0x00000000ecd00000, 0x00000000ecd00000, 0x00000000ece00000|  0%| F|  |TAMS 0x00000000ecd00000, 0x00000000ecd00000| Untracked 
| 206|0x00000000ece00000, 0x00000000ece00000, 0x00000000ecf00000|  0%| F|  |TAMS 0x00000000ece00000, 0x00000000ece00000| Untracked 
| 207|0x00000000ecf00000, 0x00000000ecf00000, 0x00000000ed000000|  0%| F|  |TAMS 0x00000000ecf00000, 0x00000000ecf00000| Untracked 
| 208|0x00000000ed000000, 0x00000000ed000000, 0x00000000ed100000|  0%| F|  |TAMS 0x00000000ed000000, 0x00000000ed000000| Untracked 
| 209|0x00000000ed100000, 0x00000000ed100000, 0x00000000ed200000|  0%| F|  |TAMS 0x00000000ed100000, 0x00000000ed100000| Untracked 
| 210|0x00000000ed200000, 0x00000000ed200000, 0x00000000ed300000|  0%| F|  |TAMS 0x00000000ed200000, 0x00000000ed200000| Untracked 
| 211|0x00000000ed300000, 0x00000000ed300000, 0x00000000ed400000|  0%| F|  |TAMS 0x00000000ed300000, 0x00000000ed300000| Untracked 
| 212|0x00000000ed400000, 0x00000000ed400000, 0x00000000ed500000|  0%| F|  |TAMS 0x00000000ed400000, 0x00000000ed400000| Untracked 
| 213|0x00000000ed500000, 0x00000000ed500000, 0x00000000ed600000|  0%| F|  |TAMS 0x00000000ed500000, 0x00000000ed500000| Untracked 
| 214|0x00000000ed600000, 0x00000000ed600000, 0x00000000ed700000|  0%| F|  |TAMS 0x00000000ed600000, 0x00000000ed600000| Untracked 
| 215|0x00000000ed700000, 0x00000000ed700000, 0x00000000ed800000|  0%| F|  |TAMS 0x00000000ed700000, 0x00000000ed700000| Untracked 
| 216|0x00000000ed800000, 0x00000000ed800000, 0x00000000ed900000|  0%| F|  |TAMS 0x00000000ed800000, 0x00000000ed800000| Untracked 
| 217|0x00000000ed900000, 0x00000000ed900000, 0x00000000eda00000|  0%| F|  |TAMS 0x00000000ed900000, 0x00000000ed900000| Untracked 
| 218|0x00000000eda00000, 0x00000000eda00000, 0x00000000edb00000|  0%| F|  |TAMS 0x00000000eda00000, 0x00000000eda00000| Untracked 
| 219|0x00000000edb00000, 0x00000000edb00000, 0x00000000edc00000|  0%| F|  |TAMS 0x00000000edb00000, 0x00000000edb00000| Untracked 
| 220|0x00000000edc00000, 0x00000000edc00000, 0x00000000edd00000|  0%| F|  |TAMS 0x00000000edc00000, 0x00000000edc00000| Untracked 
| 221|0x00000000edd00000, 0x00000000edd00000, 0x00000000ede00000|  0%| F|  |TAMS 0x00000000edd00000, 0x00000000edd00000| Untracked 
| 222|0x00000000ede00000, 0x00000000ede00000, 0x00000000edf00000|  0%| F|  |TAMS 0x00000000ede00000, 0x00000000ede00000| Untracked 
| 223|0x00000000edf00000, 0x00000000edf00000, 0x00000000ee000000|  0%| F|  |TAMS 0x00000000edf00000, 0x00000000edf00000| Untracked 
| 224|0x00000000ee000000, 0x00000000ee000000, 0x00000000ee100000|  0%| F|  |TAMS 0x00000000ee000000, 0x00000000ee000000| Untracked 
| 225|0x00000000ee100000, 0x00000000ee100000, 0x00000000ee200000|  0%| F|  |TAMS 0x00000000ee100000, 0x00000000ee100000| Untracked 
| 226|0x00000000ee200000, 0x00000000ee200000, 0x00000000ee300000|  0%| F|  |TAMS 0x00000000ee200000, 0x00000000ee200000| Untracked 
| 227|0x00000000ee300000, 0x00000000ee300000, 0x00000000ee400000|  0%| F|  |TAMS 0x00000000ee300000, 0x00000000ee300000| Untracked 
| 228|0x00000000ee400000, 0x00000000ee400000, 0x00000000ee500000|  0%| F|  |TAMS 0x00000000ee400000, 0x00000000ee400000| Untracked 
| 229|0x00000000ee500000, 0x00000000ee500000, 0x00000000ee600000|  0%| F|  |TAMS 0x00000000ee500000, 0x00000000ee500000| Untracked 
| 230|0x00000000ee600000, 0x00000000ee600000, 0x00000000ee700000|  0%| F|  |TAMS 0x00000000ee600000, 0x00000000ee600000| Untracked 
| 231|0x00000000ee700000, 0x00000000ee700000, 0x00000000ee800000|  0%| F|  |TAMS 0x00000000ee700000, 0x00000000ee700000| Untracked 
| 232|0x00000000ee800000, 0x00000000ee800000, 0x00000000ee900000|  0%| F|  |TAMS 0x00000000ee800000, 0x00000000ee800000| Untracked 
| 233|0x00000000ee900000, 0x00000000eea00000, 0x00000000eea00000|100%| E|  |TAMS 0x00000000ee900000, 0x00000000ee900000| Complete 
| 234|0x00000000eea00000, 0x00000000eeb00000, 0x00000000eeb00000|100%| E|CS|TAMS 0x00000000eea00000, 0x00000000eea00000| Complete 
| 235|0x00000000eeb00000, 0x00000000eec00000, 0x00000000eec00000|100%| E|CS|TAMS 0x00000000eeb00000, 0x00000000eeb00000| Complete 
| 236|0x00000000eec00000, 0x00000000eed00000, 0x00000000eed00000|100%| E|CS|TAMS 0x00000000eec00000, 0x00000000eec00000| Complete 
| 237|0x00000000eed00000, 0x00000000eee00000, 0x00000000eee00000|100%| E|CS|TAMS 0x00000000eed00000, 0x00000000eed00000| Complete 
| 238|0x00000000eee00000, 0x00000000eef00000, 0x00000000eef00000|100%| E|CS|TAMS 0x00000000eee00000, 0x00000000eee00000| Complete 
| 239|0x00000000eef00000, 0x00000000ef000000, 0x00000000ef000000|100%| E|CS|TAMS 0x00000000eef00000, 0x00000000eef00000| Complete 
| 240|0x00000000ef000000, 0x00000000ef100000, 0x00000000ef100000|100%| E|CS|TAMS 0x00000000ef000000, 0x00000000ef000000| Complete 
| 241|0x00000000ef100000, 0x00000000ef200000, 0x00000000ef200000|100%| E|CS|TAMS 0x00000000ef100000, 0x00000000ef100000| Complete 
| 242|0x00000000ef200000, 0x00000000ef300000, 0x00000000ef300000|100%| E|CS|TAMS 0x00000000ef200000, 0x00000000ef200000| Complete 
| 243|0x00000000ef300000, 0x00000000ef400000, 0x00000000ef400000|100%| E|CS|TAMS 0x00000000ef300000, 0x00000000ef300000| Complete 
| 244|0x00000000ef400000, 0x00000000ef500000, 0x00000000ef500000|100%| E|CS|TAMS 0x00000000ef400000, 0x00000000ef400000| Complete 
| 245|0x00000000ef500000, 0x00000000ef600000, 0x00000000ef600000|100%| E|CS|TAMS 0x00000000ef500000, 0x00000000ef500000| Complete 
| 246|0x00000000ef600000, 0x00000000ef700000, 0x00000000ef700000|100%| E|CS|TAMS 0x00000000ef600000, 0x00000000ef600000| Complete 
| 247|0x00000000ef700000, 0x00000000ef800000, 0x00000000ef800000|100%| E|CS|TAMS 0x00000000ef700000, 0x00000000ef700000| Complete 
| 248|0x00000000ef800000, 0x00000000ef900000, 0x00000000ef900000|100%| E|CS|TAMS 0x00000000ef800000, 0x00000000ef800000| Complete 
| 249|0x00000000ef900000, 0x00000000efa00000, 0x00000000efa00000|100%| E|CS|TAMS 0x00000000ef900000, 0x00000000ef900000| Complete 
| 250|0x00000000efa00000, 0x00000000efb00000, 0x00000000efb00000|100%| E|CS|TAMS 0x00000000efa00000, 0x00000000efa00000| Complete 
| 251|0x00000000efb00000, 0x00000000efc00000, 0x00000000efc00000|100%| E|CS|TAMS 0x00000000efb00000, 0x00000000efb00000| Complete 
| 252|0x00000000efc00000, 0x00000000efd00000, 0x00000000efd00000|100%| E|CS|TAMS 0x00000000efc00000, 0x00000000efc00000| Complete 
| 253|0x00000000efd00000, 0x00000000efe00000, 0x00000000efe00000|100%| E|CS|TAMS 0x00000000efd00000, 0x00000000efd00000| Complete 
| 254|0x00000000efe00000, 0x00000000eff00000, 0x00000000eff00000|100%| E|CS|TAMS 0x00000000efe00000, 0x00000000efe00000| Complete 
| 255|0x00000000eff00000, 0x00000000f0000000, 0x00000000f0000000|100%| E|CS|TAMS 0x00000000eff00000, 0x00000000eff00000| Complete 

Card table byte_map: [0x000001c7d1650000,0x000001c7d1750000] _byte_map_base: 0x000001c7d0f50000

Marking Bits (Prev, Next): (CMBitMap*) 0x000001c7d19972c0, (CMBitMap*) 0x000001c7d1997280
 Prev Bits: [0x000001c7e93b0000, 0x000001c7e9bb0000)
 Next Bits: [0x000001c7e8bb0000, 0x000001c7e93b0000)

Polling page: 0x000001c7cf870000

Metaspace:

Usage:
  Non-class:     67.64 MB capacity,    66.63 MB ( 99%) used,   908.33 KB (  1%) free+waste,   121.25 KB ( <1%) overhead. 
      Class:      9.71 MB capacity,     9.29 MB ( 96%) used,   379.22 KB (  4%) free+waste,    48.19 KB ( <1%) overhead. 
       Both:     77.35 MB capacity,    75.92 MB ( 98%) used,     1.26 MB (  2%) free+waste,   169.44 KB ( <1%) overhead. 

Virtual space:
  Non-class space:       74.00 MB reserved,      73.33 MB (>99%) committed 
      Class space:      248.00 MB reserved,      10.75 MB (  4%) committed 
             Both:      322.00 MB reserved,      84.08 MB ( 26%) committed 

Chunk freelists:
   Non-Class:  5.50 MB
       Class:  1003.00 KB
        Both:  6.48 MB

MaxMetaspaceSize: 256.00 MB
CompressedClassSpaceSize: 248.00 MB

CodeHeap 'non-profiled nmethods': size=120064Kb used=7212Kb max_used=7212Kb free=112851Kb
 bounds [0x000001c7e1670000, 0x000001c7e1d80000, 0x000001c7e8bb0000]
CodeHeap 'profiled nmethods': size=120000Kb used=24680Kb max_used=24721Kb free=95319Kb
 bounds [0x000001c7da140000, 0x000001c7db970000, 0x000001c7e1670000]
CodeHeap 'non-nmethods': size=5696Kb used=2428Kb max_used=2512Kb free=3267Kb
 bounds [0x000001c7d9bb0000, 0x000001c7d9e40000, 0x000001c7da140000]
 total_blobs=12288 nmethods=11362 adapters=837
 compilation: enabled
              stopped_count=0, restarted_count=0
 full_count=0

Compilation events (20 events):
Event: 2134.634 Thread 0x000001c7ebf5aba0 nmethod 13403 0x000001c7e1d73590 code [0x000001c7e1d73700, 0x000001c7e1d73978]
Event: 2134.634 Thread 0x000001c7ebf5aba0 13409       4       org.gradle.internal.hash.Hashing$MessageDigestHasher::getDigest (22 bytes)
Event: 2134.635 Thread 0x000001c7ebf5aba0 nmethod 13409 0x000001c7e1d73a90 code [0x000001c7e1d73c00, 0x000001c7e1d73c78]
Event: 2134.635 Thread 0x000001c7ebf5aba0 13410       4       java.lang.String::getBytes (25 bytes)
Event: 2134.652 Thread 0x000001c7ebf5aba0 nmethod 13410 0x000001c7e1d73d90 code [0x000001c7e1d74060, 0x000001c7e1d74d70]
Event: 2134.652 Thread 0x000001c7ebf5aba0 13414       4       java.util.Map$Entry$$Lambda$403/0x0000000801082e98::compare (12 bytes)
Event: 2134.656 Thread 0x000001c7ebf5aba0 nmethod 13414 0x000001c7e1d75790 code [0x000001c7e1d75940, 0x000001c7e1d75f78]
Event: 2134.656 Thread 0x000001c7ebf5aba0 13402       4       java.util.Hashtable$Enumerator::nextElement (111 bytes)
Event: 2134.660 Thread 0x000001c7ebf5aba0 nmethod 13402 0x000001c7e1d76190 code [0x000001c7e1d76300, 0x000001c7e1d76678]
Event: 2134.730 Thread 0x000001c7ebf5aba0 13417       4       org.gradle.api.internal.changedetection.state.IgnoringResourceHasher::hash (31 bytes)
Event: 2134.780 Thread 0x000001c7ebf5aba0 nmethod 13417 0x000001c7e1d76790 code [0x000001c7e1d76a80, 0x000001c7e1d78290]
Event: 2134.780 Thread 0x000001c7ebf5aba0 13418       4       org.gradle.api.internal.changedetection.state.PropertiesFileAwareClasspathResourceHasher$$Lambda$405/0x00000008010a1648::test (12 bytes)
Event: 2134.791 Thread 0x000001c7ebf5aba0 nmethod 13418 0x000001c7e1d79010 code [0x000001c7e1d79200, 0x000001c7e1d79728]
Event: 2134.791 Thread 0x000001c7ebf5aba0 13419       4       org.gradle.api.internal.changedetection.state.ZipHasher::fingerprintZipEntry (38 bytes)
Event: 2134.806 Thread 0x000001c7ebf5aba0 nmethod 13419 0x000001c7e1d79d10 code [0x000001c7e1d79ee0, 0x000001c7e1d7a988]
Event: 2135.123 Thread 0x000001c7ebfc8ff0 13420       3       sun.security.ssl.TransportContext::isOutboundClosed (8 bytes)
Event: 2135.123 Thread 0x000001c7ebfc8ff0 nmethod 13420 0x000001c7da6fa210 code [0x000001c7da6fa3a0, 0x000001c7da6fa558]
Event: 2135.229 Thread 0x000001c7ebf5aba0 13421 %     4       java.util.Arrays::fill @ 5 (21 bytes)
Event: 2135.234 Thread 0x000001c7ebf5aba0 nmethod 13421% 0x000001c7e1d7ad90 code [0x000001c7e1d7af20, 0x000001c7e1d7b158]
Event: 2135.248 Thread 0x000001c7ebf5aba0 13422   !   4       java.util.zip.ZipFile$CleanableResource::run (251 bytes)

GC Heap History (20 events):
Event: 170.889 GC heap before
{Heap before GC invocations=45 (full 0):
 garbage-first heap   total 262144K, used 194560K [0x00000000e0000000, 0x0000000100000000)
  region size 1024K, 84 young (86016K), 13 survivors (13312K)
 Metaspace       used 53836K, capacity 54865K, committed 54992K, reserved 303104K
  class space    used 6944K, capacity 7287K, committed 7296K, reserved 253952K
}
Event: 170.919 GC heap after
{Heap after GC invocations=46 (full 0):
 garbage-first heap   total 262144K, used 140288K [0x00000000e0000000, 0x0000000100000000)
  region size 1024K, 11 young (11264K), 11 survivors (11264K)
 Metaspace       used 53836K, capacity 54865K, committed 54992K, reserved 303104K
  class space    used 6944K, capacity 7287K, committed 7296K, reserved 253952K
}
Event: 172.516 GC heap before
{Heap before GC invocations=46 (full 0):
 garbage-first heap   total 262144K, used 198656K [0x00000000e0000000, 0x0000000100000000)
  region size 1024K, 68 young (69632K), 11 survivors (11264K)
 Metaspace       used 53847K, capacity 54877K, committed 54992K, reserved 303104K
  class space    used 6945K, capacity 7289K, committed 7296K, reserved 253952K
}
Event: 172.529 GC heap after
{Heap after GC invocations=47 (full 0):
 garbage-first heap   total 262144K, used 137728K [0x00000000e0000000, 0x0000000100000000)
  region size 1024K, 2 young (2048K), 2 survivors (2048K)
 Metaspace       used 53847K, capacity 54877K, committed 54992K, reserved 303104K
  class space    used 6945K, capacity 7289K, committed 7296K, reserved 253952K
}
Event: 172.912 GC heap before
{Heap before GC invocations=48 (full 0):
 garbage-first heap   total 262144K, used 174592K [0x00000000e0000000, 0x0000000100000000)
  region size 1024K, 65 young (66560K), 2 survivors (2048K)
 Metaspace       used 53828K, capacity 54849K, committed 54992K, reserved 303104K
  class space    used 6938K, capacity 7281K, committed 7296K, reserved 253952K
}
Event: 172.922 GC heap after
{Heap after GC invocations=49 (full 0):
 garbage-first heap   total 262144K, used 118784K [0x00000000e0000000, 0x0000000100000000)
  region size 1024K, 9 young (9216K), 9 survivors (9216K)
 Metaspace       used 53828K, capacity 54849K, committed 54992K, reserved 303104K
  class space    used 6938K, capacity 7281K, committed 7296K, reserved 253952K
}
Event: 172.948 GC heap before
{Heap before GC invocations=49 (full 0):
 garbage-first heap   total 262144K, used 121856K [0x00000000e0000000, 0x0000000100000000)
  region size 1024K, 12 young (12288K), 9 survivors (9216K)
 Metaspace       used 53830K, capacity 54849K, committed 54992K, reserved 303104K
  class space    used 6938K, capacity 7281K, committed 7296K, reserved 253952K
}
Event: 172.954 GC heap after
{Heap after GC invocations=50 (full 0):
 garbage-first heap   total 262144K, used 84239K [0x00000000e0000000, 0x0000000100000000)
  region size 1024K, 1 young (1024K), 1 survivors (1024K)
 Metaspace       used 53830K, capacity 54849K, committed 54992K, reserved 303104K
  class space    used 6938K, capacity 7281K, committed 7296K, reserved 253952K
}
Event: 185.649 GC heap before
{Heap before GC invocations=50 (full 0):
 garbage-first heap   total 262144K, used 204047K [0x00000000e0000000, 0x0000000100000000)
  region size 1024K, 105 young (107520K), 1 survivors (1024K)
 Metaspace       used 64568K, capacity 65962K, committed 66256K, reserved 313344K
  class space    used 8163K, capacity 8535K, committed 8576K, reserved 253952K
}
Event: 185.680 GC heap after
{Heap after GC invocations=51 (full 0):
 garbage-first heap   total 262144K, used 109143K [0x00000000e0000000, 0x0000000100000000)
  region size 1024K, 11 young (11264K), 11 survivors (11264K)
 Metaspace       used 64568K, capacity 65962K, committed 66256K, reserved 313344K
  class space    used 8163K, capacity 8535K, committed 8576K, reserved 253952K
}
Event: 189.380 GC heap before
{Heap before GC invocations=51 (full 0):
 garbage-first heap   total 262144K, used 198231K [0x00000000e0000000, 0x0000000100000000)
  region size 1024K, 98 young (100352K), 11 survivors (11264K)
 Metaspace       used 73769K, capacity 75208K, committed 75344K, reserved 321536K
  class space    used 9246K, capacity 9663K, committed 9728K, reserved 253952K
}
Event: 189.425 GC heap after
{Heap after GC invocations=52 (full 0):
 garbage-first heap   total 262144K, used 115554K [0x00000000e0000000, 0x0000000100000000)
  region size 1024K, 7 young (7168K), 7 survivors (7168K)
 Metaspace       used 73769K, capacity 75208K, committed 75344K, reserved 321536K
  class space    used 9246K, capacity 9663K, committed 9728K, reserved 253952K
}
Event: 889.411 GC heap before
{Heap before GC invocations=52 (full 0):
 garbage-first heap   total 262144K, used 201570K [0x00000000e0000000, 0x0000000100000000)
  region size 1024K, 92 young (94208K), 7 survivors (7168K)
 Metaspace       used 78191K, capacity 79863K, committed 79952K, reserved 325632K
  class space    used 9794K, capacity 10237K, committed 10240K, reserved 253952K
}
Event: 889.450 GC heap after
{Heap after GC invocations=53 (full 0):
 garbage-first heap   total 262144K, used 120162K [0x00000000e0000000, 0x0000000100000000)
  region size 1024K, 11 young (11264K), 11 survivors (11264K)
 Metaspace       used 78191K, capacity 79863K, committed 79952K, reserved 325632K
  class space    used 9794K, capacity 10237K, committed 10240K, reserved 253952K
}
Event: 2131.083 GC heap before
{Heap before GC invocations=53 (full 0):
 garbage-first heap   total 262144K, used 206178K [0x00000000e0000000, 0x0000000100000000)
  region size 1024K, 96 young (98304K), 11 survivors (11264K)
 Metaspace       used 82466K, capacity 84591K, committed 84688K, reserved 329728K
  class space    used 10244K, capacity 10803K, committed 10880K, reserved 253952K
}
Event: 2131.125 GC heap after
{Heap after GC invocations=54 (full 0):
 garbage-first heap   total 262144K, used 122701K [0x00000000e0000000, 0x0000000100000000)
  region size 1024K, 8 young (8192K), 8 survivors (8192K)
 Metaspace       used 82466K, capacity 84591K, committed 84688K, reserved 329728K
  class space    used 10244K, capacity 10803K, committed 10880K, reserved 253952K
}
Event: 2134.313 GC heap before
{Heap before GC invocations=54 (full 0):
 garbage-first heap   total 262144K, used 212813K [0x00000000e0000000, 0x0000000100000000)
  region size 1024K, 94 young (96256K), 8 survivors (8192K)
 Metaspace       used 83559K, capacity 85784K, committed 86096K, reserved 329728K
  class space    used 10334K, capacity 10919K, committed 11008K, reserved 253952K
}
Event: 2134.351 GC heap after
{Heap after GC invocations=55 (full 0):
 garbage-first heap   total 262144K, used 137077K [0x00000000e0000000, 0x0000000100000000)
  region size 1024K, 12 young (12288K), 12 survivors (12288K)
 Metaspace       used 83559K, capacity 85784K, committed 86096K, reserved 329728K
  class space    used 10334K, capacity 10919K, committed 11008K, reserved 253952K
}
Event: 2134.860 GC heap before
{Heap before GC invocations=55 (full 0):
 garbage-first heap   total 262144K, used 208757K [0x00000000e0000000, 0x0000000100000000)
  region size 1024K, 83 young (84992K), 12 survivors (12288K)
 Metaspace       used 83566K, capacity 85784K, committed 86096K, reserved 329728K
  class space    used 10334K, capacity 10919K, committed 11008K, reserved 253952K
}
Event: 2134.903 GC heap after
{Heap after GC invocations=56 (full 0):
 garbage-first heap   total 262144K, used 155648K [0x00000000e0000000, 0x0000000100000000)
  region size 1024K, 11 young (11264K), 11 survivors (11264K)
 Metaspace       used 83566K, capacity 85784K, committed 86096K, reserved 329728K
  class space    used 10334K, capacity 10919K, committed 11008K, reserved 253952K
}

Deoptimization events (20 events):
Event: 2134.544 Thread 0x000001c7ee5a5480 DEOPT PACKING pc=0x000001c7da8a3399 sp=0x0000001f933f8a70
Event: 2134.544 Thread 0x000001c7ee5a5480 DEOPT UNPACKING pc=0x000001c7d9bfe23f sp=0x0000001f933f7f60 mode 0
Event: 2134.545 Thread 0x000001c7ee5a5480 DEOPT PACKING pc=0x000001c7da467ad6 sp=0x0000001f933f8aa0
Event: 2134.545 Thread 0x000001c7ee5a5480 DEOPT UNPACKING pc=0x000001c7d9bfe23f sp=0x0000001f933f7f68 mode 0
Event: 2134.545 Thread 0x000001c7ee5a5480 DEOPT PACKING pc=0x000001c7da8a3399 sp=0x0000001f933f8a70
Event: 2134.545 Thread 0x000001c7ee5a5480 DEOPT UNPACKING pc=0x000001c7d9bfe23f sp=0x0000001f933f7f60 mode 0
Event: 2134.545 Thread 0x000001c7ee5a5480 DEOPT PACKING pc=0x000001c7da8a3399 sp=0x0000001f933f8a70
Event: 2134.545 Thread 0x000001c7ee5a5480 DEOPT UNPACKING pc=0x000001c7d9bfe23f sp=0x0000001f933f7f60 mode 0
Event: 2134.545 Thread 0x000001c7ee5a5480 DEOPT PACKING pc=0x000001c7da467ad6 sp=0x0000001f933f8aa0
Event: 2134.545 Thread 0x000001c7ee5a5480 DEOPT UNPACKING pc=0x000001c7d9bfe23f sp=0x0000001f933f7f68 mode 0
Event: 2134.546 Thread 0x000001c7ee5a5480 DEOPT PACKING pc=0x000001c7da8a3399 sp=0x0000001f933f8a70
Event: 2134.546 Thread 0x000001c7ee5a5480 DEOPT UNPACKING pc=0x000001c7d9bfe23f sp=0x0000001f933f7f60 mode 0
Event: 2134.546 Thread 0x000001c7ee5a5480 DEOPT PACKING pc=0x000001c7da467ad6 sp=0x0000001f933f8aa0
Event: 2134.546 Thread 0x000001c7ee5a5480 DEOPT UNPACKING pc=0x000001c7d9bfe23f sp=0x0000001f933f7f68 mode 0
Event: 2135.120 Thread 0x000001c7ebf35a60 DEOPT PACKING pc=0x000001c7db7d77d5 sp=0x0000001f924ff080
Event: 2135.120 Thread 0x000001c7ebf35a60 DEOPT UNPACKING pc=0x000001c7d9bfe23f sp=0x0000001f924fe510 mode 0
Event: 2135.229 Thread 0x000001c7ee5a5480 DEOPT PACKING pc=0x000001c7da454eef sp=0x0000001f933f8d90
Event: 2135.229 Thread 0x000001c7ee5a5480 DEOPT UNPACKING pc=0x000001c7d9bfe23f sp=0x0000001f933f8228 mode 0
Event: 2135.248 Thread 0x000001c7ee5a5480 DEOPT PACKING pc=0x000001c7da6d392b sp=0x0000001f933f8eb0
Event: 2135.248 Thread 0x000001c7ee5a5480 DEOPT UNPACKING pc=0x000001c7d9bfe23f sp=0x0000001f933f8338 mode 0

Classes unloaded (20 events):
Event: 2135.072 Thread 0x000001c7ebf34b40 Unloading class 0x0000000800c5b840 'jdk/internal/reflect/GeneratedSerializationConstructorAccessor6'
Event: 2135.072 Thread 0x000001c7ebf34b40 Unloading class 0x0000000800c5c440 'jdk/internal/reflect/GeneratedSerializationConstructorAccessor5'
Event: 2135.072 Thread 0x000001c7ebf34b40 Unloading class 0x0000000800c5c040 'jdk/internal/reflect/GeneratedSerializationConstructorAccessor4'
Event: 2135.072 Thread 0x000001c7ebf34b40 Unloading class 0x0000000800c5cc40 'jdk/internal/reflect/GeneratedSerializationConstructorAccessor3'
Event: 2135.072 Thread 0x000001c7ebf34b40 Unloading class 0x0000000800c5c840 'jdk/internal/reflect/GeneratedSerializationConstructorAccessor2'
Event: 2135.072 Thread 0x000001c7ebf34b40 Unloading class 0x0000000800c5d440 'jdk/internal/reflect/GeneratedSerializationConstructorAccessor1'
Event: 2135.072 Thread 0x000001c7ebf34b40 Unloading class 0x0000000800c58440 'java/lang/invoke/LambdaForm$DMH+0x0000000800c58440'
Event: 2135.073 Thread 0x000001c7ebf34b40 Unloading class 0x0000000800c34440 'java/lang/invoke/LambdaForm$DMH+0x0000000800c34440'
Event: 2135.073 Thread 0x000001c7ebf34b40 Unloading class 0x0000000800c35440 'java/lang/invoke/LambdaForm$MH+0x0000000800c35440'
Event: 2135.073 Thread 0x000001c7ebf34b40 Unloading class 0x0000000800c35040 'java/lang/invoke/LambdaForm$MH+0x0000000800c35040'
Event: 2135.073 Thread 0x000001c7ebf34b40 Unloading class 0x0000000800c35c40 'java/lang/invoke/LambdaForm$MH+0x0000000800c35c40'
Event: 2135.073 Thread 0x000001c7ebf34b40 Unloading class 0x0000000800c35840 'java/lang/invoke/LambdaForm$MH+0x0000000800c35840'
Event: 2135.073 Thread 0x000001c7ebf34b40 Unloading class 0x0000000800c36040 'java/lang/invoke/LambdaForm$MH+0x0000000800c36040'
Event: 2135.073 Thread 0x000001c7ebf34b40 Unloading class 0x0000000800c37840 'java/lang/invoke/LambdaForm$MH+0x0000000800c37840'
Event: 2135.073 Thread 0x000001c7ebf34b40 Unloading class 0x0000000800c33440 'java/lang/invoke/LambdaForm$MH+0x0000000800c33440'
Event: 2135.073 Thread 0x000001c7ebf34b40 Unloading class 0x0000000800c32c40 'java/lang/invoke/LambdaForm$MH+0x0000000800c32c40'
Event: 2135.073 Thread 0x000001c7ebf34b40 Unloading class 0x0000000800c32840 'java/lang/invoke/LambdaForm$MH+0x0000000800c32840'
Event: 2135.073 Thread 0x000001c7ebf34b40 Unloading class 0x0000000800c32440 'java/lang/invoke/LambdaForm$MH+0x0000000800c32440'
Event: 2135.073 Thread 0x000001c7ebf34b40 Unloading class 0x0000000800c32040 'java/lang/invoke/LambdaForm$MH+0x0000000800c32040'
Event: 2135.073 Thread 0x000001c7ebf34b40 Unloading class 0x0000000800c31840 'java/lang/invoke/LambdaForm$MH+0x0000000800c31840'

Classes redefined (0 events):
No events

Internal exceptions (20 events):
Event: 893.757 Thread 0x000001c7ed4c9ac0 Exception <a 'java/lang/ClassNotFoundException'{0x00000000ecc0b3f8}: org/jetbrains/plugins/gradle/model/DefaultExternalSourceDirectorySetCustomizer> (0x00000000ecc0b3f8) 
thrown [./open/src/hotspot/share/classfile/systemDictionary.cpp, line 295]
Event: 893.783 Thread 0x000001c7ed4c9ac0 Exception <a 'java/lang/ClassNotFoundException'{0x00000000ecc56438}: com/intellij/openapi/externalSystem/model/project/ExternalSystemSourceTypeBeanInfo> (0x00000000ecc56438) 
thrown [./open/src/hotspot/share/classfile/systemDictionary.cpp, line 295]
Event: 893.783 Thread 0x000001c7ed4c9ac0 Exception <a 'java/lang/ClassNotFoundException'{0x00000000ecc5f8a8}: com/intellij/openapi/externalSystem/model/project/ExternalSystemSourceTypeCustomizer> (0x00000000ecc5f8a8) 
thrown [./open/src/hotspot/share/classfile/systemDictionary.cpp, line 295]
Event: 893.785 Thread 0x000001c7ed4c9ac0 Exception <a 'java/lang/ClassNotFoundException'{0x00000000ecc817f0}: org/jetbrains/plugins/gradle/tooling/util/resolve/DependencyResolverImplBeanInfo> (0x00000000ecc817f0) 
thrown [./open/src/hotspot/share/classfile/systemDictionary.cpp, line 295]
Event: 893.786 Thread 0x000001c7ed4c9ac0 Exception <a 'java/lang/ClassNotFoundException'{0x00000000ecc8ac40}: org/jetbrains/plugins/gradle/tooling/util/resolve/DependencyResolverImplCustomizer> (0x00000000ecc8ac40) 
thrown [./open/src/hotspot/share/classfile/systemDictionary.cpp, line 295]
Event: 2130.763 Thread 0x000001c7ee5a4610 Exception <a 'sun/nio/fs/WindowsException'{0x00000000ead46238}> (0x00000000ead46238) 
thrown [./open/src/hotspot/share/prims/jni.cpp, line 578]
Event: 2130.764 Thread 0x000001c7ee5a4610 Exception <a 'sun/nio/fs/WindowsException'{0x00000000ead46428}> (0x00000000ead46428) 
thrown [./open/src/hotspot/share/prims/jni.cpp, line 578]
Event: 2131.040 Thread 0x000001c7ee5a5480 Implicit null exception at 0x000001c7e1a3098d to 0x000001c7e1a30c5c
Event: 2131.040 Thread 0x000001c7ee5a5480 Implicit null exception at 0x000001c7e1a3098d to 0x000001c7e1a30c5c
Event: 2131.040 Thread 0x000001c7ee5a5480 Implicit null exception at 0x000001c7e1a3098d to 0x000001c7e1a30c5c
Event: 2131.040 Thread 0x000001c7ee5a5480 Implicit null exception at 0x000001c7e1a3098d to 0x000001c7e1a30c5c
Event: 2131.862 Thread 0x000001c7ee5a4610 Exception <a 'sun/nio/fs/WindowsException'{0x00000000eef6c498}> (0x00000000eef6c498) 
thrown [./open/src/hotspot/share/prims/jni.cpp, line 578]
Event: 2131.868 Thread 0x000001c7ee5a4610 Exception <a 'sun/nio/fs/WindowsException'{0x00000000eef6c610}> (0x00000000eef6c610) 
thrown [./open/src/hotspot/share/prims/jni.cpp, line 578]
Event: 2131.875 Thread 0x000001c7ee5a5480 Exception <a 'java/lang/ClassNotFoundException'{0x00000000eefc51d8}: ijresolvers_2khqk5vo6bpwjvalezacqxtmkBeanInfo> (0x00000000eefc51d8) 
thrown [./open/src/hotspot/share/classfile/systemDictionary.cpp, line 295]
Event: 2131.876 Thread 0x000001c7ee5a5480 Exception <a 'java/lang/ClassNotFoundException'{0x00000000eefcac48}: ijresolvers_2khqk5vo6bpwjvalezacqxtmkCustomizer> (0x00000000eefcac48) 
thrown [./open/src/hotspot/share/classfile/systemDictionary.cpp, line 295]
Event: 2131.886 Thread 0x000001c7ee5a5480 Exception <a 'java/lang/ClassNotFoundException'{0x00000000eee14158}: org/gradle/execution/taskgraph/DefaultTaskExecutionGraphBeanInfo> (0x00000000eee14158) 
thrown [./open/src/hotspot/share/classfile/systemDictionary.cpp, line 295]
Event: 2131.887 Thread 0x000001c7ee5a5480 Exception <a 'java/lang/ClassNotFoundException'{0x00000000eee1fd10}: org/gradle/execution/taskgraph/DefaultTaskExecutionGraphCustomizer> (0x00000000eee1fd10) 
thrown [./open/src/hotspot/share/classfile/systemDictionary.cpp, line 295]
Event: 2132.275 Thread 0x000001c7ee5a5480 Implicit null exception at 0x000001c7e1bd28a0 to 0x000001c7e1bd2cf4
Event: 2132.276 Thread 0x000001c7ee5a5480 Implicit null exception at 0x000001c7e1849c20 to 0x000001c7e184a0a4
Event: 2135.227 Thread 0x000001c7ee5a5480 Exception <a 'java/lang/OutOfMemoryError'{0x00000000ee9b9160}> (0x00000000ee9b9160) 
thrown [./open/src/hotspot/share/prims/jni.cpp, line 599]

Events (20 events):
Event: 2134.116 Thread 0x000001c7ebfc9500 flushing nmethod 0x000001c7da7c6a10
Event: 2134.116 Thread 0x000001c7ebfc9500 flushing nmethod 0x000001c7da7dd590
Event: 2134.116 Thread 0x000001c7ebfc9500 flushing nmethod 0x000001c7da7e3190
Event: 2134.116 Thread 0x000001c7ebfc9500 flushing nmethod 0x000001c7da7f5a10
Event: 2134.116 Thread 0x000001c7ebfc9500 flushing nmethod 0x000001c7da7f6510
Event: 2134.117 Thread 0x000001c7ebfc9500 flushing nmethod 0x000001c7da823890
Event: 2134.117 Thread 0x000001c7ebfc9500 flushing nmethod 0x000001c7da837b90
Event: 2134.118 Thread 0x000001c7ebfc9500 flushing nmethod 0x000001c7da91af10
Event: 2134.119 Thread 0x000001c7ebfc9500 flushing nmethod 0x000001c7daa86490
Event: 2134.132 Thread 0x000001c7ebfc9500 flushing nmethod 0x000001c7db4ca090
Event: 2134.313 Executing VM operation: G1CollectForAllocation
Event: 2134.351 Executing VM operation: G1CollectForAllocation done
Event: 2134.860 Executing VM operation: G1CollectForAllocation
Event: 2134.903 Executing VM operation: G1CollectForAllocation done
Event: 2134.903 Executing VM operation: HandshakeAllThreads
Event: 2134.903 Executing VM operation: HandshakeAllThreads done
Event: 2135.060 Executing VM operation: G1Concurrent
Event: 2135.118 Executing VM operation: G1Concurrent done
Event: 2135.199 Executing VM operation: G1Concurrent
Event: 2135.200 Executing VM operation: G1Concurrent done


Dynamic libraries:
0x00007ff7a7dc0000 - 0x00007ff7a7dcf000 	C:\Program Files\Java\jdk-15.0.2\bin\java.exe
0x00007ffb40eb0000 - 0x00007ffb410a5000 	C:\windows\SYSTEM32\ntdll.dll
0x00007ffb3f220000 - 0x00007ffb3f2dd000 	C:\windows\System32\KERNEL32.DLL
0x00007ffb3e8e0000 - 0x00007ffb3eba9000 	C:\windows\System32\KERNELBASE.dll
0x00007ffb3ee10000 - 0x00007ffb3ef10000 	C:\windows\System32\ucrtbase.dll
0x00007ffb20080000 - 0x00007ffb20098000 	C:\Program Files\Java\jdk-15.0.2\bin\jli.dll
0x00007ffb3f170000 - 0x00007ffb3f21c000 	C:\windows\System32\ADVAPI32.dll
0x00007ffb403a0000 - 0x00007ffb4043e000 	C:\windows\System32\msvcrt.dll
0x00007ffb3fd60000 - 0x00007ffb3fdfc000 	C:\windows\System32\sechost.dll
0x00007ffb3f490000 - 0x00007ffb3f5bb000 	C:\windows\System32\RPCRT4.dll
0x00007ffb3f2e0000 - 0x00007ffb3f480000 	C:\windows\System32\USER32.dll
0x00007ffb3ec80000 - 0x00007ffb3eca2000 	C:\windows\System32\win32u.dll
0x00007ffb3efc0000 - 0x00007ffb3efea000 	C:\windows\System32\GDI32.dll
0x00007ffb3e7d0000 - 0x00007ffb3e8db000 	C:\windows\System32\gdi32full.dll
0x00007ffb3e620000 - 0x00007ffb3e6bd000 	C:\windows\System32\msvcp_win.dll
0x00007ffb1bfd0000 - 0x00007ffb1bfe9000 	C:\Program Files\Java\jdk-15.0.2\bin\VCRUNTIME140.dll
0x00007ffb24e70000 - 0x00007ffb2510a000 	C:\windows\WinSxS\amd64_microsoft.windows.common-controls_6595b64144ccf1df_6.0.19041.844_none_ca00b6081b84eb1d\COMCTL32.dll
0x00007ffb36420000 - 0x00007ffb3642a000 	C:\windows\SYSTEM32\VERSION.dll
0x00007ffb40e30000 - 0x00007ffb40e60000 	C:\windows\System32\IMM32.DLL
0x00007ffb20070000 - 0x00007ffb2007c000 	C:\Program Files\Java\jdk-15.0.2\bin\vcruntime140_1.dll
0x00007ffb1a330000 - 0x00007ffb1a3c1000 	C:\Program Files\Java\jdk-15.0.2\bin\msvcp140.dll
0x00007ffb001c0000 - 0x00007ffb00d1e000 	C:\Program Files\Java\jdk-15.0.2\bin\server\jvm.dll
0x00007ffb3f480000 - 0x00007ffb3f488000 	C:\windows\System32\PSAPI.DLL
0x00007ffb126e0000 - 0x00007ffb126e9000 	C:\windows\SYSTEM32\WSOCK32.dll
0x00007ffb40d60000 - 0x00007ffb40dcb000 	C:\windows\System32\WS2_32.dll
0x00007ffb1a600000 - 0x00007ffb1a627000 	C:\windows\SYSTEM32\WINMM.dll
0x00007ffb3c530000 - 0x00007ffb3c542000 	C:\windows\SYSTEM32\kernel.appcore.dll
0x00007ffb1bfc0000 - 0x00007ffb1bfca000 	C:\Program Files\Java\jdk-15.0.2\bin\jimage.dll
0x00007ffb356a0000 - 0x00007ffb35884000 	C:\windows\SYSTEM32\DBGHELP.DLL
0x00007ffb35670000 - 0x00007ffb3569c000 	C:\windows\SYSTEM32\dbgcore.DLL
0x00007ffb3ec00000 - 0x00007ffb3ec80000 	C:\windows\System32\bcryptPrimitives.dll
0x00007ffb1bef0000 - 0x00007ffb1bf15000 	C:\Program Files\Java\jdk-15.0.2\bin\java.dll
0x00007ffb405b0000 - 0x00007ffb40cf2000 	C:\windows\System32\SHELL32.dll
0x00007ffb3c730000 - 0x00007ffb3cec0000 	C:\windows\SYSTEM32\windows.storage.dll
0x00007ffb3f840000 - 0x00007ffb3fb95000 	C:\windows\System32\combase.dll
0x00007ffb3dec0000 - 0x00007ffb3deec000 	C:\windows\SYSTEM32\Wldp.dll
0x00007ffb3ef10000 - 0x00007ffb3efbe000 	C:\windows\System32\SHCORE.dll
0x00007ffb40d00000 - 0x00007ffb40d55000 	C:\windows\System32\shlwapi.dll
0x00007ffb3e530000 - 0x00007ffb3e54f000 	C:\windows\SYSTEM32\profapi.dll
0x00007ffb1bd60000 - 0x00007ffb1bd79000 	C:\Program Files\Java\jdk-15.0.2\bin\net.dll
0x00007ffb36760000 - 0x00007ffb3686c000 	C:\windows\SYSTEM32\WINHTTP.dll
0x00007ffb3dcb0000 - 0x00007ffb3dd1a000 	C:\windows\system32\mswsock.dll
0x00007ffb1bcf0000 - 0x00007ffb1bd02000 	C:\Program Files\Java\jdk-15.0.2\bin\nio.dll
0x00007ffb1bcd0000 - 0x00007ffb1bce8000 	C:\Program Files\Java\jdk-15.0.2\bin\zip.dll
0x00007ffb1bde0000 - 0x00007ffb1bdf0000 	C:\Program Files\Java\jdk-15.0.2\bin\verify.dll
0x00007ffb26980000 - 0x00007ffb269a7000 	C:\Users\mystic\.gradle\native\fdc75f09e3144964f2cf3f50f0aa648679c211496f362492102eb8c894070792\windows-amd64\native-platform.dll
0x00007ffafb300000 - 0x00007ffafb496000 	C:\Users\mystic\.gradle\native\12488b8bf47d2d4c9fbf2f6322a914ad602e24e48041cd04a747c6da556b65c4\windows-amd64\native-platform-file-events.dll
0x00007ffb1bdb0000 - 0x00007ffb1bdb9000 	C:\Program Files\Java\jdk-15.0.2\bin\management.dll
0x00007ffb1bd50000 - 0x00007ffb1bd5b000 	C:\Program Files\Java\jdk-15.0.2\bin\management_ext.dll
0x00007ffb3e1f0000 - 0x00007ffb3e208000 	C:\windows\SYSTEM32\CRYPTSP.dll
0x00007ffb3d670000 - 0x00007ffb3d6a4000 	C:\windows\system32\rsaenh.dll
0x00007ffb3e5f0000 - 0x00007ffb3e617000 	C:\windows\System32\bcrypt.dll
0x00007ffb3e4b0000 - 0x00007ffb3e4de000 	C:\windows\SYSTEM32\USERENV.dll
0x00007ffb3de30000 - 0x00007ffb3de3c000 	C:\windows\SYSTEM32\CRYPTBASE.dll
0x00007ffb3d9c0000 - 0x00007ffb3d9fb000 	C:\windows\SYSTEM32\IPHLPAPI.DLL
0x00007ffb40e60000 - 0x00007ffb40e68000 	C:\windows\System32\NSI.dll
0x00007ffb368e0000 - 0x00007ffb368f7000 	C:\windows\SYSTEM32\dhcpcsvc6.DLL
0x00007ffb36740000 - 0x00007ffb3675d000 	C:\windows\SYSTEM32\dhcpcsvc.DLL
0x00007ffb3da00000 - 0x00007ffb3dacb000 	C:\windows\SYSTEM32\DNSAPI.dll
0x00007ffb36cb0000 - 0x00007ffb36cbb000 	C:\windows\SYSTEM32\WINNSI.DLL
0x00007ffb3a110000 - 0x00007ffb3a11d000 	C:\Program Files\Java\jdk-15.0.2\bin\sunmscapi.dll
0x00007ffb3ecb0000 - 0x00007ffb3ee0f000 	C:\windows\System32\CRYPT32.dll
0x00007ffb3df30000 - 0x00007ffb3df57000 	C:\windows\SYSTEM32\ncrypt.dll
0x00007ffb3def0000 - 0x00007ffb3df2b000 	C:\windows\SYSTEM32\NTASN1.dll
0x00007ffb35520000 - 0x00007ffb3552a000 	C:\Windows\System32\rasadhlp.dll
0x00007ffb35d40000 - 0x00007ffb35dbf000 	C:\windows\System32\fwpuclnt.dll

dbghelp: loaded successfully - version: 4.0.5 - missing functions: none
symbol engine: initialized successfully - sym options: 0x614 - pdb path: .;C:\Program Files\Java\jdk-15.0.2\bin;C:\windows\SYSTEM32;C:\windows\WinSxS\amd64_microsoft.windows.common-controls_6595b64144ccf1df_6.0.19041.844_none_ca00b6081b84eb1d;C:\Program Files\Java\jdk-15.0.2\bin\server;C:\Users\mystic\.gradle\native\fdc75f09e3144964f2cf3f50f0aa648679c211496f362492102eb8c894070792\windows-amd64;C:\Users\mystic\.gradle\native\12488b8bf47d2d4c9fbf2f6322a914ad602e24e48041cd04a747c6da556b65c4\windows-amd64

VM Arguments:
jvm_args: --add-opens=java.base/java.util=ALL-UNNAMED --add-opens=java.base/java.lang=ALL-UNNAMED --add-opens=java.base/java.lang.invoke=ALL-UNNAMED --add-opens=java.prefs/java.util.prefs=ALL-UNNAMED -XX:MaxMetaspaceSize=256m -XX:+HeapDumpOnOutOfMemoryError -Xms256m -Xmx512m -Dfile.encoding=windows-1252 -Duser.country=US -Duser.language=en -Duser.variant 
java_command: org.gradle.launcher.daemon.bootstrap.GradleDaemon 6.8
java_class_path (initial): C:\Users\mystic\.gradle\wrapper\dists\gradle-6.8-bin\1jblhjyydfkclfzx1agp92nyl\gradle-6.8\lib\gradle-launcher-6.8.jar
Launcher Type: SUN_STANDARD

[Global flags]
     intx CICompilerCount                          = 2                                         {product} {ergonomic}
   size_t CompressedClassSpaceSize                 = 260046848                                 {product} {ergonomic}
     uint ConcGCThreads                            = 1                                         {product} {ergonomic}
     uint G1ConcRefinementThreads                  = 2                                         {product} {ergonomic}
   size_t G1HeapRegionSize                         = 1048576                                   {product} {ergonomic}
    uintx GCDrainStackTargetSize                   = 64                                        {product} {ergonomic}
     bool HeapDumpOnOutOfMemoryError               = true                                   {manageable} {command line}
   size_t InitialHeapSize                          = 268435456                                 {product} {command line}
   size_t MarkStackSize                            = 4194304                                   {product} {ergonomic}
   size_t MaxHeapSize                              = 536870912                                 {product} {command line}
   size_t MaxMetaspaceSize                         = 268435456                                 {product} {command line}
   size_t MaxNewSize                               = 321912832                                 {product} {ergonomic}
   size_t MinHeapDeltaBytes                        = 1048576                                   {product} {ergonomic}
   size_t MinHeapSize                              = 268435456                                 {product} {command line}
    uintx NonNMethodCodeHeapSize                   = 5826188                                {pd product} {ergonomic}
    uintx NonProfiledCodeHeapSize                  = 122916026                              {pd product} {ergonomic}
    uintx ProfiledCodeHeapSize                     = 122916026                              {pd product} {ergonomic}
    uintx ReservedCodeCacheSize                    = 251658240                              {pd product} {ergonomic}
     bool SegmentedCodeCache                       = true                                      {product} {ergonomic}
   size_t SoftMaxHeapSize                          = 536870912                              {manageable} {ergonomic}
     bool UseCompressedClassPointers               = true                                 {lp64_product} {ergonomic}
     bool UseCompressedOops                        = true                                 {lp64_product} {ergonomic}
     bool UseG1GC                                  = true                                      {product} {ergonomic}
     bool UseLargePagesIndividualAllocation        = false                                  {pd product} {ergonomic}

Logging:
Log output configuration:
 #0: stdout all=warning uptime,level,tags
 #1: stderr all=off uptime,level,tags

Environment Variables:
PATH=C:\Program Files (x86)\Microsoft SDKs\Azure\CLI2\wbin;C:\Program Files\Common Files\Oracle\Java\javapath;C:\Python39\Scripts\;C:\Python39\;C:\windows\system32;C:\windows;C:\windows\System32\Wbem;C:\windows\System32\WindowsPowerShell\v1.0\;C:\windows\System32\OpenSSH\;C:\Program Files\Microsoft SQL Server\130\Tools\Binn\;C:\Program Files\Microsoft SQL Server\Client SDK\ODBC\170\Tools\Binn\;C:\Program Files\nodejs\;C:\ProgramData\chocolatey\bin;C:\Program Files\Java\jdk-15.0.2\bin;C:\Program Files\Git\cmd;C:\Program Files\dotnet\;C:\Program Files\Docker\Docker\resources\bin;C:\ProgramData\DockerDesktop\version-bin;C:\Users\mystic\AppData\Local\Microsoft\WindowsApps;C:\Users\mystic\AppData\Roaming\npm;C:\Users\mystic\AppData\Local\Programs\Microsoft VS Code\bin;C:\Users\mystic\.dotnet\tools;C:\Program Files\JetBrains\IntelliJ IDEA Community Edition 2021.1.1\bin;
USERNAME=mystic
OS=Windows_NT
PROCESSOR_IDENTIFIER=Intel64 Family 6 Model 85 Stepping 4, GenuineIntel



---------------  S Y S T E M  ---------------

OS:
 Windows 10 , 64 bit Build 19041 (10.0.19041.804)
OS uptime: 0 days 6:29 hours
HyperV virtualization detected

CPU: total 2 (initial active 2) (1 cores per cpu, 2 threads per core) family 6 model 85 stepping 4 microcode 0xffffffff, cmov, cx8, fxsr, mmx, sse, sse2, sse3, ssse3, sse4.1, sse4.2, popcnt, vzeroupper, avx, avx2, aes, clmul, erms, rtm, 3dnowpref, lzcnt, ht, tsc, bmi1, bmi2, adx, fma, clflush, clflushopt

Memory: 4k page, system-wide physical 8191M (1219M free)
TotalPageFile size 10239M (AvailPageFile size 35M)
current process WorkingSet (physical memory assigned to process): 620M, peak: 637M
current process commit charge ("private bytes"): 718M, peak: 966M

vm_info: Java HotSpot(TM) 64-Bit Server VM (15.0.2+7-27) for windows-amd64 JRE (15.0.2+7-27), built on Dec  7 2020 20:07:01 by "mach5one" with unknown MS VC++:1925

END.
